# JRE version: Java(TM) SE Runtime Environment (8.0_65-b17) (build 1.8.0_65-b17)
# Java VM: Java HotSpot(TM) 64-Bit Server VM (25.65-b01 mixed mode bsd-amd64 compressed oops)
Heap:
 PSYoungGen      total 268288K, used 171940K [0x000000076ab00000, 0x000000078a180000, 0x00000007c0000000)
  eden space 250368K, 68% used [0x000000076ab00000,0x00000007752e90f0,0x0000000779f80000)
  from space 17920K, 0% used [0x0000000779f80000,0x0000000779f80000,0x000000077b100000)
  to   space 19456K, 0% used [0x0000000788e80000,0x0000000788e80000,0x000000078a180000)
 ParOldGen       total 129536K, used 27871K [0x00000006c0000000, 0x00000006c7e80000, 0x000000076ab00000)
  object space 129536K, 21% used [0x00000006c0000000,0x00000006c1b37d98,0x00000006c7e80000)
 Metaspace       used 48727K, capacity 49478K, committed 49536K, reserved 1093632K
  class space    used 5842K, capacity 6006K, committed 6016K, reserved 1048576K
GC Heap History (10 events):
Event: 11.588 GC heap before
{Heap before GC invocations=5 (full 1):
 PSYoungGen      total 141824K, used 10724K [0x000000076ab00000, 0x0000000774000000, 0x00000007c0000000)
  eden space 131072K, 0% used [0x000000076ab00000,0x000000076ab00000,0x0000000772b00000)
  from space 10752K, 99% used [0x0000000773580000,0x0000000773ff9240,0x0000000774000000)
  to   space 10752K, 0% used [0x0000000772b00000,0x0000000772b00000,0x0000000773580000)
 ParOldGen       total 175104K, used 2896K [0x00000006c0000000, 0x00000006cab00000, 0x000000076ab00000)
  object space 175104K, 1% used [0x00000006c0000000,0x00000006c02d4338,0x00000006cab00000)
 Metaspace       used 20918K, capacity 21218K, committed 21296K, reserved 1069056K
  class space    used 2556K, capacity 2678K, committed 2688K, reserved 1048576K
Event: 11.620 GC heap after
Heap after GC invocations=5 (full 1):
 PSYoungGen      total 141824K, used 0K [0x000000076ab00000, 0x0000000774000000, 0x00000007c0000000)
  eden space 131072K, 0% used [0x000000076ab00000,0x000000076ab00000,0x0000000772b00000)
  from space 10752K, 0% used [0x0000000773580000,0x0000000773580000,0x0000000774000000)
  to   space 10752K, 0% used [0x0000000772b00000,0x0000000772b00000,0x0000000773580000)
 ParOldGen       total 83456K, used 11045K [0x00000006c0000000, 0x00000006c5180000, 0x000000076ab00000)
  object space 83456K, 13% used [0x00000006c0000000,0x00000006c0ac94e8,0x00000006c5180000)
 Metaspace       used 20918K, capacity 21218K, committed 21296K, reserved 1069056K
  class space    used 2556K, capacity 2678K, committed 2688K, reserved 1048576K
}
Event: 12.466 GC heap before
{Heap before GC invocations=6 (full 1):
 PSYoungGen      total 141824K, used 131072K [0x000000076ab00000, 0x0000000774000000, 0x00000007c0000000)
  eden space 131072K, 100% used [0x000000076ab00000,0x0000000772b00000,0x0000000772b00000)
  from space 10752K, 0% used [0x0000000773580000,0x0000000773580000,0x0000000774000000)
  to   space 10752K, 0% used [0x0000000772b00000,0x0000000772b00000,0x0000000773580000)
 ParOldGen       total 83456K, used 11045K [0x00000006c0000000, 0x00000006c5180000, 0x000000076ab00000)
  object space 83456K, 13% used [0x00000006c0000000,0x00000006c0ac94e8,0x00000006c5180000)
 Metaspace       used 27700K, capacity 28038K, committed 28416K, reserved 1075200K
  class space    used 3416K, capacity 3516K, committed 3584K, reserved 1048576K
Event: 12.478 GC heap after
Heap after GC invocations=6 (full 1):
 PSYoungGen      total 141824K, used 10726K [0x000000076ab00000, 0x000000077c680000, 0x00000007c0000000)
  eden space 131072K, 0% used [0x000000076ab00000,0x000000076ab00000,0x0000000772b00000)
  from space 10752K, 99% used [0x0000000772b00000,0x0000000773579928,0x0000000773580000)
  to   space 18944K, 0% used [0x000000077b400000,0x000000077b400000,0x000000077c680000)
 ParOldGen       total 83456K, used 21026K [0x00000006c0000000, 0x00000006c5180000, 0x000000076ab00000)
  object space 83456K, 25% used [0x00000006c0000000,0x00000006c14889e0,0x00000006c5180000)
 Metaspace       used 27700K, capacity 28038K, committed 28416K, reserved 1075200K
  class space    used 3416K, capacity 3516K, committed 3584K, reserved 1048576K
}
Event: 13.304 GC heap before
{Heap before GC invocations=7 (full 1):
 PSYoungGen      total 141824K, used 141798K [0x000000076ab00000, 0x000000077c680000, 0x00000007c0000000)
  eden space 131072K, 100% used [0x000000076ab00000,0x0000000772b00000,0x0000000772b00000)
  from space 10752K, 99% used [0x0000000772b00000,0x0000000773579928,0x0000000773580000)
  to   space 18944K, 0% used [0x000000077b400000,0x000000077b400000,0x000000077c680000)
 ParOldGen       total 83456K, used 21026K [0x00000006c0000000, 0x00000006c5180000, 0x000000076ab00000)
  object space 83456K, 25% used [0x00000006c0000000,0x00000006c14889e0,0x00000006c5180000)
 Metaspace       used 31259K, capacity 31670K, committed 32000K, reserved 1077248K
  class space    used 3887K, capacity 4004K, committed 4096K, reserved 1048576K
Event: 13.314 GC heap after
Heap after GC invocations=7 (full 1):
 PSYoungGen      total 265216K, used 12712K [0x000000076ab00000, 0x000000077c280000, 0x00000007c0000000)
  eden space 250368K, 0% used [0x000000076ab00000,0x000000076ab00000,0x0000000779f80000)
  from space 14848K, 85% used [0x000000077b400000,0x000000077c06a210,0x000000077c280000)
  to   space 17920K, 0% used [0x0000000779f80000,0x0000000779f80000,0x000000077b100000)
 ParOldGen       total 83456K, used 21034K [0x00000006c0000000, 0x00000006c5180000, 0x000000076ab00000)
  object space 83456K, 25% used [0x00000006c0000000,0x00000006c148a9e0,0x00000006c5180000)
 Metaspace       used 31259K, capacity 31670K, committed 32000K, reserved 1077248K
  class space    used 3887K, capacity 4004K, committed 4096K, reserved 1048576K
}
Event: 14.075 GC heap before
{Heap before GC invocations=8 (full 1):
 PSYoungGen      total 265216K, used 147908K [0x000000076ab00000, 0x000000077c280000, 0x00000007c0000000)
  eden space 250368K, 53% used [0x000000076ab00000,0x0000000772f07178,0x0000000779f80000)
  from space 14848K, 85% used [0x000000077b400000,0x000000077c06a210,0x000000077c280000)
  to   space 17920K, 0% used [0x0000000779f80000,0x0000000779f80000,0x000000077b100000)
 ParOldGen       total 83456K, used 21034K [0x00000006c0000000, 0x00000006c5180000, 0x000000076ab00000)
  object space 83456K, 25% used [0x00000006c0000000,0x00000006c148a9e0,0x00000006c5180000)
 Metaspace       used 34872K, capacity 35284K, committed 35496K, reserved 1081344K
  class space    used 4415K, capacity 4521K, committed 4608K, reserved 1048576K
Event: 14.086 GC heap after
Heap after GC invocations=8 (full 1):
 PSYoungGen      total 268288K, used 17563K [0x000000076ab00000, 0x000000078a180000, 0x00000007c0000000)
  eden space 250368K, 0% used [0x000000076ab00000,0x000000076ab00000,0x0000000779f80000)
  from space 17920K, 98% used [0x0000000779f80000,0x000000077b0a6ec8,0x000000077b100000)
  to   space 19456K, 0% used [0x0000000788e80000,0x0000000788e80000,0x000000078a180000)
 ParOldGen       total 83456K, used 21042K [0x00000006c0000000, 0x00000006c5180000, 0x000000076ab00000)
  object space 83456K, 25% used [0x00000006c0000000,0x00000006c148c9e0,0x00000006c5180000)
 Metaspace       used 34872K, capacity 35284K, committed 35496K, reserved 1081344K
  class space    used 4415K, capacity 4521K, committed 4608K, reserved 1048576K
}
Event: 14.086 GC heap before
{Heap before GC invocations=9 (full 2):
 PSYoungGen      total 268288K, used 17563K [0x000000076ab00000, 0x000000078a180000, 0x00000007c0000000)
  eden space 250368K, 0% used [0x000000076ab00000,0x000000076ab00000,0x0000000779f80000)
  from space 17920K, 98% used [0x0000000779f80000,0x000000077b0a6ec8,0x000000077b100000)
  to   space 19456K, 0% used [0x0000000788e80000,0x0000000788e80000,0x000000078a180000)
 ParOldGen       total 83456K, used 21042K [0x00000006c0000000, 0x00000006c5180000, 0x000000076ab00000)
  object space 83456K, 25% used [0x00000006c0000000,0x00000006c148c9e0,0x00000006c5180000)
 Metaspace       used 34872K, capacity 35284K, committed 35496K, reserved 1081344K
  class space    used 4415K, capacity 4521K, committed 4608K, reserved 1048576K
Event: 14.144 GC heap after
Heap after GC invocations=9 (full 2):
 PSYoungGen      total 268288K, used 0K [0x000000076ab00000, 0x000000078a180000, 0x00000007c0000000)
  eden space 250368K, 0% used [0x000000076ab00000,0x000000076ab00000,0x0000000779f80000)
  from space 17920K, 0% used [0x0000000779f80000,0x0000000779f80000,0x000000077b100000)
  to   space 19456K, 0% used [0x0000000788e80000,0x0000000788e80000,0x000000078a180000)
 ParOldGen       total 129536K, used 27871K [0x00000006c0000000, 0x00000006c7e80000, 0x000000076ab00000)
  object space 129536K, 21% used [0x00000006c0000000,0x00000006c1b37d98,0x00000006c7e80000)
 Metaspace       used 34872K, capacity 35284K, committed 35496K, reserved 1081344K
  class space    used 4415K, capacity 4521K, committed 4608K, reserved 1048576K
}

