# JRE version: Java(TM) SE Runtime Environment (8.0_65-b17) (build 1.8.0_65-b17)
# Java VM: Java HotSpot(TM) 64-Bit Server VM (25.65-b01 mixed mode bsd-amd64 compressed oops)
Heap:
 PSYoungGen      total 343552K, used 87972K [0x000000076ab00000, 0x0000000787380000, 0x00000007c0000000)
  eden space 322048K, 27% used [0x000000076ab00000,0x00000007700e91f0,0x000000077e580000)
  from space 21504K, 0% used [0x000000077fa00000,0x000000077fa00000,0x0000000780f00000)
  to   space 20992K, 0% used [0x000000077e580000,0x000000077e580000,0x000000077fa00000)
 ParOldGen       total 171008K, used 23607K [0x00000006c0000000, 0x00000006ca700000, 0x000000076ab00000)
  object space 171008K, 13% used [0x00000006c0000000,0x00000006c170dcd0,0x00000006ca700000)
 Metaspace       used 40895K, capacity 41416K, committed 41728K, reserved 1085440K
  class space    used 5153K, capacity 5285K, committed 5376K, reserved 1048576K
GC Heap History (10 events):
Event: 2.022 GC heap before
{Heap before GC invocations=4 (full 1):
 PSYoungGen      total 141824K, used 10726K [0x000000076ab00000, 0x000000077c000000, 0x00000007c0000000)
  eden space 131072K, 0% used [0x000000076ab00000,0x000000076ab00000,0x0000000772b00000)
  from space 10752K, 99% used [0x0000000772b00000,0x0000000773579990,0x0000000773580000)
  to   space 10752K, 0% used [0x000000077b580000,0x000000077b580000,0x000000077c000000)
 ParOldGen       total 175104K, used 4298K [0x00000006c0000000, 0x00000006cab00000, 0x000000076ab00000)
  object space 175104K, 2% used [0x00000006c0000000,0x00000006c0432940,0x00000006cab00000)
 Metaspace       used 20933K, capacity 21230K, committed 21296K, reserved 1069056K
  class space    used 2570K, capacity 2678K, committed 2688K, reserved 1048576K
Event: 2.054 GC heap after
Heap after GC invocations=4 (full 1):
 PSYoungGen      total 141824K, used 0K [0x000000076ab00000, 0x000000077c000000, 0x00000007c0000000)
  eden space 131072K, 0% used [0x000000076ab00000,0x000000076ab00000,0x0000000772b00000)
  from space 10752K, 0% used [0x0000000772b00000,0x0000000772b00000,0x0000000773580000)
  to   space 10752K, 0% used [0x000000077b580000,0x000000077b580000,0x000000077c000000)
 ParOldGen       total 108032K, used 12196K [0x00000006c0000000, 0x00000006c6980000, 0x000000076ab00000)
  object space 108032K, 11% used [0x00000006c0000000,0x00000006c0be9360,0x00000006c6980000)
 Metaspace       used 20933K, capacity 21230K, committed 21296K, reserved 1069056K
  class space    used 2570K, capacity 2678K, committed 2688K, reserved 1048576K
}
Event: 2.916 GC heap before
{Heap before GC invocations=5 (full 1):
 PSYoungGen      total 141824K, used 131072K [0x000000076ab00000, 0x000000077c000000, 0x00000007c0000000)
  eden space 131072K, 100% used [0x000000076ab00000,0x0000000772b00000,0x0000000772b00000)
  from space 10752K, 0% used [0x0000000772b00000,0x0000000772b00000,0x0000000773580000)
  to   space 10752K, 0% used [0x000000077b580000,0x000000077b580000,0x000000077c000000)
 ParOldGen       total 108032K, used 12196K [0x00000006c0000000, 0x00000006c6980000, 0x000000076ab00000)
  object space 108032K, 11% used [0x00000006c0000000,0x00000006c0be9360,0x00000006c6980000)
 Metaspace       used 27673K, capacity 27986K, committed 28160K, reserved 1073152K
  class space    used 3415K, capacity 3516K, committed 3584K, reserved 1048576K
Event: 2.933 GC heap after
Heap after GC invocations=5 (full 1):
 PSYoungGen      total 217600K, used 10725K [0x000000076ab00000, 0x000000077c000000, 0x00000007c0000000)
  eden space 206848K, 0% used [0x000000076ab00000,0x000000076ab00000,0x0000000777500000)
  from space 10752K, 99% used [0x000000077b580000,0x000000077bff97a8,0x000000077c000000)
  to   space 10752K, 0% used [0x000000077ab00000,0x000000077ab00000,0x000000077b580000)
 ParOldGen       total 108032K, used 22440K [0x00000006c0000000, 0x00000006c6980000, 0x000000076ab00000)
  object space 108032K, 20% used [0x00000006c0000000,0x00000006c15ea240,0x00000006c6980000)
 Metaspace       used 27673K, capacity 27986K, committed 28160K, reserved 1073152K
  class space    used 3415K, capacity 3516K, committed 3584K, reserved 1048576K
}
Event: 4.108 GC heap before
{Heap before GC invocations=6 (full 1):
 PSYoungGen      total 217600K, used 217573K [0x000000076ab00000, 0x000000077c000000, 0x00000007c0000000)
  eden space 206848K, 100% used [0x000000076ab00000,0x0000000777500000,0x0000000777500000)
  from space 10752K, 99% used [0x000000077b580000,0x000000077bff97a8,0x000000077c000000)
  to   space 10752K, 0% used [0x000000077ab00000,0x000000077ab00000,0x000000077b580000)
 ParOldGen       total 108032K, used 22440K [0x00000006c0000000, 0x00000006c6980000, 0x000000076ab00000)
  object space 108032K, 20% used [0x00000006c0000000,0x00000006c15ea240,0x00000006c6980000)
 Metaspace       used 33647K, capacity 34068K, committed 34432K, reserved 1079296K
  class space    used 4262K, capacity 4391K, committed 4480K, reserved 1048576K
Event: 4.124 GC heap after
Heap after GC invocations=6 (full 1):
 PSYoungGen      total 272896K, used 10745K [0x000000076ab00000, 0x0000000780f00000, 0x00000007c0000000)
  eden space 262144K, 0% used [0x000000076ab00000,0x000000076ab00000,0x000000077ab00000)
  from space 10752K, 99% used [0x000000077ab00000,0x000000077b57e788,0x000000077b580000)
  to   space 21504K, 0% used [0x000000077fa00000,0x000000077fa00000,0x0000000780f00000)
 ParOldGen       total 108032K, used 29327K [0x00000006c0000000, 0x00000006c6980000, 0x000000076ab00000)
  object space 108032K, 27% used [0x00000006c0000000,0x00000006c1ca3ed0,0x00000006c6980000)
 Metaspace       used 33647K, capacity 34068K, committed 34432K, reserved 1079296K
  class space    used 4262K, capacity 4391K, committed 4480K, reserved 1048576K
}
Event: 4.390 GC heap before
{Heap before GC invocations=7 (full 1):
 PSYoungGen      total 272896K, used 73417K [0x000000076ab00000, 0x0000000780f00000, 0x00000007c0000000)
  eden space 262144K, 23% used [0x000000076ab00000,0x000000076e833f98,0x000000077ab00000)
  from space 10752K, 99% used [0x000000077ab00000,0x000000077b57e788,0x000000077b580000)
  to   space 21504K, 0% used [0x000000077fa00000,0x000000077fa00000,0x0000000780f00000)
 ParOldGen       total 108032K, used 29327K [0x00000006c0000000, 0x00000006c6980000, 0x000000076ab00000)
  object space 108032K, 27% used [0x00000006c0000000,0x00000006c1ca3ed0,0x00000006c6980000)
 Metaspace       used 34903K, capacity 35328K, committed 35496K, reserved 1081344K
  class space    used 4426K, capacity 4553K, committed 4608K, reserved 1048576K
Event: 4.403 GC heap after
Heap after GC invocations=7 (full 1):
 PSYoungGen      total 343552K, used 13628K [0x000000076ab00000, 0x0000000787380000, 0x00000007c0000000)
  eden space 322048K, 0% used [0x000000076ab00000,0x000000076ab00000,0x000000077e580000)
  from space 21504K, 63% used [0x000000077fa00000,0x000000078074f310,0x0000000780f00000)
  to   space 20992K, 0% used [0x000000077e580000,0x000000077e580000,0x000000077fa00000)
 ParOldGen       total 108032K, used 29335K [0x00000006c0000000, 0x00000006c6980000, 0x000000076ab00000)
  object space 108032K, 27% used [0x00000006c0000000,0x00000006c1ca5ed0,0x00000006c6980000)
 Metaspace       used 34903K, capacity 35328K, committed 35496K, reserved 1081344K
  class space    used 4426K, capacity 4553K, committed 4608K, reserved 1048576K
}
Event: 4.403 GC heap before
{Heap before GC invocations=8 (full 2):
 PSYoungGen      total 343552K, used 13628K [0x000000076ab00000, 0x0000000787380000, 0x00000007c0000000)
  eden space 322048K, 0% used [0x000000076ab00000,0x000000076ab00000,0x000000077e580000)
  from space 21504K, 63% used [0x000000077fa00000,0x000000078074f310,0x0000000780f00000)
  to   space 20992K, 0% used [0x000000077e580000,0x000000077e580000,0x000000077fa00000)
 ParOldGen       total 108032K, used 29335K [0x00000006c0000000, 0x00000006c6980000, 0x000000076ab00000)
  object space 108032K, 27% used [0x00000006c0000000,0x00000006c1ca5ed0,0x00000006c6980000)
 Metaspace       used 34903K, capacity 35328K, committed 35496K, reserved 1081344K
  class space    used 4426K, capacity 4553K, committed 4608K, reserved 1048576K
Event: 4.476 GC heap after
Heap after GC invocations=8 (full 2):
 PSYoungGen      total 343552K, used 0K [0x000000076ab00000, 0x0000000787380000, 0x00000007c0000000)
  eden space 322048K, 0% used [0x000000076ab00000,0x000000076ab00000,0x000000077e580000)
  from space 21504K, 0% used [0x000000077fa00000,0x000000077fa00000,0x0000000780f00000)
  to   space 20992K, 0% used [0x000000077e580000,0x000000077e580000,0x000000077fa00000)
 ParOldGen       total 171008K, used 23607K [0x00000006c0000000, 0x00000006ca700000, 0x000000076ab00000)
  object space 171008K, 13% used [0x00000006c0000000,0x00000006c170dcd0,0x00000006ca700000)
 Metaspace       used 34903K, capacity 35328K, committed 35496K, reserved 1081344K
  class space    used 4426K, capacity 4553K, committed 4608K, reserved 1048576K
}

