# JRE version: Java(TM) SE Runtime Environment (8.0_65-b17) (build 1.8.0_65-b17)
# Java VM: Java HotSpot(TM) 64-Bit Server VM (25.65-b01 mixed mode bsd-amd64 compressed oops)
Heap:
 PSYoungGen      total 141824K, used 128904K [0x000000076ab00000, 0x0000000779580000, 0x00000007c0000000)
  eden space 131072K, 90% used [0x000000076ab00000,0x0000000771e63930,0x0000000772b00000)
  from space 10752K, 99% used [0x0000000772b00000,0x000000077357e798,0x0000000773580000)
  to   space 19456K, 0% used [0x0000000778280000,0x0000000778280000,0x0000000779580000)
 ParOldGen       total 107520K, used 21283K [0x00000006c0000000, 0x00000006c6900000, 0x000000076ab00000)
  object space 107520K, 19% used [0x00000006c0000000,0x00000006c14c8d80,0x00000006c6900000)
 Metaspace       used 30722K, capacity 31076K, committed 31360K, reserved 1077248K
  class space    used 3823K, capacity 3927K, committed 3968K, reserved 1048576K
GC Heap History (10 events):
Event: 2.025 GC heap before
{Heap before GC invocations=2 (full 0):
 PSYoungGen      total 76288K, used 76280K [0x000000076ab00000, 0x0000000770000000, 0x00000007c0000000)
  eden space 65536K, 100% used [0x000000076ab00000,0x000000076eb00000,0x000000076eb00000)
  from space 10752K, 99% used [0x000000076eb00000,0x000000076f57e0a0,0x000000076f580000)
  to   space 10752K, 0% used [0x000000076f580000,0x000000076f580000,0x0000000770000000)
 ParOldGen       total 175104K, used 158K [0x00000006c0000000, 0x00000006cab00000, 0x000000076ab00000)
  object space 175104K, 0% used [0x00000006c0000000,0x00000006c0027bf0,0x00000006cab00000)
 Metaspace       used 19623K, capacity 19962K, committed 20224K, reserved 1067008K
  class space    used 2398K, capacity 2480K, committed 2560K, reserved 1048576K
Event: 2.037 GC heap after
Heap after GC invocations=2 (full 0):
 PSYoungGen      total 76288K, used 10739K [0x000000076ab00000, 0x0000000774000000, 0x00000007c0000000)
  eden space 65536K, 0% used [0x000000076ab00000,0x000000076ab00000,0x000000076eb00000)
  from space 10752K, 99% used [0x000000076f580000,0x000000076fffcc08,0x0000000770000000)
  to   space 10752K, 0% used [0x000000076eb00000,0x000000076eb00000,0x000000076f580000)
 ParOldGen       total 175104K, used 2256K [0x00000006c0000000, 0x00000006cab00000, 0x000000076ab00000)
  object space 175104K, 1% used [0x00000006c0000000,0x00000006c02340a0,0x00000006cab00000)
 Metaspace       used 19623K, capacity 19962K, committed 20224K, reserved 1067008K
  class space    used 2398K, capacity 2480K, committed 2560K, reserved 1048576K
}
Event: 2.352 GC heap before
{Heap before GC invocations=3 (full 0):
 PSYoungGen      total 76288K, used 76275K [0x000000076ab00000, 0x0000000774000000, 0x00000007c0000000)
  eden space 65536K, 100% used [0x000000076ab00000,0x000000076eb00000,0x000000076eb00000)
  from space 10752K, 99% used [0x000000076f580000,0x000000076fffcc08,0x0000000770000000)
  to   space 10752K, 0% used [0x000000076eb00000,0x000000076eb00000,0x000000076f580000)
 ParOldGen       total 175104K, used 2256K [0x00000006c0000000, 0x00000006cab00000, 0x000000076ab00000)
  object space 175104K, 1% used [0x00000006c0000000,0x00000006c02340a0,0x00000006cab00000)
 Metaspace       used 20332K, capacity 20620K, committed 20736K, reserved 1067008K
  class space    used 2485K, capacity 2547K, committed 2560K, reserved 1048576K
Event: 2.362 GC heap after
Heap after GC invocations=3 (full 0):
 PSYoungGen      total 76288K, used 10735K [0x000000076ab00000, 0x0000000774000000, 0x00000007c0000000)
  eden space 65536K, 0% used [0x000000076ab00000,0x000000076ab00000,0x000000076eb00000)
  from space 10752K, 99% used [0x000000076eb00000,0x000000076f57bfd0,0x000000076f580000)
  to   space 10752K, 0% used [0x0000000773580000,0x0000000773580000,0x0000000774000000)
 ParOldGen       total 175104K, used 2540K [0x00000006c0000000, 0x00000006cab00000, 0x000000076ab00000)
  object space 175104K, 1% used [0x00000006c0000000,0x00000006c027b138,0x00000006cab00000)
 Metaspace       used 20332K, capacity 20620K, committed 20736K, reserved 1067008K
  class space    used 2485K, capacity 2547K, committed 2560K, reserved 1048576K
}
Event: 2.594 GC heap before
{Heap before GC invocations=4 (full 0):
 PSYoungGen      total 76288K, used 47498K [0x000000076ab00000, 0x0000000774000000, 0x00000007c0000000)
  eden space 65536K, 56% used [0x000000076ab00000,0x000000076cee6ae8,0x000000076eb00000)
  from space 10752K, 99% used [0x000000076eb00000,0x000000076f57bfd0,0x000000076f580000)
  to   space 10752K, 0% used [0x0000000773580000,0x0000000773580000,0x0000000774000000)
 ParOldGen       total 175104K, used 2540K [0x00000006c0000000, 0x00000006cab00000, 0x000000076ab00000)
  object space 175104K, 1% used [0x00000006c0000000,0x00000006c027b138,0x00000006cab00000)
 Metaspace       used 20878K, capacity 21214K, committed 21296K, reserved 1069056K
  class space    used 2563K, capacity 2678K, committed 2688K, reserved 1048576K
Event: 2.606 GC heap after
Heap after GC invocations=4 (full 0):
 PSYoungGen      total 141824K, used 10725K [0x000000076ab00000, 0x0000000774000000, 0x00000007c0000000)
  eden space 131072K, 0% used [0x000000076ab00000,0x000000076ab00000,0x0000000772b00000)
  from space 10752K, 99% used [0x0000000773580000,0x0000000773ff9440,0x0000000774000000)
  to   space 10752K, 0% used [0x0000000772b00000,0x0000000772b00000,0x0000000773580000)
 ParOldGen       total 175104K, used 3083K [0x00000006c0000000, 0x00000006cab00000, 0x000000076ab00000)
  object space 175104K, 1% used [0x00000006c0000000,0x00000006c0302fb8,0x00000006cab00000)
 Metaspace       used 20878K, capacity 21214K, committed 21296K, reserved 1069056K
  class space    used 2563K, capacity 2678K, committed 2688K, reserved 1048576K
}
Event: 2.606 GC heap before
{Heap before GC invocations=5 (full 1):
 PSYoungGen      total 141824K, used 10725K [0x000000076ab00000, 0x0000000774000000, 0x00000007c0000000)
  eden space 131072K, 0% used [0x000000076ab00000,0x000000076ab00000,0x0000000772b00000)
  from space 10752K, 99% used [0x0000000773580000,0x0000000773ff9440,0x0000000774000000)
  to   space 10752K, 0% used [0x0000000772b00000,0x0000000772b00000,0x0000000773580000)
 ParOldGen       total 175104K, used 3083K [0x00000006c0000000, 0x00000006cab00000, 0x000000076ab00000)
  object space 175104K, 1% used [0x00000006c0000000,0x00000006c0302fb8,0x00000006cab00000)
 Metaspace       used 20878K, capacity 21214K, committed 21296K, reserved 1069056K
  class space    used 2563K, capacity 2678K, committed 2688K, reserved 1048576K
Event: 2.655 GC heap after
Heap after GC invocations=5 (full 1):
 PSYoungGen      total 141824K, used 0K [0x000000076ab00000, 0x0000000774000000, 0x00000007c0000000)
  eden space 131072K, 0% used [0x000000076ab00000,0x000000076ab00000,0x0000000772b00000)
  from space 10752K, 0% used [0x0000000773580000,0x0000000773580000,0x0000000774000000)
  to   space 10752K, 0% used [0x0000000772b00000,0x0000000772b00000,0x0000000773580000)
 ParOldGen       total 107520K, used 11032K [0x00000006c0000000, 0x00000006c6900000, 0x000000076ab00000)
  object space 107520K, 10% used [0x00000006c0000000,0x00000006c0ac62d0,0x00000006c6900000)
 Metaspace       used 20878K, capacity 21214K, committed 21296K, reserved 1069056K
  class space    used 2563K, capacity 2678K, committed 2688K, reserved 1048576K
}
Event: 4.165 GC heap before
{Heap before GC invocations=6 (full 1):
 PSYoungGen      total 141824K, used 131072K [0x000000076ab00000, 0x0000000774000000, 0x00000007c0000000)
  eden space 131072K, 100% used [0x000000076ab00000,0x0000000772b00000,0x0000000772b00000)
  from space 10752K, 0% used [0x0000000773580000,0x0000000773580000,0x0000000774000000)
  to   space 10752K, 0% used [0x0000000772b00000,0x0000000772b00000,0x0000000773580000)
 ParOldGen       total 107520K, used 11032K [0x00000006c0000000, 0x00000006c6900000, 0x000000076ab00000)
  object space 107520K, 10% used [0x00000006c0000000,0x00000006c0ac62d0,0x00000006c6900000)
 Metaspace       used 27695K, capacity 28034K, committed 28416K, reserved 1075200K
  class space    used 3419K, capacity 3516K, committed 3584K, reserved 1048576K
Event: 4.183 GC heap after
Heap after GC invocations=6 (full 1):
 PSYoungGen      total 141824K, used 10745K [0x000000076ab00000, 0x0000000779580000, 0x00000007c0000000)
  eden space 131072K, 0% used [0x000000076ab00000,0x000000076ab00000,0x0000000772b00000)
  from space 10752K, 99% used [0x0000000772b00000,0x000000077357e798,0x0000000773580000)
  to   space 19456K, 0% used [0x0000000778280000,0x0000000778280000,0x0000000779580000)
 ParOldGen       total 107520K, used 21283K [0x00000006c0000000, 0x00000006c6900000, 0x000000076ab00000)
  object space 107520K, 19% used [0x00000006c0000000,0x00000006c14c8d80,0x00000006c6900000)
 Metaspace       used 27695K, capacity 28034K, committed 28416K, reserved 1075200K
  class space    used 3419K, capacity 3516K, committed 3584K, reserved 1048576K
}

