# JRE version: Java(TM) SE Runtime Environment (8.0_65-b17) (build 1.8.0_65-b17)
# Java VM: Java HotSpot(TM) 64-Bit Server VM (25.65-b01 mixed mode bsd-amd64 compressed oops)
Heap:
 PSYoungGen      total 268288K, used 89063K [0x000000076ab00000, 0x000000078a080000, 0x00000007c0000000)
  eden space 249344K, 35% used [0x000000076ab00000,0x00000007701f9d00,0x0000000779e80000)
  from space 18944K, 0% used [0x0000000779e80000,0x0000000779e80000,0x000000077b100000)
  to   space 19968K, 0% used [0x0000000788d00000,0x0000000788d00000,0x000000078a080000)
 ParOldGen       total 134144K, used 27702K [0x00000006c0000000, 0x00000006c8300000, 0x000000076ab00000)
  object space 134144K, 20% used [0x00000006c0000000,0x00000006c1b0db30,0x00000006c8300000)
 Metaspace       used 40918K, capacity 41412K, committed 41728K, reserved 1085440K
  class space    used 5152K, capacity 5285K, committed 5376K, reserved 1048576K
GC Heap History (10 events):
Event: 11.415 GC heap before
{Heap before GC invocations=5 (full 1):
 PSYoungGen      total 141824K, used 10740K [0x000000076ab00000, 0x0000000774000000, 0x00000007c0000000)
  eden space 131072K, 0% used [0x000000076ab00000,0x000000076ab00000,0x0000000772b00000)
  from space 10752K, 99% used [0x0000000773580000,0x0000000773ffd250,0x0000000774000000)
  to   space 10752K, 0% used [0x0000000772b00000,0x0000000772b00000,0x0000000773580000)
 ParOldGen       total 175104K, used 3091K [0x00000006c0000000, 0x00000006cab00000, 0x000000076ab00000)
  object space 175104K, 1% used [0x00000006c0000000,0x00000006c0304fd0,0x00000006cab00000)
 Metaspace       used 20911K, capacity 21198K, committed 21296K, reserved 1069056K
  class space    used 2555K, capacity 2646K, committed 2688K, reserved 1048576K
Event: 11.448 GC heap after
Heap after GC invocations=5 (full 1):
 PSYoungGen      total 141824K, used 0K [0x000000076ab00000, 0x0000000774000000, 0x00000007c0000000)
  eden space 131072K, 0% used [0x000000076ab00000,0x000000076ab00000,0x0000000772b00000)
  from space 10752K, 0% used [0x0000000773580000,0x0000000773580000,0x0000000774000000)
  to   space 10752K, 0% used [0x0000000772b00000,0x0000000772b00000,0x0000000773580000)
 ParOldGen       total 84992K, used 11039K [0x00000006c0000000, 0x00000006c5300000, 0x000000076ab00000)
  object space 84992K, 12% used [0x00000006c0000000,0x00000006c0ac7d40,0x00000006c5300000)
 Metaspace       used 20911K, capacity 21198K, committed 21296K, reserved 1069056K
  class space    used 2555K, capacity 2646K, committed 2688K, reserved 1048576K
}
Event: 12.263 GC heap before
{Heap before GC invocations=6 (full 1):
 PSYoungGen      total 141824K, used 131072K [0x000000076ab00000, 0x0000000774000000, 0x00000007c0000000)
  eden space 131072K, 100% used [0x000000076ab00000,0x0000000772b00000,0x0000000772b00000)
  from space 10752K, 0% used [0x0000000773580000,0x0000000773580000,0x0000000774000000)
  to   space 10752K, 0% used [0x0000000772b00000,0x0000000772b00000,0x0000000773580000)
 ParOldGen       total 84992K, used 11039K [0x00000006c0000000, 0x00000006c5300000, 0x000000076ab00000)
  object space 84992K, 12% used [0x00000006c0000000,0x00000006c0ac7d40,0x00000006c5300000)
 Metaspace       used 27707K, capacity 28050K, committed 28416K, reserved 1075200K
  class space    used 3417K, capacity 3516K, committed 3584K, reserved 1048576K
Event: 12.286 GC heap after
Heap after GC invocations=6 (full 1):
 PSYoungGen      total 141824K, used 10725K [0x000000076ab00000, 0x000000077c580000, 0x00000007c0000000)
  eden space 131072K, 0% used [0x000000076ab00000,0x000000076ab00000,0x0000000772b00000)
  from space 10752K, 99% used [0x0000000772b00000,0x0000000773579798,0x0000000773580000)
  to   space 19456K, 0% used [0x000000077b280000,0x000000077b280000,0x000000077c580000)
 ParOldGen       total 84992K, used 21603K [0x00000006c0000000, 0x00000006c5300000, 0x000000076ab00000)
  object space 84992K, 25% used [0x00000006c0000000,0x00000006c1518c70,0x00000006c5300000)
 Metaspace       used 27707K, capacity 28050K, committed 28416K, reserved 1075200K
  class space    used 3417K, capacity 3516K, committed 3584K, reserved 1048576K
}
Event: 12.989 GC heap before
{Heap before GC invocations=7 (full 1):
 PSYoungGen      total 141824K, used 141797K [0x000000076ab00000, 0x000000077c580000, 0x00000007c0000000)
  eden space 131072K, 100% used [0x000000076ab00000,0x0000000772b00000,0x0000000772b00000)
  from space 10752K, 99% used [0x0000000772b00000,0x0000000773579798,0x0000000773580000)
  to   space 19456K, 0% used [0x000000077b280000,0x000000077b280000,0x000000077c580000)
 ParOldGen       total 84992K, used 21603K [0x00000006c0000000, 0x00000006c5300000, 0x000000076ab00000)
  object space 84992K, 25% used [0x00000006c0000000,0x00000006c1518c70,0x00000006c5300000)
 Metaspace       used 31361K, capacity 31810K, committed 32000K, reserved 1077248K
  class space    used 3898K, capacity 4004K, committed 4096K, reserved 1048576K
Event: 13.003 GC heap after
Heap after GC invocations=7 (full 1):
 PSYoungGen      total 266752K, used 12735K [0x000000076ab00000, 0x000000077c380000, 0x00000007c0000000)
  eden space 249344K, 0% used [0x000000076ab00000,0x000000076ab00000,0x0000000779e80000)
  from space 17408K, 73% used [0x000000077b280000,0x000000077beeff10,0x000000077c380000)
  to   space 18944K, 0% used [0x0000000779e80000,0x0000000779e80000,0x000000077b100000)
 ParOldGen       total 84992K, used 21611K [0x00000006c0000000, 0x00000006c5300000, 0x000000076ab00000)
  object space 84992K, 25% used [0x00000006c0000000,0x00000006c151ac70,0x00000006c5300000)
 Metaspace       used 31361K, capacity 31810K, committed 32000K, reserved 1077248K
  class space    used 3898K, capacity 4004K, committed 4096K, reserved 1048576K
}
Event: 13.620 GC heap before
{Heap before GC invocations=8 (full 1):
 PSYoungGen      total 266752K, used 147224K [0x000000076ab00000, 0x000000077c380000, 0x00000007c0000000)
  eden space 249344K, 53% used [0x000000076ab00000,0x0000000772e564d8,0x0000000779e80000)
  from space 17408K, 73% used [0x000000077b280000,0x000000077beeff10,0x000000077c380000)
  to   space 18944K, 0% used [0x0000000779e80000,0x0000000779e80000,0x000000077b100000)
 ParOldGen       total 84992K, used 21611K [0x00000006c0000000, 0x00000006c5300000, 0x000000076ab00000)
  object space 84992K, 25% used [0x00000006c0000000,0x00000006c151ac70,0x00000006c5300000)
 Metaspace       used 34879K, capacity 35296K, committed 35496K, reserved 1081344K
  class space    used 4415K, capacity 4521K, committed 4608K, reserved 1048576K
Event: 13.635 GC heap after
Heap after GC invocations=8 (full 1):
 PSYoungGen      total 268288K, used 17346K [0x000000076ab00000, 0x000000078a080000, 0x00000007c0000000)
  eden space 249344K, 0% used [0x000000076ab00000,0x000000076ab00000,0x0000000779e80000)
  from space 18944K, 91% used [0x0000000779e80000,0x000000077af70868,0x000000077b100000)
  to   space 19968K, 0% used [0x0000000788d00000,0x0000000788d00000,0x000000078a080000)
 ParOldGen       total 84992K, used 21619K [0x00000006c0000000, 0x00000006c5300000, 0x000000076ab00000)
  object space 84992K, 25% used [0x00000006c0000000,0x00000006c151cc70,0x00000006c5300000)
 Metaspace       used 34879K, capacity 35296K, committed 35496K, reserved 1081344K
  class space    used 4415K, capacity 4521K, committed 4608K, reserved 1048576K
}
Event: 13.635 GC heap before
{Heap before GC invocations=9 (full 2):
 PSYoungGen      total 268288K, used 17346K [0x000000076ab00000, 0x000000078a080000, 0x00000007c0000000)
  eden space 249344K, 0% used [0x000000076ab00000,0x000000076ab00000,0x0000000779e80000)
  from space 18944K, 91% used [0x0000000779e80000,0x000000077af70868,0x000000077b100000)
  to   space 19968K, 0% used [0x0000000788d00000,0x0000000788d00000,0x000000078a080000)
 ParOldGen       total 84992K, used 21619K [0x00000006c0000000, 0x00000006c5300000, 0x000000076ab00000)
  object space 84992K, 25% used [0x00000006c0000000,0x00000006c151cc70,0x00000006c5300000)
 Metaspace       used 34879K, capacity 35296K, committed 35496K, reserved 1081344K
  class space    used 4415K, capacity 4521K, committed 4608K, reserved 1048576K
Event: 13.695 GC heap after
Heap after GC invocations=9 (full 2):
 PSYoungGen      total 268288K, used 0K [0x000000076ab00000, 0x000000078a080000, 0x00000007c0000000)
  eden space 249344K, 0% used [0x000000076ab00000,0x000000076ab00000,0x0000000779e80000)
  from space 18944K, 0% used [0x0000000779e80000,0x0000000779e80000,0x000000077b100000)
  to   space 19968K, 0% used [0x0000000788d00000,0x0000000788d00000,0x000000078a080000)
 ParOldGen       total 134144K, used 27702K [0x00000006c0000000, 0x00000006c8300000, 0x000000076ab00000)
  object space 134144K, 20% used [0x00000006c0000000,0x00000006c1b0db30,0x00000006c8300000)
 Metaspace       used 34879K, capacity 35296K, committed 35496K, reserved 1081344K
  class space    used 4415K, capacity 4521K, committed 4608K, reserved 1048576K
}

