# JRE version: Java(TM) SE Runtime Environment (8.0_65-b17) (build 1.8.0_65-b17)
# Java VM: Java HotSpot(TM) 64-Bit Server VM (25.65-b01 mixed mode bsd-amd64 compressed oops)
Heap:
 PSYoungGen      total 265728K, used 106366K [0x000000076ab00000, 0x0000000789a00000, 0x00000007c0000000)
  eden space 247808K, 42% used [0x000000076ab00000,0x00000007712dfbc0,0x0000000779d00000)
  from space 17920K, 0% used [0x0000000779d00000,0x0000000779d00000,0x000000077ae80000)
  to   space 19456K, 0% used [0x0000000788700000,0x0000000788700000,0x0000000789a00000)
 ParOldGen       total 137216K, used 27869K [0x00000006c0000000, 0x00000006c8600000, 0x000000076ab00000)
  object space 137216K, 20% used [0x00000006c0000000,0x00000006c1b37570,0x00000006c8600000)
 Metaspace       used 41004K, capacity 41588K, committed 41728K, reserved 1085440K
  class space    used 5153K, capacity 5292K, committed 5376K, reserved 1048576K
GC Heap History (10 events):
Event: 11.433 GC heap before
{Heap before GC invocations=5 (full 1):
 PSYoungGen      total 141824K, used 10723K [0x000000076ab00000, 0x0000000774000000, 0x00000007c0000000)
  eden space 131072K, 0% used [0x000000076ab00000,0x000000076ab00000,0x0000000772b00000)
  from space 10752K, 99% used [0x0000000773580000,0x0000000773ff8f28,0x0000000774000000)
  to   space 10752K, 0% used [0x0000000772b00000,0x0000000772b00000,0x0000000773580000)
 ParOldGen       total 175104K, used 2798K [0x00000006c0000000, 0x00000006cab00000, 0x000000076ab00000)
  object space 175104K, 1% used [0x00000006c0000000,0x00000006c02bb888,0x00000006cab00000)
 Metaspace       used 20906K, capacity 21198K, committed 21296K, reserved 1069056K
  class space    used 2553K, capacity 2646K, committed 2688K, reserved 1048576K
Event: 11.466 GC heap after
Heap after GC invocations=5 (full 1):
 PSYoungGen      total 141824K, used 0K [0x000000076ab00000, 0x0000000774000000, 0x00000007c0000000)
  eden space 131072K, 0% used [0x000000076ab00000,0x000000076ab00000,0x0000000772b00000)
  from space 10752K, 0% used [0x0000000773580000,0x0000000773580000,0x0000000774000000)
  to   space 10752K, 0% used [0x0000000772b00000,0x0000000772b00000,0x0000000773580000)
 ParOldGen       total 84992K, used 11042K [0x00000006c0000000, 0x00000006c5300000, 0x000000076ab00000)
  object space 84992K, 12% used [0x00000006c0000000,0x00000006c0ac8a50,0x00000006c5300000)
 Metaspace       used 20906K, capacity 21198K, committed 21296K, reserved 1069056K
  class space    used 2553K, capacity 2646K, committed 2688K, reserved 1048576K
}
Event: 12.294 GC heap before
{Heap before GC invocations=6 (full 1):
 PSYoungGen      total 141824K, used 131072K [0x000000076ab00000, 0x0000000774000000, 0x00000007c0000000)
  eden space 131072K, 100% used [0x000000076ab00000,0x0000000772b00000,0x0000000772b00000)
  from space 10752K, 0% used [0x0000000773580000,0x0000000773580000,0x0000000774000000)
  to   space 10752K, 0% used [0x0000000772b00000,0x0000000772b00000,0x0000000773580000)
 ParOldGen       total 84992K, used 11042K [0x00000006c0000000, 0x00000006c5300000, 0x000000076ab00000)
  object space 84992K, 12% used [0x00000006c0000000,0x00000006c0ac8a50,0x00000006c5300000)
 Metaspace       used 27704K, capacity 28050K, committed 28416K, reserved 1075200K
  class space    used 3412K, capacity 3516K, committed 3584K, reserved 1048576K
Event: 12.308 GC heap after
Heap after GC invocations=6 (full 1):
 PSYoungGen      total 141824K, used 10729K [0x000000076ab00000, 0x000000077c300000, 0x00000007c0000000)
  eden space 131072K, 0% used [0x000000076ab00000,0x000000076ab00000,0x0000000772b00000)
  from space 10752K, 99% used [0x0000000772b00000,0x000000077357a7a8,0x0000000773580000)
  to   space 18944K, 0% used [0x000000077b080000,0x000000077b080000,0x000000077c300000)
 ParOldGen       total 84992K, used 20602K [0x00000006c0000000, 0x00000006c5300000, 0x000000076ab00000)
  object space 84992K, 24% used [0x00000006c0000000,0x00000006c141ea60,0x00000006c5300000)
 Metaspace       used 27704K, capacity 28050K, committed 28416K, reserved 1075200K
  class space    used 3412K, capacity 3516K, committed 3584K, reserved 1048576K
}
Event: 13.018 GC heap before
{Heap before GC invocations=7 (full 1):
 PSYoungGen      total 141824K, used 141801K [0x000000076ab00000, 0x000000077c300000, 0x00000007c0000000)
  eden space 131072K, 100% used [0x000000076ab00000,0x0000000772b00000,0x0000000772b00000)
  from space 10752K, 99% used [0x0000000772b00000,0x000000077357a7a8,0x0000000773580000)
  to   space 18944K, 0% used [0x000000077b080000,0x000000077b080000,0x000000077c300000)
 ParOldGen       total 84992K, used 20602K [0x00000006c0000000, 0x00000006c5300000, 0x000000076ab00000)
  object space 84992K, 24% used [0x00000006c0000000,0x00000006c141ea60,0x00000006c5300000)
 Metaspace       used 31198K, capacity 31618K, committed 31744K, reserved 1077248K
  class space    used 3879K, capacity 4004K, committed 4096K, reserved 1048576K
Event: 13.031 GC heap after
Heap after GC invocations=7 (full 1):
 PSYoungGen      total 263680K, used 12474K [0x000000076ab00000, 0x000000077c000000, 0x00000007c0000000)
  eden space 247808K, 0% used [0x000000076ab00000,0x000000076ab00000,0x0000000779d00000)
  from space 15872K, 78% used [0x000000077b080000,0x000000077bcaea38,0x000000077c000000)
  to   space 17920K, 0% used [0x0000000779d00000,0x0000000779d00000,0x000000077ae80000)
 ParOldGen       total 84992K, used 20610K [0x00000006c0000000, 0x00000006c5300000, 0x000000076ab00000)
  object space 84992K, 24% used [0x00000006c0000000,0x00000006c1420a60,0x00000006c5300000)
 Metaspace       used 31198K, capacity 31618K, committed 31744K, reserved 1077248K
  class space    used 3879K, capacity 4004K, committed 4096K, reserved 1048576K
}
Event: 13.677 GC heap before
{Heap before GC invocations=8 (full 1):
 PSYoungGen      total 263680K, used 154731K [0x000000076ab00000, 0x000000077c000000, 0x00000007c0000000)
  eden space 247808K, 57% used [0x000000076ab00000,0x00000007735ec2b0,0x0000000779d00000)
  from space 15872K, 78% used [0x000000077b080000,0x000000077bcaea38,0x000000077c000000)
  to   space 17920K, 0% used [0x0000000779d00000,0x0000000779d00000,0x000000077ae80000)
 ParOldGen       total 84992K, used 20610K [0x00000006c0000000, 0x00000006c5300000, 0x000000076ab00000)
  object space 84992K, 24% used [0x00000006c0000000,0x00000006c1420a60,0x00000006c5300000)
 Metaspace       used 34882K, capacity 35296K, committed 35496K, reserved 1081344K
  class space    used 4414K, capacity 4521K, committed 4608K, reserved 1048576K
Event: 13.692 GC heap after
Heap after GC invocations=8 (full 1):
 PSYoungGen      total 265728K, used 17578K [0x000000076ab00000, 0x0000000789a00000, 0x00000007c0000000)
  eden space 247808K, 0% used [0x000000076ab00000,0x000000076ab00000,0x0000000779d00000)
  from space 17920K, 98% used [0x0000000779d00000,0x000000077ae2aa08,0x000000077ae80000)
  to   space 19456K, 0% used [0x0000000788700000,0x0000000788700000,0x0000000789a00000)
 ParOldGen       total 84992K, used 20618K [0x00000006c0000000, 0x00000006c5300000, 0x000000076ab00000)
  object space 84992K, 24% used [0x00000006c0000000,0x00000006c1422a60,0x00000006c5300000)
 Metaspace       used 34882K, capacity 35296K, committed 35496K, reserved 1081344K
  class space    used 4414K, capacity 4521K, committed 4608K, reserved 1048576K
}
Event: 13.692 GC heap before
{Heap before GC invocations=9 (full 2):
 PSYoungGen      total 265728K, used 17578K [0x000000076ab00000, 0x0000000789a00000, 0x00000007c0000000)
  eden space 247808K, 0% used [0x000000076ab00000,0x000000076ab00000,0x0000000779d00000)
  from space 17920K, 98% used [0x0000000779d00000,0x000000077ae2aa08,0x000000077ae80000)
  to   space 19456K, 0% used [0x0000000788700000,0x0000000788700000,0x0000000789a00000)
 ParOldGen       total 84992K, used 20618K [0x00000006c0000000, 0x00000006c5300000, 0x000000076ab00000)
  object space 84992K, 24% used [0x00000006c0000000,0x00000006c1422a60,0x00000006c5300000)
 Metaspace       used 34882K, capacity 35296K, committed 35496K, reserved 1081344K
  class space    used 4414K, capacity 4521K, committed 4608K, reserved 1048576K
Event: 13.761 GC heap after
Heap after GC invocations=9 (full 2):
 PSYoungGen      total 265728K, used 0K [0x000000076ab00000, 0x0000000789a00000, 0x00000007c0000000)
  eden space 247808K, 0% used [0x000000076ab00000,0x000000076ab00000,0x0000000779d00000)
  from space 17920K, 0% used [0x0000000779d00000,0x0000000779d00000,0x000000077ae80000)
  to   space 19456K, 0% used [0x0000000788700000,0x0000000788700000,0x0000000789a00000)
 ParOldGen       total 137216K, used 27869K [0x00000006c0000000, 0x00000006c8600000, 0x000000076ab00000)
  object space 137216K, 20% used [0x00000006c0000000,0x00000006c1b37570,0x00000006c8600000)
 Metaspace       used 34882K, capacity 35296K, committed 35496K, reserved 1081344K
  class space    used 4414K, capacity 4521K, committed 4608K, reserved 1048576K
}

