# JRE version: Java(TM) SE Runtime Environment (8.0_65-b17) (build 1.8.0_65-b17)
# Java VM: Java HotSpot(TM) 64-Bit Server VM (25.65-b01 mixed mode bsd-amd64 compressed oops)
Heap:
 PSYoungGen      total 141824K, used 137570K [0x000000076ab00000, 0x000000077a580000, 0x00000007c0000000)
  eden space 131072K, 96% used [0x000000076ab00000,0x00000007726de258,0x0000000772b00000)
  from space 10752K, 99% used [0x0000000772b00000,0x000000077357a798,0x0000000773580000)
  to   space 18944K, 0% used [0x0000000779300000,0x0000000779300000,0x000000077a580000)
 ParOldGen       total 100864K, used 21670K [0x00000006c0000000, 0x00000006c6280000, 0x000000076ab00000)
  object space 100864K, 21% used [0x00000006c0000000,0x00000006c1529ae8,0x00000006c6280000)
 Metaspace       used 32684K, capacity 33128K, committed 33408K, reserved 1079296K
  class space    used 4077K, capacity 4196K, committed 4224K, reserved 1048576K
GC Heap History (10 events):
Event: 1.834 GC heap before
{Heap before GC invocations=2 (full 0):
 PSYoungGen      total 76288K, used 76181K [0x000000076ab00000, 0x0000000770000000, 0x00000007c0000000)
  eden space 65536K, 100% used [0x000000076ab00000,0x000000076eb00000,0x000000076eb00000)
  from space 10752K, 99% used [0x000000076eb00000,0x000000076f565540,0x000000076f580000)
  to   space 10752K, 0% used [0x000000076f580000,0x000000076f580000,0x0000000770000000)
 ParOldGen       total 175104K, used 8K [0x00000006c0000000, 0x00000006cab00000, 0x000000076ab00000)
  object space 175104K, 0% used [0x00000006c0000000,0x00000006c0002000,0x00000006cab00000)
 Metaspace       used 18080K, capacity 18328K, committed 18432K, reserved 1064960K
  class space    used 2221K, capacity 2269K, committed 2304K, reserved 1048576K
Event: 1.846 GC heap after
Heap after GC invocations=2 (full 0):
 PSYoungGen      total 76288K, used 10749K [0x000000076ab00000, 0x0000000774000000, 0x00000007c0000000)
  eden space 65536K, 0% used [0x000000076ab00000,0x000000076ab00000,0x000000076eb00000)
  from space 10752K, 99% used [0x000000076f580000,0x000000076ffff6b0,0x0000000770000000)
  to   space 10752K, 0% used [0x000000076eb00000,0x000000076eb00000,0x000000076f580000)
 ParOldGen       total 175104K, used 1695K [0x00000006c0000000, 0x00000006cab00000, 0x000000076ab00000)
  object space 175104K, 0% used [0x00000006c0000000,0x00000006c01a7ef8,0x00000006cab00000)
 Metaspace       used 18080K, capacity 18328K, committed 18432K, reserved 1064960K
  class space    used 2221K, capacity 2269K, committed 2304K, reserved 1048576K
}
Event: 2.118 GC heap before
{Heap before GC invocations=3 (full 0):
 PSYoungGen      total 76288K, used 76285K [0x000000076ab00000, 0x0000000774000000, 0x00000007c0000000)
  eden space 65536K, 100% used [0x000000076ab00000,0x000000076eb00000,0x000000076eb00000)
  from space 10752K, 99% used [0x000000076f580000,0x000000076ffff6b0,0x0000000770000000)
  to   space 10752K, 0% used [0x000000076eb00000,0x000000076eb00000,0x000000076f580000)
 ParOldGen       total 175104K, used 1695K [0x00000006c0000000, 0x00000006cab00000, 0x000000076ab00000)
  object space 175104K, 0% used [0x00000006c0000000,0x00000006c01a7ef8,0x00000006cab00000)
 Metaspace       used 20304K, capacity 20636K, committed 20736K, reserved 1067008K
  class space    used 2479K, capacity 2547K, committed 2560K, reserved 1048576K
Event: 2.124 GC heap after
Heap after GC invocations=3 (full 0):
 PSYoungGen      total 76288K, used 10749K [0x000000076ab00000, 0x0000000774000000, 0x00000007c0000000)
  eden space 65536K, 0% used [0x000000076ab00000,0x000000076ab00000,0x000000076eb00000)
  from space 10752K, 99% used [0x000000076eb00000,0x000000076f57f418,0x000000076f580000)
  to   space 10752K, 0% used [0x0000000773580000,0x0000000773580000,0x0000000774000000)
 ParOldGen       total 175104K, used 2196K [0x00000006c0000000, 0x00000006cab00000, 0x000000076ab00000)
  object space 175104K, 1% used [0x00000006c0000000,0x00000006c02250e8,0x00000006cab00000)
 Metaspace       used 20304K, capacity 20636K, committed 20736K, reserved 1067008K
  class space    used 2479K, capacity 2547K, committed 2560K, reserved 1048576K
}
Event: 2.257 GC heap before
{Heap before GC invocations=4 (full 0):
 PSYoungGen      total 76288K, used 47066K [0x000000076ab00000, 0x0000000774000000, 0x00000007c0000000)
  eden space 65536K, 55% used [0x000000076ab00000,0x000000076ce77710,0x000000076eb00000)
  from space 10752K, 99% used [0x000000076eb00000,0x000000076f57f418,0x000000076f580000)
  to   space 10752K, 0% used [0x0000000773580000,0x0000000773580000,0x0000000774000000)
 ParOldGen       total 175104K, used 2196K [0x00000006c0000000, 0x00000006cab00000, 0x000000076ab00000)
  object space 175104K, 1% used [0x00000006c0000000,0x00000006c02250e8,0x00000006cab00000)
 Metaspace       used 20934K, capacity 21230K, committed 21296K, reserved 1069056K
  class space    used 2570K, capacity 2678K, committed 2688K, reserved 1048576K
Event: 2.266 GC heap after
Heap after GC invocations=4 (full 0):
 PSYoungGen      total 141824K, used 10724K [0x000000076ab00000, 0x0000000774000000, 0x00000007c0000000)
  eden space 131072K, 0% used [0x000000076ab00000,0x000000076ab00000,0x0000000772b00000)
  from space 10752K, 99% used [0x0000000773580000,0x0000000773ff9060,0x0000000774000000)
  to   space 10752K, 0% used [0x0000000772b00000,0x0000000772b00000,0x0000000773580000)
 ParOldGen       total 175104K, used 2868K [0x00000006c0000000, 0x00000006cab00000, 0x000000076ab00000)
  object space 175104K, 1% used [0x00000006c0000000,0x00000006c02cd170,0x00000006cab00000)
 Metaspace       used 20934K, capacity 21230K, committed 21296K, reserved 1069056K
  class space    used 2570K, capacity 2678K, committed 2688K, reserved 1048576K
}
Event: 2.266 GC heap before
{Heap before GC invocations=5 (full 1):
 PSYoungGen      total 141824K, used 10724K [0x000000076ab00000, 0x0000000774000000, 0x00000007c0000000)
  eden space 131072K, 0% used [0x000000076ab00000,0x000000076ab00000,0x0000000772b00000)
  from space 10752K, 99% used [0x0000000773580000,0x0000000773ff9060,0x0000000774000000)
  to   space 10752K, 0% used [0x0000000772b00000,0x0000000772b00000,0x0000000773580000)
 ParOldGen       total 175104K, used 2868K [0x00000006c0000000, 0x00000006cab00000, 0x000000076ab00000)
  object space 175104K, 1% used [0x00000006c0000000,0x00000006c02cd170,0x00000006cab00000)
 Metaspace       used 20934K, capacity 21230K, committed 21296K, reserved 1069056K
  class space    used 2570K, capacity 2678K, committed 2688K, reserved 1048576K
Event: 2.299 GC heap after
Heap after GC invocations=5 (full 1):
 PSYoungGen      total 141824K, used 0K [0x000000076ab00000, 0x0000000774000000, 0x00000007c0000000)
  eden space 131072K, 0% used [0x000000076ab00000,0x000000076ab00000,0x0000000772b00000)
  from space 10752K, 0% used [0x0000000773580000,0x0000000773580000,0x0000000774000000)
  to   space 10752K, 0% used [0x0000000772b00000,0x0000000772b00000,0x0000000773580000)
 ParOldGen       total 100864K, used 11190K [0x00000006c0000000, 0x00000006c6280000, 0x000000076ab00000)
  object space 100864K, 11% used [0x00000006c0000000,0x00000006c0aedb98,0x00000006c6280000)
 Metaspace       used 20934K, capacity 21230K, committed 21296K, reserved 1069056K
  class space    used 2570K, capacity 2678K, committed 2688K, reserved 1048576K
}
Event: 3.434 GC heap before
{Heap before GC invocations=6 (full 1):
 PSYoungGen      total 141824K, used 131072K [0x000000076ab00000, 0x0000000774000000, 0x00000007c0000000)
  eden space 131072K, 100% used [0x000000076ab00000,0x0000000772b00000,0x0000000772b00000)
  from space 10752K, 0% used [0x0000000773580000,0x0000000773580000,0x0000000774000000)
  to   space 10752K, 0% used [0x0000000772b00000,0x0000000772b00000,0x0000000773580000)
 ParOldGen       total 100864K, used 11190K [0x00000006c0000000, 0x00000006c6280000, 0x000000076ab00000)
  object space 100864K, 11% used [0x00000006c0000000,0x00000006c0aedb98,0x00000006c6280000)
 Metaspace       used 27695K, capacity 28050K, committed 28416K, reserved 1075200K
  class space    used 3414K, capacity 3516K, committed 3584K, reserved 1048576K
Event: 3.471 GC heap after
Heap after GC invocations=6 (full 1):
 PSYoungGen      total 141824K, used 10729K [0x000000076ab00000, 0x000000077a580000, 0x00000007c0000000)
  eden space 131072K, 0% used [0x000000076ab00000,0x000000076ab00000,0x0000000772b00000)
  from space 10752K, 99% used [0x0000000772b00000,0x000000077357a798,0x0000000773580000)
  to   space 18944K, 0% used [0x0000000779300000,0x0000000779300000,0x000000077a580000)
 ParOldGen       total 100864K, used 21670K [0x00000006c0000000, 0x00000006c6280000, 0x000000076ab00000)
  object space 100864K, 21% used [0x00000006c0000000,0x00000006c1529ae8,0x00000006c6280000)
 Metaspace       used 27695K, capacity 28050K, committed 28416K, reserved 1075200K
  class space    used 3414K, capacity 3516K, committed 3584K, reserved 1048576K
}

