# JRE version: Java(TM) SE Runtime Environment (8.0_65-b17) (build 1.8.0_65-b17)
# Java VM: Java HotSpot(TM) 64-Bit Server VM (25.65-b01 mixed mode bsd-amd64 compressed oops)
Heap:
 PSYoungGen      total 228352K, used 87007K [0x000000076ab00000, 0x0000000781880000, 0x00000007c0000000)
  eden space 209408K, 41% used [0x000000076ab00000,0x000000076fff7ee0,0x0000000777780000)
  from space 18944K, 0% used [0x0000000777780000,0x0000000777780000,0x0000000778a00000)
  to   space 20480K, 0% used [0x0000000780480000,0x0000000780480000,0x0000000781880000)
 ParOldGen       total 169472K, used 28106K [0x00000006c0000000, 0x00000006ca580000, 0x000000076ab00000)
  object space 169472K, 16% used [0x00000006c0000000,0x00000006c1b729a8,0x00000006ca580000)
 Metaspace       used 40891K, capacity 41416K, committed 41728K, reserved 1085440K
  class space    used 5150K, capacity 5285K, committed 5376K, reserved 1048576K
GC Heap History (10 events):
Event: 2.098 GC heap before
{Heap before GC invocations=5 (full 1):
 PSYoungGen      total 141824K, used 10725K [0x000000076ab00000, 0x0000000774000000, 0x00000007c0000000)
  eden space 131072K, 0% used [0x000000076ab00000,0x000000076ab00000,0x0000000772b00000)
  from space 10752K, 99% used [0x0000000773580000,0x0000000773ff9750,0x0000000774000000)
  to   space 10752K, 0% used [0x0000000772b00000,0x0000000772b00000,0x0000000773580000)
 ParOldGen       total 175104K, used 3949K [0x00000006c0000000, 0x00000006cab00000, 0x000000076ab00000)
  object space 175104K, 2% used [0x00000006c0000000,0x00000006c03db6d0,0x00000006cab00000)
 Metaspace       used 20913K, capacity 21230K, committed 21296K, reserved 1069056K
  class space    used 2569K, capacity 2678K, committed 2688K, reserved 1048576K
Event: 2.130 GC heap after
Heap after GC invocations=5 (full 1):
 PSYoungGen      total 141824K, used 0K [0x000000076ab00000, 0x0000000774000000, 0x00000007c0000000)
  eden space 131072K, 0% used [0x000000076ab00000,0x000000076ab00000,0x0000000772b00000)
  from space 10752K, 0% used [0x0000000773580000,0x0000000773580000,0x0000000774000000)
  to   space 10752K, 0% used [0x0000000772b00000,0x0000000772b00000,0x0000000773580000)
 ParOldGen       total 102912K, used 11207K [0x00000006c0000000, 0x00000006c6480000, 0x000000076ab00000)
  object space 102912K, 10% used [0x00000006c0000000,0x00000006c0af1dc8,0x00000006c6480000)
 Metaspace       used 20913K, capacity 21230K, committed 21296K, reserved 1069056K
  class space    used 2569K, capacity 2678K, committed 2688K, reserved 1048576K
}
Event: 2.994 GC heap before
{Heap before GC invocations=6 (full 1):
 PSYoungGen      total 141824K, used 131072K [0x000000076ab00000, 0x0000000774000000, 0x00000007c0000000)
  eden space 131072K, 100% used [0x000000076ab00000,0x0000000772b00000,0x0000000772b00000)
  from space 10752K, 0% used [0x0000000773580000,0x0000000773580000,0x0000000774000000)
  to   space 10752K, 0% used [0x0000000772b00000,0x0000000772b00000,0x0000000773580000)
 ParOldGen       total 102912K, used 11207K [0x00000006c0000000, 0x00000006c6480000, 0x000000076ab00000)
  object space 102912K, 10% used [0x00000006c0000000,0x00000006c0af1dc8,0x00000006c6480000)
 Metaspace       used 27640K, capacity 27986K, committed 28160K, reserved 1073152K
  class space    used 3411K, capacity 3516K, committed 3584K, reserved 1048576K
Event: 3.008 GC heap after
Heap after GC invocations=6 (full 1):
 PSYoungGen      total 141824K, used 10738K [0x000000076ab00000, 0x000000077a180000, 0x00000007c0000000)
  eden space 131072K, 0% used [0x000000076ab00000,0x000000076ab00000,0x0000000772b00000)
  from space 10752K, 99% used [0x0000000772b00000,0x000000077357c928,0x0000000773580000)
  to   space 19968K, 0% used [0x0000000778e00000,0x0000000778e00000,0x000000077a180000)
 ParOldGen       total 102912K, used 22037K [0x00000006c0000000, 0x00000006c6480000, 0x000000076ab00000)
  object space 102912K, 21% used [0x00000006c0000000,0x00000006c15856c8,0x00000006c6480000)
 Metaspace       used 27640K, capacity 27986K, committed 28160K, reserved 1073152K
  class space    used 3411K, capacity 3516K, committed 3584K, reserved 1048576K
}
Event: 3.710 GC heap before
{Heap before GC invocations=7 (full 1):
 PSYoungGen      total 141824K, used 141810K [0x000000076ab00000, 0x000000077a180000, 0x00000007c0000000)
  eden space 131072K, 100% used [0x000000076ab00000,0x0000000772b00000,0x0000000772b00000)
  from space 10752K, 99% used [0x0000000772b00000,0x000000077357c928,0x0000000773580000)
  to   space 19968K, 0% used [0x0000000778e00000,0x0000000778e00000,0x000000077a180000)
 ParOldGen       total 102912K, used 22037K [0x00000006c0000000, 0x00000006c6480000, 0x000000076ab00000)
  object space 102912K, 21% used [0x00000006c0000000,0x00000006c15856c8,0x00000006c6480000)
 Metaspace       used 31172K, capacity 31618K, committed 31744K, reserved 1077248K
  class space    used 3881K, capacity 4004K, committed 4096K, reserved 1048576K
Event: 3.723 GC heap after
Heap after GC invocations=7 (full 1):
 PSYoungGen      total 224256K, used 12426K [0x000000076ab00000, 0x0000000779c80000, 0x00000007c0000000)
  eden space 209408K, 0% used [0x000000076ab00000,0x000000076ab00000,0x0000000777780000)
  from space 14848K, 83% used [0x0000000778e00000,0x0000000779a22a08,0x0000000779c80000)
  to   space 18944K, 0% used [0x0000000777780000,0x0000000777780000,0x0000000778a00000)
 ParOldGen       total 102912K, used 22045K [0x00000006c0000000, 0x00000006c6480000, 0x000000076ab00000)
  object space 102912K, 21% used [0x00000006c0000000,0x00000006c15876c8,0x00000006c6480000)
 Metaspace       used 31172K, capacity 31618K, committed 31744K, reserved 1077248K
  class space    used 3881K, capacity 4004K, committed 4096K, reserved 1048576K
}
Event: 4.426 GC heap before
{Heap before GC invocations=8 (full 1):
 PSYoungGen      total 224256K, used 152956K [0x000000076ab00000, 0x0000000779c80000, 0x00000007c0000000)
  eden space 209408K, 67% used [0x000000076ab00000,0x000000077343c7d8,0x0000000777780000)
  from space 14848K, 83% used [0x0000000778e00000,0x0000000779a22a08,0x0000000779c80000)
  to   space 18944K, 0% used [0x0000000777780000,0x0000000777780000,0x0000000778a00000)
 ParOldGen       total 102912K, used 22045K [0x00000006c0000000, 0x00000006c6480000, 0x000000076ab00000)
  object space 102912K, 21% used [0x00000006c0000000,0x00000006c15876c8,0x00000006c6480000)
 Metaspace       used 34903K, capacity 35328K, committed 35496K, reserved 1081344K
  class space    used 4429K, capacity 4553K, committed 4608K, reserved 1048576K
Event: 4.441 GC heap after
Heap after GC invocations=8 (full 1):
 PSYoungGen      total 228352K, used 17641K [0x000000076ab00000, 0x0000000781880000, 0x00000007c0000000)
  eden space 209408K, 0% used [0x000000076ab00000,0x000000076ab00000,0x0000000777780000)
  from space 18944K, 93% used [0x0000000777780000,0x00000007788ba400,0x0000000778a00000)
  to   space 20480K, 0% used [0x0000000780480000,0x0000000780480000,0x0000000781880000)
 ParOldGen       total 102912K, used 22053K [0x00000006c0000000, 0x00000006c6480000, 0x000000076ab00000)
  object space 102912K, 21% used [0x00000006c0000000,0x00000006c15896c8,0x00000006c6480000)
 Metaspace       used 34903K, capacity 35328K, committed 35496K, reserved 1081344K
  class space    used 4429K, capacity 4553K, committed 4608K, reserved 1048576K
}
Event: 4.441 GC heap before
{Heap before GC invocations=9 (full 2):
 PSYoungGen      total 228352K, used 17641K [0x000000076ab00000, 0x0000000781880000, 0x00000007c0000000)
  eden space 209408K, 0% used [0x000000076ab00000,0x000000076ab00000,0x0000000777780000)
  from space 18944K, 93% used [0x0000000777780000,0x00000007788ba400,0x0000000778a00000)
  to   space 20480K, 0% used [0x0000000780480000,0x0000000780480000,0x0000000781880000)
 ParOldGen       total 102912K, used 22053K [0x00000006c0000000, 0x00000006c6480000, 0x000000076ab00000)
  object space 102912K, 21% used [0x00000006c0000000,0x00000006c15896c8,0x00000006c6480000)
 Metaspace       used 34903K, capacity 35328K, committed 35496K, reserved 1081344K
  class space    used 4429K, capacity 4553K, committed 4608K, reserved 1048576K
Event: 4.504 GC heap after
Heap after GC invocations=9 (full 2):
 PSYoungGen      total 228352K, used 0K [0x000000076ab00000, 0x0000000781880000, 0x00000007c0000000)
  eden space 209408K, 0% used [0x000000076ab00000,0x000000076ab00000,0x0000000777780000)
  from space 18944K, 0% used [0x0000000777780000,0x0000000777780000,0x0000000778a00000)
  to   space 20480K, 0% used [0x0000000780480000,0x0000000780480000,0x0000000781880000)
 ParOldGen       total 169472K, used 28106K [0x00000006c0000000, 0x00000006ca580000, 0x000000076ab00000)
  object space 169472K, 16% used [0x00000006c0000000,0x00000006c1b729a8,0x00000006ca580000)
 Metaspace       used 34903K, capacity 35328K, committed 35496K, reserved 1081344K
  class space    used 4429K, capacity 4553K, committed 4608K, reserved 1048576K
}

