# JRE version: Java(TM) SE Runtime Environment (8.0_65-b17) (build 1.8.0_65-b17)
# Java VM: Java HotSpot(TM) 64-Bit Server VM (25.65-b01 mixed mode bsd-amd64 compressed oops)
Heap:
 PSYoungGen      total 268288K, used 108110K [0x000000076ab00000, 0x000000078a380000, 0x00000007c0000000)
  eden space 250368K, 43% used [0x000000076ab00000,0x0000000771493bd8,0x0000000779f80000)
  from space 17920K, 0% used [0x0000000779f80000,0x0000000779f80000,0x000000077b100000)
  to   space 19456K, 0% used [0x0000000789080000,0x0000000789080000,0x000000078a380000)
 ParOldGen       total 130048K, used 27755K [0x00000006c0000000, 0x00000006c7f00000, 0x000000076ab00000)
  object space 130048K, 21% used [0x00000006c0000000,0x00000006c1b1acb8,0x00000006c7f00000)
 Metaspace       used 41815K, capacity 42422K, committed 42624K, reserved 1087488K
  class space    used 5240K, capacity 5383K, committed 5504K, reserved 1048576K
GC Heap History (10 events):
Event: 11.554 GC heap before
{Heap before GC invocations=5 (full 1):
 PSYoungGen      total 141824K, used 10724K [0x000000076ab00000, 0x0000000774000000, 0x00000007c0000000)
  eden space 131072K, 0% used [0x000000076ab00000,0x000000076ab00000,0x0000000772b00000)
  from space 10752K, 99% used [0x0000000773580000,0x0000000773ff9108,0x0000000774000000)
  to   space 10752K, 0% used [0x0000000772b00000,0x0000000772b00000,0x0000000773580000)
 ParOldGen       total 175104K, used 2767K [0x00000006c0000000, 0x00000006cab00000, 0x000000076ab00000)
  object space 175104K, 1% used [0x00000006c0000000,0x00000006c02b3e60,0x00000006cab00000)
 Metaspace       used 20904K, capacity 21230K, committed 21296K, reserved 1069056K
  class space    used 2556K, capacity 2678K, committed 2688K, reserved 1048576K
Event: 11.585 GC heap after
Heap after GC invocations=5 (full 1):
 PSYoungGen      total 141824K, used 0K [0x000000076ab00000, 0x0000000774000000, 0x00000007c0000000)
  eden space 131072K, 0% used [0x000000076ab00000,0x000000076ab00000,0x0000000772b00000)
  from space 10752K, 0% used [0x0000000773580000,0x0000000773580000,0x0000000774000000)
  to   space 10752K, 0% used [0x0000000772b00000,0x0000000772b00000,0x0000000773580000)
 ParOldGen       total 84480K, used 11037K [0x00000006c0000000, 0x00000006c5280000, 0x000000076ab00000)
  object space 84480K, 13% used [0x00000006c0000000,0x00000006c0ac76a0,0x00000006c5280000)
 Metaspace       used 20904K, capacity 21230K, committed 21296K, reserved 1069056K
  class space    used 2556K, capacity 2678K, committed 2688K, reserved 1048576K
}
Event: 12.506 GC heap before
{Heap before GC invocations=6 (full 1):
 PSYoungGen      total 141824K, used 131072K [0x000000076ab00000, 0x0000000774000000, 0x00000007c0000000)
  eden space 131072K, 100% used [0x000000076ab00000,0x0000000772b00000,0x0000000772b00000)
  from space 10752K, 0% used [0x0000000773580000,0x0000000773580000,0x0000000774000000)
  to   space 10752K, 0% used [0x0000000772b00000,0x0000000772b00000,0x0000000773580000)
 ParOldGen       total 84480K, used 11037K [0x00000006c0000000, 0x00000006c5280000, 0x000000076ab00000)
  object space 84480K, 13% used [0x00000006c0000000,0x00000006c0ac76a0,0x00000006c5280000)
 Metaspace       used 27722K, capacity 28050K, committed 28416K, reserved 1075200K
  class space    used 3415K, capacity 3516K, committed 3584K, reserved 1048576K
Event: 12.537 GC heap after
Heap after GC invocations=6 (full 1):
 PSYoungGen      total 141824K, used 10745K [0x000000076ab00000, 0x000000077c580000, 0x00000007c0000000)
  eden space 131072K, 0% used [0x000000076ab00000,0x000000076ab00000,0x0000000772b00000)
  from space 10752K, 99% used [0x0000000772b00000,0x000000077357e798,0x0000000773580000)
  to   space 18944K, 0% used [0x000000077b300000,0x000000077b300000,0x000000077c580000)
 ParOldGen       total 84480K, used 20578K [0x00000006c0000000, 0x00000006c5280000, 0x000000076ab00000)
  object space 84480K, 24% used [0x00000006c0000000,0x00000006c14189d0,0x00000006c5280000)
 Metaspace       used 27722K, capacity 28050K, committed 28416K, reserved 1075200K
  class space    used 3415K, capacity 3516K, committed 3584K, reserved 1048576K
}
Event: 13.351 GC heap before
{Heap before GC invocations=7 (full 1):
 PSYoungGen      total 141824K, used 141817K [0x000000076ab00000, 0x000000077c580000, 0x00000007c0000000)
  eden space 131072K, 100% used [0x000000076ab00000,0x0000000772b00000,0x0000000772b00000)
  from space 10752K, 99% used [0x0000000772b00000,0x000000077357e798,0x0000000773580000)
  to   space 18944K, 0% used [0x000000077b300000,0x000000077b300000,0x000000077c580000)
 ParOldGen       total 84480K, used 20578K [0x00000006c0000000, 0x00000006c5280000, 0x000000076ab00000)
  object space 84480K, 24% used [0x00000006c0000000,0x00000006c14189d0,0x00000006c5280000)
 Metaspace       used 31251K, capacity 31682K, committed 32000K, reserved 1077248K
  class space    used 3884K, capacity 4004K, committed 4096K, reserved 1048576K
Event: 13.366 GC heap after
Heap after GC invocations=7 (full 1):
 PSYoungGen      total 266240K, used 12442K [0x000000076ab00000, 0x000000077c280000, 0x00000007c0000000)
  eden space 250368K, 0% used [0x000000076ab00000,0x000000076ab00000,0x0000000779f80000)
  from space 15872K, 78% used [0x000000077b300000,0x000000077bf26be8,0x000000077c280000)
  to   space 17920K, 0% used [0x0000000779f80000,0x0000000779f80000,0x000000077b100000)
 ParOldGen       total 84480K, used 20586K [0x00000006c0000000, 0x00000006c5280000, 0x000000076ab00000)
  object space 84480K, 24% used [0x00000006c0000000,0x00000006c141a9d0,0x00000006c5280000)
 Metaspace       used 31251K, capacity 31682K, committed 32000K, reserved 1077248K
  class space    used 3884K, capacity 4004K, committed 4096K, reserved 1048576K
}
Event: 14.198 GC heap before
{Heap before GC invocations=8 (full 1):
 PSYoungGen      total 266240K, used 151584K [0x000000076ab00000, 0x000000077c280000, 0x00000007c0000000)
  eden space 250368K, 55% used [0x000000076ab00000,0x00000007732e1738,0x0000000779f80000)
  from space 15872K, 78% used [0x000000077b300000,0x000000077bf26be8,0x000000077c280000)
  to   space 17920K, 0% used [0x0000000779f80000,0x0000000779f80000,0x000000077b100000)
 ParOldGen       total 84480K, used 20586K [0x00000006c0000000, 0x00000006c5280000, 0x000000076ab00000)
  object space 84480K, 24% used [0x00000006c0000000,0x00000006c141a9d0,0x00000006c5280000)
 Metaspace       used 34886K, capacity 35296K, committed 35496K, reserved 1081344K
  class space    used 4412K, capacity 4521K, committed 4608K, reserved 1048576K
Event: 14.219 GC heap after
Heap after GC invocations=8 (full 1):
 PSYoungGen      total 268288K, used 17464K [0x000000076ab00000, 0x000000078a380000, 0x00000007c0000000)
  eden space 250368K, 0% used [0x000000076ab00000,0x000000076ab00000,0x0000000779f80000)
  from space 17920K, 97% used [0x0000000779f80000,0x000000077b08e080,0x000000077b100000)
  to   space 19456K, 0% used [0x0000000789080000,0x0000000789080000,0x000000078a380000)
 ParOldGen       total 84480K, used 20594K [0x00000006c0000000, 0x00000006c5280000, 0x000000076ab00000)
  object space 84480K, 24% used [0x00000006c0000000,0x00000006c141c9d0,0x00000006c5280000)
 Metaspace       used 34886K, capacity 35296K, committed 35496K, reserved 1081344K
  class space    used 4412K, capacity 4521K, committed 4608K, reserved 1048576K
}
Event: 14.219 GC heap before
{Heap before GC invocations=9 (full 2):
 PSYoungGen      total 268288K, used 17464K [0x000000076ab00000, 0x000000078a380000, 0x00000007c0000000)
  eden space 250368K, 0% used [0x000000076ab00000,0x000000076ab00000,0x0000000779f80000)
  from space 17920K, 97% used [0x0000000779f80000,0x000000077b08e080,0x000000077b100000)
  to   space 19456K, 0% used [0x0000000789080000,0x0000000789080000,0x000000078a380000)
 ParOldGen       total 84480K, used 20594K [0x00000006c0000000, 0x00000006c5280000, 0x000000076ab00000)
  object space 84480K, 24% used [0x00000006c0000000,0x00000006c141c9d0,0x00000006c5280000)
 Metaspace       used 34886K, capacity 35296K, committed 35496K, reserved 1081344K
  class space    used 4412K, capacity 4521K, committed 4608K, reserved 1048576K
Event: 14.279 GC heap after
Heap after GC invocations=9 (full 2):
 PSYoungGen      total 268288K, used 0K [0x000000076ab00000, 0x000000078a380000, 0x00000007c0000000)
  eden space 250368K, 0% used [0x000000076ab00000,0x000000076ab00000,0x0000000779f80000)
  from space 17920K, 0% used [0x0000000779f80000,0x0000000779f80000,0x000000077b100000)
  to   space 19456K, 0% used [0x0000000789080000,0x0000000789080000,0x000000078a380000)
 ParOldGen       total 130048K, used 27755K [0x00000006c0000000, 0x00000006c7f00000, 0x000000076ab00000)
  object space 130048K, 21% used [0x00000006c0000000,0x00000006c1b1acb8,0x00000006c7f00000)
 Metaspace       used 34886K, capacity 35296K, committed 35496K, reserved 1081344K
  class space    used 4412K, capacity 4521K, committed 4608K, reserved 1048576K
}

