# JRE version: Java(TM) SE Runtime Environment (8.0_65-b17) (build 1.8.0_65-b17)
# Java VM: Java HotSpot(TM) 64-Bit Server VM (25.65-b01 mixed mode bsd-amd64 compressed oops)
Heap:
 PSYoungGen      total 265216K, used 139567K [0x000000076ab00000, 0x0000000789900000, 0x00000007c0000000)
  eden space 247808K, 56% used [0x000000076ab00000,0x000000077334bcf0,0x0000000779d00000)
  from space 17408K, 0% used [0x0000000779d00000,0x0000000779d00000,0x000000077ae00000)
  to   space 18944K, 0% used [0x0000000788680000,0x0000000788680000,0x0000000789900000)
 ParOldGen       total 133632K, used 27799K [0x00000006c0000000, 0x00000006c8280000, 0x000000076ab00000)
  object space 133632K, 20% used [0x00000006c0000000,0x00000006c1b25c28,0x00000006c8280000)
 Metaspace       used 47989K, capacity 48526K, committed 48640K, reserved 1091584K
  class space    used 5755K, capacity 5863K, committed 5888K, reserved 1048576K
GC Heap History (10 events):
Event: 11.539 GC heap before
{Heap before GC invocations=5 (full 1):
 PSYoungGen      total 141824K, used 10741K [0x000000076ab00000, 0x0000000774000000, 0x00000007c0000000)
  eden space 131072K, 0% used [0x000000076ab00000,0x000000076ab00000,0x0000000772b00000)
  from space 10752K, 99% used [0x0000000773580000,0x0000000773ffd760,0x0000000774000000)
  to   space 10752K, 0% used [0x0000000772b00000,0x0000000772b00000,0x0000000773580000)
 ParOldGen       total 175104K, used 2712K [0x00000006c0000000, 0x00000006cab00000, 0x000000076ab00000)
  object space 175104K, 1% used [0x00000006c0000000,0x00000006c02a6010,0x00000006cab00000)
 Metaspace       used 20916K, capacity 21198K, committed 21296K, reserved 1069056K
  class space    used 2554K, capacity 2646K, committed 2688K, reserved 1048576K
Event: 11.573 GC heap after
Heap after GC invocations=5 (full 1):
 PSYoungGen      total 141824K, used 0K [0x000000076ab00000, 0x0000000774000000, 0x00000007c0000000)
  eden space 131072K, 0% used [0x000000076ab00000,0x000000076ab00000,0x0000000772b00000)
  from space 10752K, 0% used [0x0000000773580000,0x0000000773580000,0x0000000774000000)
  to   space 10752K, 0% used [0x0000000772b00000,0x0000000772b00000,0x0000000773580000)
 ParOldGen       total 84992K, used 11049K [0x00000006c0000000, 0x00000006c5300000, 0x000000076ab00000)
  object space 84992K, 13% used [0x00000006c0000000,0x00000006c0aca760,0x00000006c5300000)
 Metaspace       used 20916K, capacity 21198K, committed 21296K, reserved 1069056K
  class space    used 2554K, capacity 2646K, committed 2688K, reserved 1048576K
}
Event: 12.377 GC heap before
{Heap before GC invocations=6 (full 1):
 PSYoungGen      total 141824K, used 131072K [0x000000076ab00000, 0x0000000774000000, 0x00000007c0000000)
  eden space 131072K, 100% used [0x000000076ab00000,0x0000000772b00000,0x0000000772b00000)
  from space 10752K, 0% used [0x0000000773580000,0x0000000773580000,0x0000000774000000)
  to   space 10752K, 0% used [0x0000000772b00000,0x0000000772b00000,0x0000000773580000)
 ParOldGen       total 84992K, used 11049K [0x00000006c0000000, 0x00000006c5300000, 0x000000076ab00000)
  object space 84992K, 13% used [0x00000006c0000000,0x00000006c0aca760,0x00000006c5300000)
 Metaspace       used 27707K, capacity 28050K, committed 28416K, reserved 1075200K
  class space    used 3415K, capacity 3516K, committed 3584K, reserved 1048576K
Event: 12.389 GC heap after
Heap after GC invocations=6 (full 1):
 PSYoungGen      total 141824K, used 10741K [0x000000076ab00000, 0x000000077c100000, 0x00000007c0000000)
  eden space 131072K, 0% used [0x000000076ab00000,0x000000076ab00000,0x0000000772b00000)
  from space 10752K, 99% used [0x0000000772b00000,0x000000077357d778,0x0000000773580000)
  to   space 17920K, 0% used [0x000000077af80000,0x000000077af80000,0x000000077c100000)
 ParOldGen       total 84992K, used 19630K [0x00000006c0000000, 0x00000006c5300000, 0x000000076ab00000)
  object space 84992K, 23% used [0x00000006c0000000,0x00000006c132bb00,0x00000006c5300000)
 Metaspace       used 27707K, capacity 28050K, committed 28416K, reserved 1075200K
  class space    used 3415K, capacity 3516K, committed 3584K, reserved 1048576K
}
Event: 13.087 GC heap before
{Heap before GC invocations=7 (full 1):
 PSYoungGen      total 141824K, used 141813K [0x000000076ab00000, 0x000000077c100000, 0x00000007c0000000)
  eden space 131072K, 100% used [0x000000076ab00000,0x0000000772b00000,0x0000000772b00000)
  from space 10752K, 99% used [0x0000000772b00000,0x000000077357d778,0x0000000773580000)
  to   space 17920K, 0% used [0x000000077af80000,0x000000077af80000,0x000000077c100000)
 ParOldGen       total 84992K, used 19630K [0x00000006c0000000, 0x00000006c5300000, 0x000000076ab00000)
  object space 84992K, 23% used [0x00000006c0000000,0x00000006c132bb00,0x00000006c5300000)
 Metaspace       used 31240K, capacity 31682K, committed 32000K, reserved 1077248K
  class space    used 3883K, capacity 4004K, committed 4096K, reserved 1048576K
Event: 13.099 GC heap after
Heap after GC invocations=7 (full 1):
 PSYoungGen      total 263680K, used 12452K [0x000000076ab00000, 0x000000077bf00000, 0x00000007c0000000)
  eden space 247808K, 0% used [0x000000076ab00000,0x000000076ab00000,0x0000000779d00000)
  from space 15872K, 78% used [0x000000077af80000,0x000000077bba9028,0x000000077bf00000)
  to   space 17408K, 0% used [0x0000000779d00000,0x0000000779d00000,0x000000077ae00000)
 ParOldGen       total 84992K, used 19638K [0x00000006c0000000, 0x00000006c5300000, 0x000000076ab00000)
  object space 84992K, 23% used [0x00000006c0000000,0x00000006c132db00,0x00000006c5300000)
 Metaspace       used 31240K, capacity 31682K, committed 32000K, reserved 1077248K
  class space    used 3883K, capacity 4004K, committed 4096K, reserved 1048576K
}
Event: 13.746 GC heap before
{Heap before GC invocations=8 (full 1):
 PSYoungGen      total 263680K, used 150648K [0x000000076ab00000, 0x000000077bf00000, 0x00000007c0000000)
  eden space 247808K, 55% used [0x000000076ab00000,0x00000007731f50f0,0x0000000779d00000)
  from space 15872K, 78% used [0x000000077af80000,0x000000077bba9028,0x000000077bf00000)
  to   space 17408K, 0% used [0x0000000779d00000,0x0000000779d00000,0x000000077ae00000)
 ParOldGen       total 84992K, used 19638K [0x00000006c0000000, 0x00000006c5300000, 0x000000076ab00000)
  object space 84992K, 23% used [0x00000006c0000000,0x00000006c132db00,0x00000006c5300000)
 Metaspace       used 34879K, capacity 35296K, committed 35496K, reserved 1081344K
  class space    used 4410K, capacity 4521K, committed 4608K, reserved 1048576K
Event: 13.762 GC heap after
Heap after GC invocations=8 (full 1):
 PSYoungGen      total 265216K, used 17398K [0x000000076ab00000, 0x0000000789900000, 0x00000007c0000000)
  eden space 247808K, 0% used [0x000000076ab00000,0x000000076ab00000,0x0000000779d00000)
  from space 17408K, 99% used [0x0000000779d00000,0x000000077adfd9f0,0x000000077ae00000)
  to   space 18944K, 0% used [0x0000000788680000,0x0000000788680000,0x0000000789900000)
 ParOldGen       total 84992K, used 19841K [0x00000006c0000000, 0x00000006c5300000, 0x000000076ab00000)
  object space 84992K, 23% used [0x00000006c0000000,0x00000006c1360598,0x00000006c5300000)
 Metaspace       used 34879K, capacity 35296K, committed 35496K, reserved 1081344K
  class space    used 4410K, capacity 4521K, committed 4608K, reserved 1048576K
}
Event: 13.762 GC heap before
{Heap before GC invocations=9 (full 2):
 PSYoungGen      total 265216K, used 17398K [0x000000076ab00000, 0x0000000789900000, 0x00000007c0000000)
  eden space 247808K, 0% used [0x000000076ab00000,0x000000076ab00000,0x0000000779d00000)
  from space 17408K, 99% used [0x0000000779d00000,0x000000077adfd9f0,0x000000077ae00000)
  to   space 18944K, 0% used [0x0000000788680000,0x0000000788680000,0x0000000789900000)
 ParOldGen       total 84992K, used 19841K [0x00000006c0000000, 0x00000006c5300000, 0x000000076ab00000)
  object space 84992K, 23% used [0x00000006c0000000,0x00000006c1360598,0x00000006c5300000)
 Metaspace       used 34879K, capacity 35296K, committed 35496K, reserved 1081344K
  class space    used 4410K, capacity 4521K, committed 4608K, reserved 1048576K
Event: 13.819 GC heap after
Heap after GC invocations=9 (full 2):
 PSYoungGen      total 265216K, used 0K [0x000000076ab00000, 0x0000000789900000, 0x00000007c0000000)
  eden space 247808K, 0% used [0x000000076ab00000,0x000000076ab00000,0x0000000779d00000)
  from space 17408K, 0% used [0x0000000779d00000,0x0000000779d00000,0x000000077ae00000)
  to   space 18944K, 0% used [0x0000000788680000,0x0000000788680000,0x0000000789900000)
 ParOldGen       total 133632K, used 27799K [0x00000006c0000000, 0x00000006c8280000, 0x000000076ab00000)
  object space 133632K, 20% used [0x00000006c0000000,0x00000006c1b25c28,0x00000006c8280000)
 Metaspace       used 34879K, capacity 35296K, committed 35496K, reserved 1081344K
  class space    used 4410K, capacity 4521K, committed 4608K, reserved 1048576K
}

