# JRE version: Java(TM) SE Runtime Environment (8.0_65-b17) (build 1.8.0_65-b17)
# Java VM: Java HotSpot(TM) 64-Bit Server VM (25.65-b01 mixed mode bsd-amd64 compressed oops)
Heap:
 PSYoungGen      total 266240K, used 110720K [0x000000076ab00000, 0x0000000789f00000, 0x00000007c0000000)
  eden space 248832K, 44% used [0x000000076ab00000,0x00000007717201b8,0x0000000779e00000)
  from space 17408K, 0% used [0x0000000779e00000,0x0000000779e00000,0x000000077af00000)
  to   space 19456K, 0% used [0x0000000788c00000,0x0000000788c00000,0x0000000789f00000)
 ParOldGen       total 132096K, used 27807K [0x00000006c0000000, 0x00000006c8100000, 0x000000076ab00000)
  object space 132096K, 21% used [0x00000006c0000000,0x00000006c1b27fa0,0x00000006c8100000)
 Metaspace       used 42153K, capacity 42668K, committed 42880K, reserved 1087488K
  class space    used 5274K, capacity 5392K, committed 5504K, reserved 1048576K
GC Heap History (10 events):
Event: 11.637 GC heap before
{Heap before GC invocations=5 (full 1):
 PSYoungGen      total 141824K, used 10740K [0x000000076ab00000, 0x0000000774000000, 0x00000007c0000000)
  eden space 131072K, 0% used [0x000000076ab00000,0x000000076ab00000,0x0000000772b00000)
  from space 10752K, 99% used [0x0000000773580000,0x0000000773ffd050,0x0000000774000000)
  to   space 10752K, 0% used [0x0000000772b00000,0x0000000772b00000,0x0000000773580000)
 ParOldGen       total 175104K, used 2807K [0x00000006c0000000, 0x00000006cab00000, 0x000000076ab00000)
  object space 175104K, 1% used [0x00000006c0000000,0x00000006c02bdd28,0x00000006cab00000)
 Metaspace       used 20913K, capacity 21230K, committed 21296K, reserved 1069056K
  class space    used 2555K, capacity 2678K, committed 2688K, reserved 1048576K
Event: 11.668 GC heap after
Heap after GC invocations=5 (full 1):
 PSYoungGen      total 141824K, used 0K [0x000000076ab00000, 0x0000000774000000, 0x00000007c0000000)
  eden space 131072K, 0% used [0x000000076ab00000,0x000000076ab00000,0x0000000772b00000)
  from space 10752K, 0% used [0x0000000773580000,0x0000000773580000,0x0000000774000000)
  to   space 10752K, 0% used [0x0000000772b00000,0x0000000772b00000,0x0000000773580000)
 ParOldGen       total 84480K, used 11040K [0x00000006c0000000, 0x00000006c5280000, 0x000000076ab00000)
  object space 84480K, 13% used [0x00000006c0000000,0x00000006c0ac8260,0x00000006c5280000)
 Metaspace       used 20913K, capacity 21230K, committed 21296K, reserved 1069056K
  class space    used 2555K, capacity 2678K, committed 2688K, reserved 1048576K
}
Event: 12.647 GC heap before
{Heap before GC invocations=6 (full 1):
 PSYoungGen      total 141824K, used 131072K [0x000000076ab00000, 0x0000000774000000, 0x00000007c0000000)
  eden space 131072K, 100% used [0x000000076ab00000,0x0000000772b00000,0x0000000772b00000)
  from space 10752K, 0% used [0x0000000773580000,0x0000000773580000,0x0000000774000000)
  to   space 10752K, 0% used [0x0000000772b00000,0x0000000772b00000,0x0000000773580000)
 ParOldGen       total 84480K, used 11040K [0x00000006c0000000, 0x00000006c5280000, 0x000000076ab00000)
  object space 84480K, 13% used [0x00000006c0000000,0x00000006c0ac8260,0x00000006c5280000)
 Metaspace       used 27708K, capacity 28050K, committed 28416K, reserved 1075200K
  class space    used 3416K, capacity 3516K, committed 3584K, reserved 1048576K
Event: 12.662 GC heap after
Heap after GC invocations=6 (full 1):
 PSYoungGen      total 141824K, used 10725K [0x000000076ab00000, 0x000000077c200000, 0x00000007c0000000)
  eden space 131072K, 0% used [0x000000076ab00000,0x000000076ab00000,0x0000000772b00000)
  from space 10752K, 99% used [0x0000000772b00000,0x0000000773579788,0x0000000773580000)
  to   space 17920K, 0% used [0x000000077b080000,0x000000077b080000,0x000000077c200000)
 ParOldGen       total 84480K, used 19757K [0x00000006c0000000, 0x00000006c5280000, 0x000000076ab00000)
  object space 84480K, 23% used [0x00000006c0000000,0x00000006c134b498,0x00000006c5280000)
 Metaspace       used 27708K, capacity 28050K, committed 28416K, reserved 1075200K
  class space    used 3416K, capacity 3516K, committed 3584K, reserved 1048576K
}
Event: 13.449 GC heap before
{Heap before GC invocations=7 (full 1):
 PSYoungGen      total 141824K, used 141797K [0x000000076ab00000, 0x000000077c200000, 0x00000007c0000000)
  eden space 131072K, 100% used [0x000000076ab00000,0x0000000772b00000,0x0000000772b00000)
  from space 10752K, 99% used [0x0000000772b00000,0x0000000773579788,0x0000000773580000)
  to   space 17920K, 0% used [0x000000077b080000,0x000000077b080000,0x000000077c200000)
 ParOldGen       total 84480K, used 19757K [0x00000006c0000000, 0x00000006c5280000, 0x000000076ab00000)
  object space 84480K, 23% used [0x00000006c0000000,0x00000006c134b498,0x00000006c5280000)
 Metaspace       used 31184K, capacity 31618K, committed 31744K, reserved 1077248K
  class space    used 3882K, capacity 4004K, committed 4096K, reserved 1048576K
Event: 13.460 GC heap after
Heap after GC invocations=7 (full 1):
 PSYoungGen      total 264704K, used 12372K [0x000000076ab00000, 0x000000077c000000, 0x00000007c0000000)
  eden space 248832K, 0% used [0x000000076ab00000,0x000000076ab00000,0x0000000779e00000)
  from space 15872K, 77% used [0x000000077b080000,0x000000077bc95018,0x000000077c000000)
  to   space 17408K, 0% used [0x0000000779e00000,0x0000000779e00000,0x000000077af00000)
 ParOldGen       total 84480K, used 19765K [0x00000006c0000000, 0x00000006c5280000, 0x000000076ab00000)
  object space 84480K, 23% used [0x00000006c0000000,0x00000006c134d498,0x00000006c5280000)
 Metaspace       used 31184K, capacity 31618K, committed 31744K, reserved 1077248K
  class space    used 3882K, capacity 4004K, committed 4096K, reserved 1048576K
}
Event: 14.120 GC heap before
{Heap before GC invocations=8 (full 1):
 PSYoungGen      total 264704K, used 154543K [0x000000076ab00000, 0x000000077c000000, 0x00000007c0000000)
  eden space 248832K, 57% used [0x000000076ab00000,0x00000007735d6cd8,0x0000000779e00000)
  from space 15872K, 77% used [0x000000077b080000,0x000000077bc95018,0x000000077c000000)
  to   space 17408K, 0% used [0x0000000779e00000,0x0000000779e00000,0x000000077af00000)
 ParOldGen       total 84480K, used 19765K [0x00000006c0000000, 0x00000006c5280000, 0x000000076ab00000)
  object space 84480K, 23% used [0x00000006c0000000,0x00000006c134d498,0x00000006c5280000)
 Metaspace       used 34881K, capacity 35296K, committed 35496K, reserved 1081344K
  class space    used 4416K, capacity 4521K, committed 4608K, reserved 1048576K
Event: 14.139 GC heap after
Heap after GC invocations=8 (full 1):
 PSYoungGen      total 266240K, used 17376K [0x000000076ab00000, 0x0000000789f00000, 0x00000007c0000000)
  eden space 248832K, 0% used [0x000000076ab00000,0x000000076ab00000,0x0000000779e00000)
  from space 17408K, 99% used [0x0000000779e00000,0x000000077aef8320,0x000000077af00000)
  to   space 19456K, 0% used [0x0000000788c00000,0x0000000788c00000,0x0000000789f00000)
 ParOldGen       total 84480K, used 19983K [0x00000006c0000000, 0x00000006c5280000, 0x000000076ab00000)
  object space 84480K, 23% used [0x00000006c0000000,0x00000006c1383d78,0x00000006c5280000)
 Metaspace       used 34881K, capacity 35296K, committed 35496K, reserved 1081344K
  class space    used 4416K, capacity 4521K, committed 4608K, reserved 1048576K
}
Event: 14.139 GC heap before
{Heap before GC invocations=9 (full 2):
 PSYoungGen      total 266240K, used 17376K [0x000000076ab00000, 0x0000000789f00000, 0x00000007c0000000)
  eden space 248832K, 0% used [0x000000076ab00000,0x000000076ab00000,0x0000000779e00000)
  from space 17408K, 99% used [0x0000000779e00000,0x000000077aef8320,0x000000077af00000)
  to   space 19456K, 0% used [0x0000000788c00000,0x0000000788c00000,0x0000000789f00000)
 ParOldGen       total 84480K, used 19983K [0x00000006c0000000, 0x00000006c5280000, 0x000000076ab00000)
  object space 84480K, 23% used [0x00000006c0000000,0x00000006c1383d78,0x00000006c5280000)
 Metaspace       used 34881K, capacity 35296K, committed 35496K, reserved 1081344K
  class space    used 4416K, capacity 4521K, committed 4608K, reserved 1048576K
Event: 14.202 GC heap after
Heap after GC invocations=9 (full 2):
 PSYoungGen      total 266240K, used 0K [0x000000076ab00000, 0x0000000789f00000, 0x00000007c0000000)
  eden space 248832K, 0% used [0x000000076ab00000,0x000000076ab00000,0x0000000779e00000)
  from space 17408K, 0% used [0x0000000779e00000,0x0000000779e00000,0x000000077af00000)
  to   space 19456K, 0% used [0x0000000788c00000,0x0000000788c00000,0x0000000789f00000)
 ParOldGen       total 132096K, used 27807K [0x00000006c0000000, 0x00000006c8100000, 0x000000076ab00000)
  object space 132096K, 21% used [0x00000006c0000000,0x00000006c1b27fa0,0x00000006c8100000)
 Metaspace       used 34881K, capacity 35296K, committed 35496K, reserved 1081344K
  class space    used 4416K, capacity 4521K, committed 4608K, reserved 1048576K
}

