# JRE version: Java(TM) SE Runtime Environment (8.0_65-b17) (build 1.8.0_65-b17)
# Java VM: Java HotSpot(TM) 64-Bit Server VM (25.65-b01 mixed mode bsd-amd64 compressed oops)
Heap:
 PSYoungGen      total 266240K, used 96621K [0x000000076ab00000, 0x0000000789c00000, 0x00000007c0000000)
  eden space 247808K, 38% used [0x000000076ab00000,0x000000077095b428,0x0000000779d00000)
  from space 18432K, 0% used [0x0000000779d00000,0x0000000779d00000,0x000000077af00000)
  to   space 19968K, 0% used [0x0000000788880000,0x0000000788880000,0x0000000789c00000)
 ParOldGen       total 134144K, used 27888K [0x00000006c0000000, 0x00000006c8300000, 0x000000076ab00000)
  object space 134144K, 20% used [0x00000006c0000000,0x00000006c1b3c138,0x00000006c8300000)
 Metaspace       used 41047K, capacity 41574K, committed 41728K, reserved 1085440K
  class space    used 5155K, capacity 5290K, committed 5376K, reserved 1048576K
GC Heap History (10 events):
Event: 11.301 GC heap before
{Heap before GC invocations=5 (full 1):
 PSYoungGen      total 141824K, used 10726K [0x000000076ab00000, 0x0000000774000000, 0x00000007c0000000)
  eden space 131072K, 0% used [0x000000076ab00000,0x000000076ab00000,0x0000000772b00000)
  from space 10752K, 99% used [0x0000000773580000,0x0000000773ff9970,0x0000000774000000)
  to   space 10752K, 0% used [0x0000000772b00000,0x0000000772b00000,0x0000000773580000)
 ParOldGen       total 175104K, used 2959K [0x00000006c0000000, 0x00000006cab00000, 0x000000076ab00000)
  object space 175104K, 1% used [0x00000006c0000000,0x00000006c02e3c50,0x00000006cab00000)
 Metaspace       used 20902K, capacity 21198K, committed 21296K, reserved 1069056K
  class space    used 2554K, capacity 2646K, committed 2688K, reserved 1048576K
Event: 11.333 GC heap after
Heap after GC invocations=5 (full 1):
 PSYoungGen      total 141824K, used 0K [0x000000076ab00000, 0x0000000774000000, 0x00000007c0000000)
  eden space 131072K, 0% used [0x000000076ab00000,0x000000076ab00000,0x0000000772b00000)
  from space 10752K, 0% used [0x0000000773580000,0x0000000773580000,0x0000000774000000)
  to   space 10752K, 0% used [0x0000000772b00000,0x0000000772b00000,0x0000000773580000)
 ParOldGen       total 84992K, used 11039K [0x00000006c0000000, 0x00000006c5300000, 0x000000076ab00000)
  object space 84992K, 12% used [0x00000006c0000000,0x00000006c0ac7f58,0x00000006c5300000)
 Metaspace       used 20902K, capacity 21198K, committed 21296K, reserved 1069056K
  class space    used 2554K, capacity 2646K, committed 2688K, reserved 1048576K
}
Event: 12.186 GC heap before
{Heap before GC invocations=6 (full 1):
 PSYoungGen      total 141824K, used 131072K [0x000000076ab00000, 0x0000000774000000, 0x00000007c0000000)
  eden space 131072K, 100% used [0x000000076ab00000,0x0000000772b00000,0x0000000772b00000)
  from space 10752K, 0% used [0x0000000773580000,0x0000000773580000,0x0000000774000000)
  to   space 10752K, 0% used [0x0000000772b00000,0x0000000772b00000,0x0000000773580000)
 ParOldGen       total 84992K, used 11039K [0x00000006c0000000, 0x00000006c5300000, 0x000000076ab00000)
  object space 84992K, 12% used [0x00000006c0000000,0x00000006c0ac7f58,0x00000006c5300000)
 Metaspace       used 27696K, capacity 28050K, committed 28416K, reserved 1075200K
  class space    used 3415K, capacity 3516K, committed 3584K, reserved 1048576K
Event: 12.200 GC heap after
Heap after GC invocations=6 (full 1):
 PSYoungGen      total 141824K, used 10729K [0x000000076ab00000, 0x000000077c380000, 0x00000007c0000000)
  eden space 131072K, 0% used [0x000000076ab00000,0x000000076ab00000,0x0000000772b00000)
  from space 10752K, 99% used [0x0000000772b00000,0x000000077357a7a8,0x0000000773580000)
  to   space 18944K, 0% used [0x000000077b100000,0x000000077b100000,0x000000077c380000)
 ParOldGen       total 84992K, used 21084K [0x00000006c0000000, 0x00000006c5300000, 0x000000076ab00000)
  object space 84992K, 24% used [0x00000006c0000000,0x00000006c1497320,0x00000006c5300000)
 Metaspace       used 27696K, capacity 28050K, committed 28416K, reserved 1075200K
  class space    used 3415K, capacity 3516K, committed 3584K, reserved 1048576K
}
Event: 12.910 GC heap before
{Heap before GC invocations=7 (full 1):
 PSYoungGen      total 141824K, used 141801K [0x000000076ab00000, 0x000000077c380000, 0x00000007c0000000)
  eden space 131072K, 100% used [0x000000076ab00000,0x0000000772b00000,0x0000000772b00000)
  from space 10752K, 99% used [0x0000000772b00000,0x000000077357a7a8,0x0000000773580000)
  to   space 18944K, 0% used [0x000000077b100000,0x000000077b100000,0x000000077c380000)
 ParOldGen       total 84992K, used 21084K [0x00000006c0000000, 0x00000006c5300000, 0x000000076ab00000)
  object space 84992K, 24% used [0x00000006c0000000,0x00000006c1497320,0x00000006c5300000)
 Metaspace       used 31195K, capacity 31618K, committed 31744K, reserved 1077248K
  class space    used 3881K, capacity 4004K, committed 4096K, reserved 1048576K
Event: 12.921 GC heap after
Heap after GC invocations=7 (full 1):
 PSYoungGen      total 264192K, used 12508K [0x000000076ab00000, 0x000000077c100000, 0x00000007c0000000)
  eden space 247808K, 0% used [0x000000076ab00000,0x000000076ab00000,0x0000000779d00000)
  from space 16384K, 76% used [0x000000077b100000,0x000000077bd37270,0x000000077c100000)
  to   space 18432K, 0% used [0x0000000779d00000,0x0000000779d00000,0x000000077af00000)
 ParOldGen       total 84992K, used 21092K [0x00000006c0000000, 0x00000006c5300000, 0x000000076ab00000)
  object space 84992K, 24% used [0x00000006c0000000,0x00000006c1499320,0x00000006c5300000)
 Metaspace       used 31195K, capacity 31618K, committed 31744K, reserved 1077248K
  class space    used 3881K, capacity 4004K, committed 4096K, reserved 1048576K
}
Event: 13.550 GC heap before
{Heap before GC invocations=8 (full 1):
 PSYoungGen      total 264192K, used 151174K [0x000000076ab00000, 0x000000077c100000, 0x00000007c0000000)
  eden space 247808K, 55% used [0x000000076ab00000,0x000000077326a6c0,0x0000000779d00000)
  from space 16384K, 76% used [0x000000077b100000,0x000000077bd37270,0x000000077c100000)
  to   space 18432K, 0% used [0x0000000779d00000,0x0000000779d00000,0x000000077af00000)
 ParOldGen       total 84992K, used 21092K [0x00000006c0000000, 0x00000006c5300000, 0x000000076ab00000)
  object space 84992K, 24% used [0x00000006c0000000,0x00000006c1499320,0x00000006c5300000)
 Metaspace       used 34856K, capacity 35296K, committed 35496K, reserved 1081344K
  class space    used 4414K, capacity 4521K, committed 4608K, reserved 1048576K
Event: 13.566 GC heap after
Heap after GC invocations=8 (full 1):
 PSYoungGen      total 266240K, used 17558K [0x000000076ab00000, 0x0000000789c00000, 0x00000007c0000000)
  eden space 247808K, 0% used [0x000000076ab00000,0x000000076ab00000,0x0000000779d00000)
  from space 18432K, 95% used [0x0000000779d00000,0x000000077ae25958,0x000000077af00000)
  to   space 19968K, 0% used [0x0000000788880000,0x0000000788880000,0x0000000789c00000)
 ParOldGen       total 84992K, used 21100K [0x00000006c0000000, 0x00000006c5300000, 0x000000076ab00000)
  object space 84992K, 24% used [0x00000006c0000000,0x00000006c149b320,0x00000006c5300000)
 Metaspace       used 34856K, capacity 35296K, committed 35496K, reserved 1081344K
  class space    used 4414K, capacity 4521K, committed 4608K, reserved 1048576K
}
Event: 13.566 GC heap before
{Heap before GC invocations=9 (full 2):
 PSYoungGen      total 266240K, used 17558K [0x000000076ab00000, 0x0000000789c00000, 0x00000007c0000000)
  eden space 247808K, 0% used [0x000000076ab00000,0x000000076ab00000,0x0000000779d00000)
  from space 18432K, 95% used [0x0000000779d00000,0x000000077ae25958,0x000000077af00000)
  to   space 19968K, 0% used [0x0000000788880000,0x0000000788880000,0x0000000789c00000)
 ParOldGen       total 84992K, used 21100K [0x00000006c0000000, 0x00000006c5300000, 0x000000076ab00000)
  object space 84992K, 24% used [0x00000006c0000000,0x00000006c149b320,0x00000006c5300000)
 Metaspace       used 34856K, capacity 35296K, committed 35496K, reserved 1081344K
  class space    used 4414K, capacity 4521K, committed 4608K, reserved 1048576K
Event: 13.621 GC heap after
Heap after GC invocations=9 (full 2):
 PSYoungGen      total 266240K, used 0K [0x000000076ab00000, 0x0000000789c00000, 0x00000007c0000000)
  eden space 247808K, 0% used [0x000000076ab00000,0x000000076ab00000,0x0000000779d00000)
  from space 18432K, 0% used [0x0000000779d00000,0x0000000779d00000,0x000000077af00000)
  to   space 19968K, 0% used [0x0000000788880000,0x0000000788880000,0x0000000789c00000)
 ParOldGen       total 134144K, used 27888K [0x00000006c0000000, 0x00000006c8300000, 0x000000076ab00000)
  object space 134144K, 20% used [0x00000006c0000000,0x00000006c1b3c138,0x00000006c8300000)
 Metaspace       used 34856K, capacity 35296K, committed 35496K, reserved 1081344K
  class space    used 4414K, capacity 4521K, committed 4608K, reserved 1048576K
}

