# JRE version: Java(TM) SE Runtime Environment (8.0_65-b17) (build 1.8.0_65-b17)
# Java VM: Java HotSpot(TM) 64-Bit Server VM (25.65-b01 mixed mode bsd-amd64 compressed oops)
Heap:
 PSYoungGen      total 227328K, used 124065K [0x000000076ab00000, 0x0000000781580000, 0x00000007c0000000)
  eden space 208896K, 59% used [0x000000076ab00000,0x0000000772428648,0x0000000777700000)
  from space 18432K, 0% used [0x0000000777700000,0x0000000777700000,0x0000000778900000)
  to   space 19968K, 0% used [0x0000000780200000,0x0000000780200000,0x0000000781580000)
 ParOldGen       total 168448K, used 27957K [0x00000006c0000000, 0x00000006ca480000, 0x000000076ab00000)
  object space 168448K, 16% used [0x00000006c0000000,0x00000006c1b4d4a0,0x00000006ca480000)
 Metaspace       used 41129K, capacity 41708K, committed 41984K, reserved 1085440K
  class space    used 5161K, capacity 5300K, committed 5376K, reserved 1048576K
GC Heap History (10 events):
Event: 2.112 GC heap before
{Heap before GC invocations=5 (full 1):
 PSYoungGen      total 141824K, used 10724K [0x000000076ab00000, 0x0000000774000000, 0x00000007c0000000)
  eden space 131072K, 0% used [0x000000076ab00000,0x000000076ab00000,0x0000000772b00000)
  from space 10752K, 99% used [0x0000000773580000,0x0000000773ff9220,0x0000000774000000)
  to   space 10752K, 0% used [0x0000000772b00000,0x0000000772b00000,0x0000000773580000)
 ParOldGen       total 175104K, used 3127K [0x00000006c0000000, 0x00000006cab00000, 0x000000076ab00000)
  object space 175104K, 1% used [0x00000006c0000000,0x00000006c030de30,0x00000006cab00000)
 Metaspace       used 20949K, capacity 21230K, committed 21296K, reserved 1069056K
  class space    used 2572K, capacity 2678K, committed 2688K, reserved 1048576K
Event: 2.149 GC heap after
Heap after GC invocations=5 (full 1):
 PSYoungGen      total 141824K, used 0K [0x000000076ab00000, 0x0000000774000000, 0x00000007c0000000)
  eden space 131072K, 0% used [0x000000076ab00000,0x000000076ab00000,0x0000000772b00000)
  from space 10752K, 0% used [0x0000000773580000,0x0000000773580000,0x0000000774000000)
  to   space 10752K, 0% used [0x0000000772b00000,0x0000000772b00000,0x0000000773580000)
 ParOldGen       total 103936K, used 11207K [0x00000006c0000000, 0x00000006c6580000, 0x000000076ab00000)
  object space 103936K, 10% used [0x00000006c0000000,0x00000006c0af1df8,0x00000006c6580000)
 Metaspace       used 20949K, capacity 21230K, committed 21296K, reserved 1069056K
  class space    used 2572K, capacity 2678K, committed 2688K, reserved 1048576K
}
Event: 3.140 GC heap before
{Heap before GC invocations=6 (full 1):
 PSYoungGen      total 141824K, used 131072K [0x000000076ab00000, 0x0000000774000000, 0x00000007c0000000)
  eden space 131072K, 100% used [0x000000076ab00000,0x0000000772b00000,0x0000000772b00000)
  from space 10752K, 0% used [0x0000000773580000,0x0000000773580000,0x0000000774000000)
  to   space 10752K, 0% used [0x0000000772b00000,0x0000000772b00000,0x0000000773580000)
 ParOldGen       total 103936K, used 11207K [0x00000006c0000000, 0x00000006c6580000, 0x000000076ab00000)
  object space 103936K, 10% used [0x00000006c0000000,0x00000006c0af1df8,0x00000006c6580000)
 Metaspace       used 27673K, capacity 28050K, committed 28416K, reserved 1075200K
  class space    used 3413K, capacity 3516K, committed 3584K, reserved 1048576K
Event: 3.155 GC heap after
Heap after GC invocations=6 (full 1):
 PSYoungGen      total 141824K, used 10729K [0x000000076ab00000, 0x0000000779b80000, 0x00000007c0000000)
  eden space 131072K, 0% used [0x000000076ab00000,0x000000076ab00000,0x0000000772b00000)
  from space 10752K, 99% used [0x0000000772b00000,0x000000077357a798,0x0000000773580000)
  to   space 18944K, 0% used [0x0000000778900000,0x0000000778900000,0x0000000779b80000)
 ParOldGen       total 103936K, used 21562K [0x00000006c0000000, 0x00000006c6580000, 0x000000076ab00000)
  object space 103936K, 20% used [0x00000006c0000000,0x00000006c150e840,0x00000006c6580000)
 Metaspace       used 27673K, capacity 28050K, committed 28416K, reserved 1075200K
  class space    used 3413K, capacity 3516K, committed 3584K, reserved 1048576K
}
Event: 3.929 GC heap before
{Heap before GC invocations=7 (full 1):
 PSYoungGen      total 141824K, used 141801K [0x000000076ab00000, 0x0000000779b80000, 0x00000007c0000000)
  eden space 131072K, 100% used [0x000000076ab00000,0x0000000772b00000,0x0000000772b00000)
  from space 10752K, 99% used [0x0000000772b00000,0x000000077357a798,0x0000000773580000)
  to   space 18944K, 0% used [0x0000000778900000,0x0000000778900000,0x0000000779b80000)
 ParOldGen       total 103936K, used 21562K [0x00000006c0000000, 0x00000006c6580000, 0x000000076ab00000)
  object space 103936K, 20% used [0x00000006c0000000,0x00000006c150e840,0x00000006c6580000)
 Metaspace       used 31333K, capacity 31810K, committed 32000K, reserved 1077248K
  class space    used 3893K, capacity 4004K, committed 4096K, reserved 1048576K
Event: 3.950 GC heap after
Heap after GC invocations=7 (full 1):
 PSYoungGen      total 227328K, used 12631K [0x000000076ab00000, 0x0000000779b00000, 0x00000007c0000000)
  eden space 208896K, 0% used [0x000000076ab00000,0x000000076ab00000,0x0000000777700000)
  from space 18432K, 68% used [0x0000000778900000,0x0000000779555e60,0x0000000779b00000)
  to   space 18432K, 0% used [0x0000000777700000,0x0000000777700000,0x0000000778900000)
 ParOldGen       total 103936K, used 21570K [0x00000006c0000000, 0x00000006c6580000, 0x000000076ab00000)
  object space 103936K, 20% used [0x00000006c0000000,0x00000006c1510840,0x00000006c6580000)
 Metaspace       used 31333K, capacity 31810K, committed 32000K, reserved 1077248K
  class space    used 3893K, capacity 4004K, committed 4096K, reserved 1048576K
}
Event: 4.878 GC heap before
{Heap before GC invocations=8 (full 1):
 PSYoungGen      total 227328K, used 147172K [0x000000076ab00000, 0x0000000779b00000, 0x00000007c0000000)
  eden space 208896K, 64% used [0x000000076ab00000,0x0000000772e631e8,0x0000000777700000)
  from space 18432K, 68% used [0x0000000778900000,0x0000000779555e60,0x0000000779b00000)
  to   space 18432K, 0% used [0x0000000777700000,0x0000000777700000,0x0000000778900000)
 ParOldGen       total 103936K, used 21570K [0x00000006c0000000, 0x00000006c6580000, 0x000000076ab00000)
  object space 103936K, 20% used [0x00000006c0000000,0x00000006c1510840,0x00000006c6580000)
 Metaspace       used 34904K, capacity 35296K, committed 35496K, reserved 1081344K
  class space    used 4424K, capacity 4521K, committed 4608K, reserved 1048576K
Event: 4.899 GC heap after
Heap after GC invocations=8 (full 1):
 PSYoungGen      total 227328K, used 17419K [0x000000076ab00000, 0x0000000781580000, 0x00000007c0000000)
  eden space 208896K, 0% used [0x000000076ab00000,0x000000076ab00000,0x0000000777700000)
  from space 18432K, 94% used [0x0000000777700000,0x0000000778802e00,0x0000000778900000)
  to   space 19968K, 0% used [0x0000000780200000,0x0000000780200000,0x0000000781580000)
 ParOldGen       total 103936K, used 21578K [0x00000006c0000000, 0x00000006c6580000, 0x000000076ab00000)
  object space 103936K, 20% used [0x00000006c0000000,0x00000006c1512840,0x00000006c6580000)
 Metaspace       used 34904K, capacity 35296K, committed 35496K, reserved 1081344K
  class space    used 4424K, capacity 4521K, committed 4608K, reserved 1048576K
}
Event: 4.899 GC heap before
{Heap before GC invocations=9 (full 2):
 PSYoungGen      total 227328K, used 17419K [0x000000076ab00000, 0x0000000781580000, 0x00000007c0000000)
  eden space 208896K, 0% used [0x000000076ab00000,0x000000076ab00000,0x0000000777700000)
  from space 18432K, 94% used [0x0000000777700000,0x0000000778802e00,0x0000000778900000)
  to   space 19968K, 0% used [0x0000000780200000,0x0000000780200000,0x0000000781580000)
 ParOldGen       total 103936K, used 21578K [0x00000006c0000000, 0x00000006c6580000, 0x000000076ab00000)
  object space 103936K, 20% used [0x00000006c0000000,0x00000006c1512840,0x00000006c6580000)
 Metaspace       used 34904K, capacity 35296K, committed 35496K, reserved 1081344K
  class space    used 4424K, capacity 4521K, committed 4608K, reserved 1048576K
Event: 4.969 GC heap after
Heap after GC invocations=9 (full 2):
 PSYoungGen      total 227328K, used 0K [0x000000076ab00000, 0x0000000781580000, 0x00000007c0000000)
  eden space 208896K, 0% used [0x000000076ab00000,0x000000076ab00000,0x0000000777700000)
  from space 18432K, 0% used [0x0000000777700000,0x0000000777700000,0x0000000778900000)
  to   space 19968K, 0% used [0x0000000780200000,0x0000000780200000,0x0000000781580000)
 ParOldGen       total 168448K, used 27957K [0x00000006c0000000, 0x00000006ca480000, 0x000000076ab00000)
  object space 168448K, 16% used [0x00000006c0000000,0x00000006c1b4d4a0,0x00000006ca480000)
 Metaspace       used 34904K, capacity 35296K, committed 35496K, reserved 1081344K
  class space    used 4424K, capacity 4521K, committed 4608K, reserved 1048576K
}

