# JRE version: Java(TM) SE Runtime Environment (8.0_65-b17) (build 1.8.0_65-b17)
# Java VM: Java HotSpot(TM) 64-Bit Server VM (25.65-b01 mixed mode bsd-amd64 compressed oops)
Heap:
 PSYoungGen      total 267776K, used 98792K [0x000000076ab00000, 0x000000078a180000, 0x00000007c0000000)
  eden space 249344K, 39% used [0x000000076ab00000,0x0000000770b7a058,0x0000000779e80000)
  from space 18432K, 0% used [0x0000000779e80000,0x0000000779e80000,0x000000077b080000)
  to   space 19968K, 0% used [0x0000000788e00000,0x0000000788e00000,0x000000078a180000)
 ParOldGen       total 132096K, used 27633K [0x00000006c0000000, 0x00000006c8100000, 0x000000076ab00000)
  object space 132096K, 20% used [0x00000006c0000000,0x00000006c1afc608,0x00000006c8100000)
 Metaspace       used 40926K, capacity 41490K, committed 41728K, reserved 1085440K
  class space    used 5150K, capacity 5287K, committed 5376K, reserved 1048576K
GC Heap History (10 events):
Event: 11.544 GC heap before
{Heap before GC invocations=5 (full 1):
 PSYoungGen      total 141824K, used 10725K [0x000000076ab00000, 0x0000000774000000, 0x00000007c0000000)
  eden space 131072K, 0% used [0x000000076ab00000,0x000000076ab00000,0x0000000772b00000)
  from space 10752K, 99% used [0x0000000773580000,0x0000000773ff9440,0x0000000774000000)
  to   space 10752K, 0% used [0x0000000772b00000,0x0000000772b00000,0x0000000773580000)
 ParOldGen       total 175104K, used 2828K [0x00000006c0000000, 0x00000006cab00000, 0x000000076ab00000)
  object space 175104K, 1% used [0x00000006c0000000,0x00000006c02c3230,0x00000006cab00000)
 Metaspace       used 20914K, capacity 21230K, committed 21296K, reserved 1069056K
  class space    used 2555K, capacity 2678K, committed 2688K, reserved 1048576K
Event: 11.577 GC heap after
Heap after GC invocations=5 (full 1):
 PSYoungGen      total 141824K, used 0K [0x000000076ab00000, 0x0000000774000000, 0x00000007c0000000)
  eden space 131072K, 0% used [0x000000076ab00000,0x000000076ab00000,0x0000000772b00000)
  from space 10752K, 0% used [0x0000000773580000,0x0000000773580000,0x0000000774000000)
  to   space 10752K, 0% used [0x0000000772b00000,0x0000000772b00000,0x0000000773580000)
 ParOldGen       total 84480K, used 11038K [0x00000006c0000000, 0x00000006c5280000, 0x000000076ab00000)
  object space 84480K, 13% used [0x00000006c0000000,0x00000006c0ac7b88,0x00000006c5280000)
 Metaspace       used 20914K, capacity 21230K, committed 21296K, reserved 1069056K
  class space    used 2555K, capacity 2678K, committed 2688K, reserved 1048576K
}
Event: 12.432 GC heap before
{Heap before GC invocations=6 (full 1):
 PSYoungGen      total 141824K, used 131072K [0x000000076ab00000, 0x0000000774000000, 0x00000007c0000000)
  eden space 131072K, 100% used [0x000000076ab00000,0x0000000772b00000,0x0000000772b00000)
  from space 10752K, 0% used [0x0000000773580000,0x0000000773580000,0x0000000774000000)
  to   space 10752K, 0% used [0x0000000772b00000,0x0000000772b00000,0x0000000773580000)
 ParOldGen       total 84480K, used 11038K [0x00000006c0000000, 0x00000006c5280000, 0x000000076ab00000)
  object space 84480K, 13% used [0x00000006c0000000,0x00000006c0ac7b88,0x00000006c5280000)
 Metaspace       used 27723K, capacity 28050K, committed 28416K, reserved 1075200K
  class space    used 3416K, capacity 3516K, committed 3584K, reserved 1048576K
Event: 12.452 GC heap after
Heap after GC invocations=6 (full 1):
 PSYoungGen      total 141824K, used 10726K [0x000000076ab00000, 0x000000077c600000, 0x00000007c0000000)
  eden space 131072K, 0% used [0x000000076ab00000,0x000000076ab00000,0x0000000772b00000)
  from space 10752K, 99% used [0x0000000772b00000,0x0000000773579938,0x0000000773580000)
  to   space 19456K, 0% used [0x000000077b300000,0x000000077b300000,0x000000077c600000)
 ParOldGen       total 84480K, used 21689K [0x00000006c0000000, 0x00000006c5280000, 0x000000076ab00000)
  object space 84480K, 25% used [0x00000006c0000000,0x00000006c152e658,0x00000006c5280000)
 Metaspace       used 27723K, capacity 28050K, committed 28416K, reserved 1075200K
  class space    used 3416K, capacity 3516K, committed 3584K, reserved 1048576K
}
Event: 13.166 GC heap before
{Heap before GC invocations=7 (full 1):
 PSYoungGen      total 141824K, used 141798K [0x000000076ab00000, 0x000000077c600000, 0x00000007c0000000)
  eden space 131072K, 100% used [0x000000076ab00000,0x0000000772b00000,0x0000000772b00000)
  from space 10752K, 99% used [0x0000000772b00000,0x0000000773579938,0x0000000773580000)
  to   space 19456K, 0% used [0x000000077b300000,0x000000077b300000,0x000000077c600000)
 ParOldGen       total 84480K, used 21689K [0x00000006c0000000, 0x00000006c5280000, 0x000000076ab00000)
  object space 84480K, 25% used [0x00000006c0000000,0x00000006c152e658,0x00000006c5280000)
 Metaspace       used 31467K, capacity 31906K, committed 32000K, reserved 1077248K
  class space    used 3912K, capacity 4036K, committed 4096K, reserved 1048576K
Event: 13.178 GC heap after
Heap after GC invocations=7 (full 1):
 PSYoungGen      total 265216K, used 12887K [0x000000076ab00000, 0x000000077c280000, 0x00000007c0000000)
  eden space 249344K, 0% used [0x000000076ab00000,0x000000076ab00000,0x0000000779e80000)
  from space 15872K, 81% used [0x000000077b300000,0x000000077bf95fb0,0x000000077c280000)
  to   space 18432K, 0% used [0x0000000779e80000,0x0000000779e80000,0x000000077b080000)
 ParOldGen       total 84480K, used 21697K [0x00000006c0000000, 0x00000006c5280000, 0x000000076ab00000)
  object space 84480K, 25% used [0x00000006c0000000,0x00000006c1530658,0x00000006c5280000)
 Metaspace       used 31467K, capacity 31906K, committed 32000K, reserved 1077248K
  class space    used 3912K, capacity 4036K, committed 4096K, reserved 1048576K
}
Event: 13.822 GC heap before
{Heap before GC invocations=8 (full 1):
 PSYoungGen      total 265216K, used 147566K [0x000000076ab00000, 0x000000077c280000, 0x00000007c0000000)
  eden space 249344K, 54% used [0x000000076ab00000,0x0000000772e85920,0x0000000779e80000)
  from space 15872K, 81% used [0x000000077b300000,0x000000077bf95fb0,0x000000077c280000)
  to   space 18432K, 0% used [0x0000000779e80000,0x0000000779e80000,0x000000077b080000)
 ParOldGen       total 84480K, used 21697K [0x00000006c0000000, 0x00000006c5280000, 0x000000076ab00000)
  object space 84480K, 25% used [0x00000006c0000000,0x00000006c1530658,0x00000006c5280000)
 Metaspace       used 34869K, capacity 35296K, committed 35496K, reserved 1081344K
  class space    used 4416K, capacity 4521K, committed 4608K, reserved 1048576K
Event: 13.841 GC heap after
Heap after GC invocations=8 (full 1):
 PSYoungGen      total 267776K, used 17366K [0x000000076ab00000, 0x000000078a180000, 0x00000007c0000000)
  eden space 249344K, 0% used [0x000000076ab00000,0x000000076ab00000,0x0000000779e80000)
  from space 18432K, 94% used [0x0000000779e80000,0x000000077af75ab8,0x000000077b080000)
  to   space 19968K, 0% used [0x0000000788e00000,0x0000000788e00000,0x000000078a180000)
 ParOldGen       total 84480K, used 21705K [0x00000006c0000000, 0x00000006c5280000, 0x000000076ab00000)
  object space 84480K, 25% used [0x00000006c0000000,0x00000006c1532658,0x00000006c5280000)
 Metaspace       used 34869K, capacity 35296K, committed 35496K, reserved 1081344K
  class space    used 4416K, capacity 4521K, committed 4608K, reserved 1048576K
}
Event: 13.841 GC heap before
{Heap before GC invocations=9 (full 2):
 PSYoungGen      total 267776K, used 17366K [0x000000076ab00000, 0x000000078a180000, 0x00000007c0000000)
  eden space 249344K, 0% used [0x000000076ab00000,0x000000076ab00000,0x0000000779e80000)
  from space 18432K, 94% used [0x0000000779e80000,0x000000077af75ab8,0x000000077b080000)
  to   space 19968K, 0% used [0x0000000788e00000,0x0000000788e00000,0x000000078a180000)
 ParOldGen       total 84480K, used 21705K [0x00000006c0000000, 0x00000006c5280000, 0x000000076ab00000)
  object space 84480K, 25% used [0x00000006c0000000,0x00000006c1532658,0x00000006c5280000)
 Metaspace       used 34869K, capacity 35296K, committed 35496K, reserved 1081344K
  class space    used 4416K, capacity 4521K, committed 4608K, reserved 1048576K
Event: 13.901 GC heap after
Heap after GC invocations=9 (full 2):
 PSYoungGen      total 267776K, used 0K [0x000000076ab00000, 0x000000078a180000, 0x00000007c0000000)
  eden space 249344K, 0% used [0x000000076ab00000,0x000000076ab00000,0x0000000779e80000)
  from space 18432K, 0% used [0x0000000779e80000,0x0000000779e80000,0x000000077b080000)
  to   space 19968K, 0% used [0x0000000788e00000,0x0000000788e00000,0x000000078a180000)
 ParOldGen       total 132096K, used 27633K [0x00000006c0000000, 0x00000006c8100000, 0x000000076ab00000)
  object space 132096K, 20% used [0x00000006c0000000,0x00000006c1afc608,0x00000006c8100000)
 Metaspace       used 34869K, capacity 35296K, committed 35496K, reserved 1081344K
  class space    used 4416K, capacity 4521K, committed 4608K, reserved 1048576K
}

