# JRE version: Java(TM) SE Runtime Environment (8.0_65-b17) (build 1.8.0_65-b17)
# Java VM: Java HotSpot(TM) 64-Bit Server VM (25.65-b01 mixed mode bsd-amd64 compressed oops)
Heap:
 PSYoungGen      total 224256K, used 86697K [0x000000076ab00000, 0x0000000780d80000, 0x00000007c0000000)
  eden space 205312K, 42% used [0x000000076ab00000,0x000000076ffaa438,0x0000000777380000)
  from space 18944K, 0% used [0x0000000777380000,0x0000000777380000,0x0000000778600000)
  to   space 20480K, 0% used [0x000000077f980000,0x000000077f980000,0x0000000780d80000)
 ParOldGen       total 172032K, used 27999K [0x00000006c0000000, 0x00000006ca800000, 0x000000076ab00000)
  object space 172032K, 16% used [0x00000006c0000000,0x00000006c1b57cd0,0x00000006ca800000)
 Metaspace       used 40874K, capacity 41416K, committed 41728K, reserved 1085440K
  class space    used 5149K, capacity 5285K, committed 5376K, reserved 1048576K
GC Heap History (10 events):
Event: 2.223 GC heap before
{Heap before GC invocations=5 (full 1):
 PSYoungGen      total 141824K, used 10746K [0x000000076ab00000, 0x0000000774000000, 0x00000007c0000000)
  eden space 131072K, 0% used [0x000000076ab00000,0x000000076ab00000,0x0000000772b00000)
  from space 10752K, 99% used [0x0000000773580000,0x0000000773ffe828,0x0000000774000000)
  to   space 10752K, 0% used [0x0000000772b00000,0x0000000772b00000,0x0000000773580000)
 ParOldGen       total 175104K, used 3105K [0x00000006c0000000, 0x00000006cab00000, 0x000000076ab00000)
  object space 175104K, 1% used [0x00000006c0000000,0x00000006c0308468,0x00000006cab00000)
 Metaspace       used 20941K, capacity 21230K, committed 21296K, reserved 1069056K
  class space    used 2571K, capacity 2678K, committed 2688K, reserved 1048576K
Event: 2.262 GC heap after
Heap after GC invocations=5 (full 1):
 PSYoungGen      total 141824K, used 0K [0x000000076ab00000, 0x0000000774000000, 0x00000007c0000000)
  eden space 131072K, 0% used [0x000000076ab00000,0x000000076ab00000,0x0000000772b00000)
  from space 10752K, 0% used [0x0000000773580000,0x0000000773580000,0x0000000774000000)
  to   space 10752K, 0% used [0x0000000772b00000,0x0000000772b00000,0x0000000773580000)
 ParOldGen       total 104448K, used 11235K [0x00000006c0000000, 0x00000006c6600000, 0x000000076ab00000)
  object space 104448K, 10% used [0x00000006c0000000,0x00000006c0af8e88,0x00000006c6600000)
 Metaspace       used 20941K, capacity 21230K, committed 21296K, reserved 1069056K
  class space    used 2571K, capacity 2678K, committed 2688K, reserved 1048576K
}
Event: 3.237 GC heap before
{Heap before GC invocations=6 (full 1):
 PSYoungGen      total 141824K, used 131072K [0x000000076ab00000, 0x0000000774000000, 0x00000007c0000000)
  eden space 131072K, 100% used [0x000000076ab00000,0x0000000772b00000,0x0000000772b00000)
  from space 10752K, 0% used [0x0000000773580000,0x0000000773580000,0x0000000774000000)
  to   space 10752K, 0% used [0x0000000772b00000,0x0000000772b00000,0x0000000773580000)
 ParOldGen       total 104448K, used 11235K [0x00000006c0000000, 0x00000006c6600000, 0x000000076ab00000)
  object space 104448K, 10% used [0x00000006c0000000,0x00000006c0af8e88,0x00000006c6600000)
 Metaspace       used 27631K, capacity 27986K, committed 28160K, reserved 1073152K
  class space    used 3411K, capacity 3516K, committed 3584K, reserved 1048576K
Event: 3.253 GC heap after
Heap after GC invocations=6 (full 1):
 PSYoungGen      total 141824K, used 10726K [0x000000076ab00000, 0x0000000779d80000, 0x00000007c0000000)
  eden space 131072K, 0% used [0x000000076ab00000,0x000000076ab00000,0x0000000772b00000)
  from space 10752K, 99% used [0x0000000772b00000,0x0000000773579938,0x0000000773580000)
  to   space 19968K, 0% used [0x0000000778a00000,0x0000000778a00000,0x0000000779d80000)
 ParOldGen       total 104448K, used 22504K [0x00000006c0000000, 0x00000006c6600000, 0x000000076ab00000)
  object space 104448K, 21% used [0x00000006c0000000,0x00000006c15fa028,0x00000006c6600000)
 Metaspace       used 27631K, capacity 27986K, committed 28160K, reserved 1073152K
  class space    used 3411K, capacity 3516K, committed 3584K, reserved 1048576K
}
Event: 3.999 GC heap before
{Heap before GC invocations=7 (full 1):
 PSYoungGen      total 141824K, used 141798K [0x000000076ab00000, 0x0000000779d80000, 0x00000007c0000000)
  eden space 131072K, 100% used [0x000000076ab00000,0x0000000772b00000,0x0000000772b00000)
  from space 10752K, 99% used [0x0000000772b00000,0x0000000773579938,0x0000000773580000)
  to   space 19968K, 0% used [0x0000000778a00000,0x0000000778a00000,0x0000000779d80000)
 ParOldGen       total 104448K, used 22504K [0x00000006c0000000, 0x00000006c6600000, 0x000000076ab00000)
  object space 104448K, 21% used [0x00000006c0000000,0x00000006c15fa028,0x00000006c6600000)
 Metaspace       used 31265K, capacity 31682K, committed 32000K, reserved 1077248K
  class space    used 3890K, capacity 4004K, committed 4096K, reserved 1048576K
Event: 4.011 GC heap after
Heap after GC invocations=7 (full 1):
 PSYoungGen      total 220160K, used 12566K [0x000000076ab00000, 0x0000000779880000, 0x00000007c0000000)
  eden space 205312K, 0% used [0x000000076ab00000,0x000000076ab00000,0x0000000777380000)
  from space 14848K, 84% used [0x0000000778a00000,0x0000000779645bc8,0x0000000779880000)
  to   space 18944K, 0% used [0x0000000777380000,0x0000000777380000,0x0000000778600000)
 ParOldGen       total 104448K, used 22512K [0x00000006c0000000, 0x00000006c6600000, 0x000000076ab00000)
  object space 104448K, 21% used [0x00000006c0000000,0x00000006c15fc028,0x00000006c6600000)
 Metaspace       used 31265K, capacity 31682K, committed 32000K, reserved 1077248K
  class space    used 3890K, capacity 4004K, committed 4096K, reserved 1048576K
}
Event: 4.614 GC heap before
{Heap before GC invocations=8 (full 1):
 PSYoungGen      total 220160K, used 145716K [0x000000076ab00000, 0x0000000779880000, 0x00000007c0000000)
  eden space 205312K, 64% used [0x000000076ab00000,0x0000000772d07698,0x0000000777380000)
  from space 14848K, 84% used [0x0000000778a00000,0x0000000779645bc8,0x0000000779880000)
  to   space 18944K, 0% used [0x0000000777380000,0x0000000777380000,0x0000000778600000)
 ParOldGen       total 104448K, used 22512K [0x00000006c0000000, 0x00000006c6600000, 0x000000076ab00000)
  object space 104448K, 21% used [0x00000006c0000000,0x00000006c15fc028,0x00000006c6600000)
 Metaspace       used 34917K, capacity 35328K, committed 35496K, reserved 1081344K
  class space    used 4434K, capacity 4553K, committed 4608K, reserved 1048576K
Event: 4.628 GC heap after
Heap after GC invocations=8 (full 1):
 PSYoungGen      total 224256K, used 17474K [0x000000076ab00000, 0x0000000780d80000, 0x00000007c0000000)
  eden space 205312K, 0% used [0x000000076ab00000,0x000000076ab00000,0x0000000777380000)
  from space 18944K, 92% used [0x0000000777380000,0x0000000778490b70,0x0000000778600000)
  to   space 20480K, 0% used [0x000000077f980000,0x000000077f980000,0x0000000780d80000)
 ParOldGen       total 104448K, used 22520K [0x00000006c0000000, 0x00000006c6600000, 0x000000076ab00000)
  object space 104448K, 21% used [0x00000006c0000000,0x00000006c15fe028,0x00000006c6600000)
 Metaspace       used 34917K, capacity 35328K, committed 35496K, reserved 1081344K
  class space    used 4434K, capacity 4553K, committed 4608K, reserved 1048576K
}
Event: 4.628 GC heap before
{Heap before GC invocations=9 (full 2):
 PSYoungGen      total 224256K, used 17474K [0x000000076ab00000, 0x0000000780d80000, 0x00000007c0000000)
  eden space 205312K, 0% used [0x000000076ab00000,0x000000076ab00000,0x0000000777380000)
  from space 18944K, 92% used [0x0000000777380000,0x0000000778490b70,0x0000000778600000)
  to   space 20480K, 0% used [0x000000077f980000,0x000000077f980000,0x0000000780d80000)
 ParOldGen       total 104448K, used 22520K [0x00000006c0000000, 0x00000006c6600000, 0x000000076ab00000)
  object space 104448K, 21% used [0x00000006c0000000,0x00000006c15fe028,0x00000006c6600000)
 Metaspace       used 34917K, capacity 35328K, committed 35496K, reserved 1081344K
  class space    used 4434K, capacity 4553K, committed 4608K, reserved 1048576K
Event: 4.690 GC heap after
Heap after GC invocations=9 (full 2):
 PSYoungGen      total 224256K, used 0K [0x000000076ab00000, 0x0000000780d80000, 0x00000007c0000000)
  eden space 205312K, 0% used [0x000000076ab00000,0x000000076ab00000,0x0000000777380000)
  from space 18944K, 0% used [0x0000000777380000,0x0000000777380000,0x0000000778600000)
  to   space 20480K, 0% used [0x000000077f980000,0x000000077f980000,0x0000000780d80000)
 ParOldGen       total 172032K, used 27999K [0x00000006c0000000, 0x00000006ca800000, 0x000000076ab00000)
  object space 172032K, 16% used [0x00000006c0000000,0x00000006c1b57cd0,0x00000006ca800000)
 Metaspace       used 34917K, capacity 35328K, committed 35496K, reserved 1081344K
  class space    used 4434K, capacity 4553K, committed 4608K, reserved 1048576K
}

