# JRE version: Java(TM) SE Runtime Environment (8.0_65-b17) (build 1.8.0_65-b17)
# Java VM: Java HotSpot(TM) 64-Bit Server VM (25.65-b01 mixed mode bsd-amd64 compressed oops)
Heap:
 PSYoungGen      total 263168K, used 147501K [0x000000076ab00000, 0x000000077c400000, 0x00000007c0000000)
  eden space 250368K, 53% used [0x000000076ab00000,0x0000000772e8cc80,0x0000000779f80000)
  from space 12800K, 99% used [0x000000077b780000,0x000000077c3fe788,0x000000077c400000)
  to   space 18432K, 0% used [0x000000077a000000,0x000000077a000000,0x000000077b200000)
 ParOldGen       total 83968K, used 20673K [0x00000006c0000000, 0x00000006c5200000, 0x000000076ab00000)
  object space 83968K, 24% used [0x00000006c0000000,0x00000006c14305e0,0x00000006c5200000)
 Metaspace       used 32648K, capacity 33064K, committed 33152K, reserved 1079296K
  class space    used 4077K, capacity 4196K, committed 4224K, reserved 1048576K
GC Heap History (10 events):
Event: 1.919 GC heap before
{Heap before GC invocations=3 (full 0):
 PSYoungGen      total 76288K, used 76250K [0x000000076ab00000, 0x0000000774000000, 0x00000007c0000000)
  eden space 65536K, 100% used [0x000000076ab00000,0x000000076eb00000,0x000000076eb00000)
  from space 10752K, 99% used [0x000000076f580000,0x000000076fff6938,0x0000000770000000)
  to   space 10752K, 0% used [0x000000076eb00000,0x000000076eb00000,0x000000076f580000)
 ParOldGen       total 175104K, used 830K [0x00000006c0000000, 0x00000006cab00000, 0x000000076ab00000)
  object space 175104K, 0% used [0x00000006c0000000,0x00000006c00cfb10,0x00000006cab00000)
 Metaspace       used 18709K, capacity 19006K, committed 19072K, reserved 1067008K
  class space    used 2292K, capacity 2384K, committed 2432K, reserved 1048576K
Event: 1.927 GC heap after
Heap after GC invocations=3 (full 0):
 PSYoungGen      total 76288K, used 10749K [0x000000076ab00000, 0x0000000774000000, 0x00000007c0000000)
  eden space 65536K, 0% used [0x000000076ab00000,0x000000076ab00000,0x000000076eb00000)
  from space 10752K, 99% used [0x000000076eb00000,0x000000076f57f5c0,0x000000076f580000)
  to   space 10752K, 0% used [0x0000000773580000,0x0000000773580000,0x0000000774000000)
 ParOldGen       total 175104K, used 2577K [0x00000006c0000000, 0x00000006cab00000, 0x000000076ab00000)
  object space 175104K, 1% used [0x00000006c0000000,0x00000006c0284458,0x00000006cab00000)
 Metaspace       used 18709K, capacity 19006K, committed 19072K, reserved 1067008K
  class space    used 2292K, capacity 2384K, committed 2432K, reserved 1048576K
}
Event: 2.194 GC heap before
{Heap before GC invocations=4 (full 0):
 PSYoungGen      total 76288K, used 76285K [0x000000076ab00000, 0x0000000774000000, 0x00000007c0000000)
  eden space 65536K, 100% used [0x000000076ab00000,0x000000076eb00000,0x000000076eb00000)
  from space 10752K, 99% used [0x000000076eb00000,0x000000076f57f5c0,0x000000076f580000)
  to   space 10752K, 0% used [0x0000000773580000,0x0000000773580000,0x0000000774000000)
 ParOldGen       total 175104K, used 2577K [0x00000006c0000000, 0x00000006cab00000, 0x000000076ab00000)
  object space 175104K, 1% used [0x00000006c0000000,0x00000006c0284458,0x00000006cab00000)
 Metaspace       used 20273K, capacity 20604K, committed 20864K, reserved 1067008K
  class space    used 2480K, capacity 2579K, committed 2688K, reserved 1048576K
Event: 2.205 GC heap after
Heap after GC invocations=4 (full 0):
 PSYoungGen      total 141824K, used 10743K [0x000000076ab00000, 0x0000000774000000, 0x00000007c0000000)
  eden space 131072K, 0% used [0x000000076ab00000,0x000000076ab00000,0x0000000772b00000)
  from space 10752K, 99% used [0x0000000773580000,0x0000000773ffdc90,0x0000000774000000)
  to   space 10752K, 0% used [0x0000000772b00000,0x0000000772b00000,0x0000000773580000)
 ParOldGen       total 175104K, used 2951K [0x00000006c0000000, 0x00000006cab00000, 0x000000076ab00000)
  object space 175104K, 1% used [0x00000006c0000000,0x00000006c02e1c28,0x00000006cab00000)
 Metaspace       used 20273K, capacity 20604K, committed 20864K, reserved 1067008K
  class space    used 2480K, capacity 2579K, committed 2688K, reserved 1048576K
}
Event: 2.356 GC heap before
{Heap before GC invocations=5 (full 0):
 PSYoungGen      total 141824K, used 48427K [0x000000076ab00000, 0x0000000774000000, 0x00000007c0000000)
  eden space 131072K, 28% used [0x000000076ab00000,0x000000076cfcd1f0,0x0000000772b00000)
  from space 10752K, 99% used [0x0000000773580000,0x0000000773ffdc90,0x0000000774000000)
  to   space 10752K, 0% used [0x0000000772b00000,0x0000000772b00000,0x0000000773580000)
 ParOldGen       total 175104K, used 2951K [0x00000006c0000000, 0x00000006cab00000, 0x000000076ab00000)
  object space 175104K, 1% used [0x00000006c0000000,0x00000006c02e1c28,0x00000006cab00000)
 Metaspace       used 20914K, capacity 21230K, committed 21296K, reserved 1069056K
  class space    used 2573K, capacity 2678K, committed 2688K, reserved 1048576K
Event: 2.366 GC heap after
Heap after GC invocations=5 (full 0):
 PSYoungGen      total 141824K, used 10722K [0x000000076ab00000, 0x000000077c400000, 0x00000007c0000000)
  eden space 131072K, 0% used [0x000000076ab00000,0x000000076ab00000,0x0000000772b00000)
  from space 10752K, 99% used [0x0000000772b00000,0x0000000773578b08,0x0000000773580000)
  to   space 12800K, 0% used [0x000000077b780000,0x000000077b780000,0x000000077c400000)
 ParOldGen       total 175104K, used 3676K [0x00000006c0000000, 0x00000006cab00000, 0x000000076ab00000)
  object space 175104K, 2% used [0x00000006c0000000,0x00000006c0397200,0x00000006cab00000)
 Metaspace       used 20914K, capacity 21230K, committed 21296K, reserved 1069056K
  class space    used 2573K, capacity 2678K, committed 2688K, reserved 1048576K
}
Event: 2.366 GC heap before
{Heap before GC invocations=6 (full 1):
 PSYoungGen      total 141824K, used 10722K [0x000000076ab00000, 0x000000077c400000, 0x00000007c0000000)
  eden space 131072K, 0% used [0x000000076ab00000,0x000000076ab00000,0x0000000772b00000)
  from space 10752K, 99% used [0x0000000772b00000,0x0000000773578b08,0x0000000773580000)
  to   space 12800K, 0% used [0x000000077b780000,0x000000077b780000,0x000000077c400000)
 ParOldGen       total 175104K, used 3676K [0x00000006c0000000, 0x00000006cab00000, 0x000000076ab00000)
  object space 175104K, 2% used [0x00000006c0000000,0x00000006c0397200,0x00000006cab00000)
 Metaspace       used 20914K, capacity 21230K, committed 21296K, reserved 1069056K
  class space    used 2573K, capacity 2678K, committed 2688K, reserved 1048576K
Event: 2.403 GC heap after
Heap after GC invocations=6 (full 1):
 PSYoungGen      total 141824K, used 0K [0x000000076ab00000, 0x000000077c400000, 0x00000007c0000000)
  eden space 131072K, 0% used [0x000000076ab00000,0x000000076ab00000,0x0000000772b00000)
  from space 10752K, 0% used [0x0000000772b00000,0x0000000772b00000,0x0000000773580000)
  to   space 12800K, 0% used [0x000000077b780000,0x000000077b780000,0x000000077c400000)
 ParOldGen       total 83968K, used 11243K [0x00000006c0000000, 0x00000006c5200000, 0x000000076ab00000)
  object space 83968K, 13% used [0x00000006c0000000,0x00000006c0afad38,0x00000006c5200000)
 Metaspace       used 20914K, capacity 21230K, committed 21296K, reserved 1069056K
  class space    used 2573K, capacity 2678K, committed 2688K, reserved 1048576K
}
Event: 3.364 GC heap before
{Heap before GC invocations=7 (full 1):
 PSYoungGen      total 141824K, used 131072K [0x000000076ab00000, 0x000000077c400000, 0x00000007c0000000)
  eden space 131072K, 100% used [0x000000076ab00000,0x0000000772b00000,0x0000000772b00000)
  from space 10752K, 0% used [0x0000000772b00000,0x0000000772b00000,0x0000000773580000)
  to   space 12800K, 0% used [0x000000077b780000,0x000000077b780000,0x000000077c400000)
 ParOldGen       total 83968K, used 11243K [0x00000006c0000000, 0x00000006c5200000, 0x000000076ab00000)
  object space 83968K, 13% used [0x00000006c0000000,0x00000006c0afad38,0x00000006c5200000)
 Metaspace       used 27671K, capacity 27986K, committed 28160K, reserved 1073152K
  class space    used 3415K, capacity 3516K, committed 3584K, reserved 1048576K
Event: 3.381 GC heap after
Heap after GC invocations=7 (full 1):
 PSYoungGen      total 263168K, used 12793K [0x000000076ab00000, 0x000000077c400000, 0x00000007c0000000)
  eden space 250368K, 0% used [0x000000076ab00000,0x000000076ab00000,0x0000000779f80000)
  from space 12800K, 99% used [0x000000077b780000,0x000000077c3fe788,0x000000077c400000)
  to   space 18432K, 0% used [0x000000077a000000,0x000000077a000000,0x000000077b200000)
 ParOldGen       total 83968K, used 20673K [0x00000006c0000000, 0x00000006c5200000, 0x000000076ab00000)
  object space 83968K, 24% used [0x00000006c0000000,0x00000006c14305e0,0x00000006c5200000)
 Metaspace       used 27671K, capacity 27986K, committed 28160K, reserved 1073152K
  class space    used 3415K, capacity 3516K, committed 3584K, reserved 1048576K
}

