# JRE version: Java(TM) SE Runtime Environment (8.0_65-b17) (build 1.8.0_65-b17)
# Java VM: Java HotSpot(TM) 64-Bit Server VM (25.65-b01 mixed mode bsd-amd64 compressed oops)
Heap:
 PSYoungGen      total 359936K, used 90826K [0x000000076ab00000, 0x0000000787a00000, 0x00000007c0000000)
  eden space 337920K, 26% used [0x000000076ab00000,0x00000007703b2b38,0x000000077f500000)
  from space 22016K, 0% used [0x0000000780a00000,0x0000000780a00000,0x0000000781f80000)
  to   space 21504K, 0% used [0x000000077f500000,0x000000077f500000,0x0000000780a00000)
 ParOldGen       total 166912K, used 23385K [0x00000006c0000000, 0x00000006ca300000, 0x000000076ab00000)
  object space 166912K, 14% used [0x00000006c0000000,0x00000006c16d6608,0x00000006ca300000)
 Metaspace       used 40930K, capacity 41480K, committed 41728K, reserved 1085440K
  class space    used 5150K, capacity 5285K, committed 5376K, reserved 1048576K
GC Heap History (10 events):
Event: 2.140 GC heap before
{Heap before GC invocations=4 (full 1):
 PSYoungGen      total 141824K, used 10724K [0x000000076ab00000, 0x000000077c000000, 0x00000007c0000000)
  eden space 131072K, 0% used [0x000000076ab00000,0x000000076ab00000,0x0000000772b00000)
  from space 10752K, 99% used [0x0000000772b00000,0x0000000773579260,0x0000000773580000)
  to   space 10752K, 0% used [0x000000077b580000,0x000000077b580000,0x000000077c000000)
 ParOldGen       total 175104K, used 4053K [0x00000006c0000000, 0x00000006cab00000, 0x000000076ab00000)
  object space 175104K, 2% used [0x00000006c0000000,0x00000006c03f5770,0x00000006cab00000)
 Metaspace       used 20932K, capacity 21230K, committed 21296K, reserved 1069056K
  class space    used 2570K, capacity 2678K, committed 2688K, reserved 1048576K
Event: 2.172 GC heap after
Heap after GC invocations=4 (full 1):
 PSYoungGen      total 141824K, used 0K [0x000000076ab00000, 0x000000077c000000, 0x00000007c0000000)
  eden space 131072K, 0% used [0x000000076ab00000,0x000000076ab00000,0x0000000772b00000)
  from space 10752K, 0% used [0x0000000772b00000,0x0000000772b00000,0x0000000773580000)
  to   space 10752K, 0% used [0x000000077b580000,0x000000077b580000,0x000000077c000000)
 ParOldGen       total 107008K, used 12388K [0x00000006c0000000, 0x00000006c6880000, 0x000000076ab00000)
  object space 107008K, 11% used [0x00000006c0000000,0x00000006c0c19358,0x00000006c6880000)
 Metaspace       used 20932K, capacity 21230K, committed 21296K, reserved 1069056K
  class space    used 2570K, capacity 2678K, committed 2688K, reserved 1048576K
}
Event: 3.295 GC heap before
{Heap before GC invocations=5 (full 1):
 PSYoungGen      total 141824K, used 131072K [0x000000076ab00000, 0x000000077c000000, 0x00000007c0000000)
  eden space 131072K, 100% used [0x000000076ab00000,0x0000000772b00000,0x0000000772b00000)
  from space 10752K, 0% used [0x0000000772b00000,0x0000000772b00000,0x0000000773580000)
  to   space 10752K, 0% used [0x000000077b580000,0x000000077b580000,0x000000077c000000)
 ParOldGen       total 107008K, used 12388K [0x00000006c0000000, 0x00000006c6880000, 0x000000076ab00000)
  object space 107008K, 11% used [0x00000006c0000000,0x00000006c0c19358,0x00000006c6880000)
 Metaspace       used 27685K, capacity 28050K, committed 28416K, reserved 1075200K
  class space    used 3412K, capacity 3516K, committed 3584K, reserved 1048576K
Event: 3.328 GC heap after
Heap after GC invocations=5 (full 1):
 PSYoungGen      total 223232K, used 10725K [0x000000076ab00000, 0x000000077c000000, 0x00000007c0000000)
  eden space 212480K, 0% used [0x000000076ab00000,0x000000076ab00000,0x0000000777a80000)
  from space 10752K, 99% used [0x000000077b580000,0x000000077bff9768,0x000000077c000000)
  to   space 10752K, 0% used [0x000000077ab00000,0x000000077ab00000,0x000000077b580000)
 ParOldGen       total 107008K, used 22483K [0x00000006c0000000, 0x00000006c6880000, 0x000000076ab00000)
  object space 107008K, 21% used [0x00000006c0000000,0x00000006c15f4ce0,0x00000006c6880000)
 Metaspace       used 27685K, capacity 28050K, committed 28416K, reserved 1075200K
  class space    used 3412K, capacity 3516K, committed 3584K, reserved 1048576K
}
Event: 4.736 GC heap before
{Heap before GC invocations=6 (full 1):
 PSYoungGen      total 223232K, used 223205K [0x000000076ab00000, 0x000000077c000000, 0x00000007c0000000)
  eden space 212480K, 100% used [0x000000076ab00000,0x0000000777a80000,0x0000000777a80000)
  from space 10752K, 99% used [0x000000077b580000,0x000000077bff9768,0x000000077c000000)
  to   space 10752K, 0% used [0x000000077ab00000,0x000000077ab00000,0x000000077b580000)
 ParOldGen       total 107008K, used 22483K [0x00000006c0000000, 0x00000006c6880000, 0x000000076ab00000)
  object space 107008K, 21% used [0x00000006c0000000,0x00000006c15f4ce0,0x00000006c6880000)
 Metaspace       used 33809K, capacity 34260K, committed 34432K, reserved 1079296K
  class space    used 4272K, capacity 4391K, committed 4480K, reserved 1048576K
Event: 4.754 GC heap after
Heap after GC invocations=6 (full 1):
 PSYoungGen      total 272896K, used 10729K [0x000000076ab00000, 0x0000000781f80000, 0x00000007c0000000)
  eden space 262144K, 0% used [0x000000076ab00000,0x000000076ab00000,0x000000077ab00000)
  from space 10752K, 99% used [0x000000077ab00000,0x000000077b57a758,0x000000077b580000)
  to   space 22016K, 0% used [0x0000000780a00000,0x0000000780a00000,0x0000000781f80000)
 ParOldGen       total 107008K, used 29985K [0x00000006c0000000, 0x00000006c6880000, 0x000000076ab00000)
  object space 107008K, 28% used [0x00000006c0000000,0x00000006c1d486f0,0x00000006c6880000)
 Metaspace       used 33809K, capacity 34260K, committed 34432K, reserved 1079296K
  class space    used 4272K, capacity 4391K, committed 4480K, reserved 1048576K
}
Event: 4.995 GC heap before
{Heap before GC invocations=7 (full 1):
 PSYoungGen      total 272896K, used 69586K [0x000000076ab00000, 0x0000000781f80000, 0x00000007c0000000)
  eden space 262144K, 22% used [0x000000076ab00000,0x000000076e47a370,0x000000077ab00000)
  from space 10752K, 99% used [0x000000077ab00000,0x000000077b57a758,0x000000077b580000)
  to   space 22016K, 0% used [0x0000000780a00000,0x0000000780a00000,0x0000000781f80000)
 ParOldGen       total 107008K, used 29985K [0x00000006c0000000, 0x00000006c6880000, 0x000000076ab00000)
  object space 107008K, 28% used [0x00000006c0000000,0x00000006c1d486f0,0x00000006c6880000)
 Metaspace       used 34873K, capacity 35296K, committed 35496K, reserved 1081344K
  class space    used 4412K, capacity 4521K, committed 4608K, reserved 1048576K
Event: 5.006 GC heap after
Heap after GC invocations=7 (full 1):
 PSYoungGen      total 359936K, used 12958K [0x000000076ab00000, 0x0000000787a00000, 0x00000007c0000000)
  eden space 337920K, 0% used [0x000000076ab00000,0x000000076ab00000,0x000000077f500000)
  from space 22016K, 58% used [0x0000000780a00000,0x00000007816a7b88,0x0000000781f80000)
  to   space 21504K, 0% used [0x000000077f500000,0x000000077f500000,0x0000000780a00000)
 ParOldGen       total 107008K, used 29993K [0x00000006c0000000, 0x00000006c6880000, 0x000000076ab00000)
  object space 107008K, 28% used [0x00000006c0000000,0x00000006c1d4a6f0,0x00000006c6880000)
 Metaspace       used 34873K, capacity 35296K, committed 35496K, reserved 1081344K
  class space    used 4412K, capacity 4521K, committed 4608K, reserved 1048576K
}
Event: 5.006 GC heap before
{Heap before GC invocations=8 (full 2):
 PSYoungGen      total 359936K, used 12958K [0x000000076ab00000, 0x0000000787a00000, 0x00000007c0000000)
  eden space 337920K, 0% used [0x000000076ab00000,0x000000076ab00000,0x000000077f500000)
  from space 22016K, 58% used [0x0000000780a00000,0x00000007816a7b88,0x0000000781f80000)
  to   space 21504K, 0% used [0x000000077f500000,0x000000077f500000,0x0000000780a00000)
 ParOldGen       total 107008K, used 29993K [0x00000006c0000000, 0x00000006c6880000, 0x000000076ab00000)
  object space 107008K, 28% used [0x00000006c0000000,0x00000006c1d4a6f0,0x00000006c6880000)
 Metaspace       used 34873K, capacity 35296K, committed 35496K, reserved 1081344K
  class space    used 4412K, capacity 4521K, committed 4608K, reserved 1048576K
Event: 5.086 GC heap after
Heap after GC invocations=8 (full 2):
 PSYoungGen      total 359936K, used 0K [0x000000076ab00000, 0x0000000787a00000, 0x00000007c0000000)
  eden space 337920K, 0% used [0x000000076ab00000,0x000000076ab00000,0x000000077f500000)
  from space 22016K, 0% used [0x0000000780a00000,0x0000000780a00000,0x0000000781f80000)
  to   space 21504K, 0% used [0x000000077f500000,0x000000077f500000,0x0000000780a00000)
 ParOldGen       total 166912K, used 23385K [0x00000006c0000000, 0x00000006ca300000, 0x000000076ab00000)
  object space 166912K, 14% used [0x00000006c0000000,0x00000006c16d6608,0x00000006ca300000)
 Metaspace       used 34873K, capacity 35296K, committed 35496K, reserved 1081344K
  class space    used 4412K, capacity 4521K, committed 4608K, reserved 1048576K
}

