# JRE version: Java(TM) SE Runtime Environment (8.0_65-b17) (build 1.8.0_65-b17)
# Java VM: Java HotSpot(TM) 64-Bit Server VM (25.65-b01 mixed mode bsd-amd64 compressed oops)
Heap:
 PSYoungGen      total 304640K, used 164976K [0x000000076ab00000, 0x0000000785800000, 0x00000007c0000000)
  eden space 284160K, 58% used [0x000000076ab00000,0x0000000774c1c3d8,0x000000077c080000)
  from space 20480K, 0% used [0x000000077d400000,0x000000077d400000,0x000000077e800000)
  to   space 19968K, 0% used [0x000000077c080000,0x000000077c080000,0x000000077d400000)
 ParOldGen       total 185856K, used 27101K [0x00000006c0000000, 0x00000006cb580000, 0x000000076ab00000)
  object space 185856K, 14% used [0x00000006c0000000,0x00000006c1a77568,0x00000006cb580000)
 Metaspace       used 48727K, capacity 49504K, committed 49536K, reserved 1093632K
  class space    used 5842K, capacity 6008K, committed 6016K, reserved 1048576K
GC Heap History (10 events):
Event: 2.202 GC heap before
{Heap before GC invocations=4 (full 1):
 PSYoungGen      total 141824K, used 10742K [0x000000076ab00000, 0x000000077c000000, 0x00000007c0000000)
  eden space 131072K, 0% used [0x000000076ab00000,0x000000076ab00000,0x0000000772b00000)
  from space 10752K, 99% used [0x0000000772b00000,0x000000077357d980,0x0000000773580000)
  to   space 10752K, 0% used [0x000000077b580000,0x000000077b580000,0x000000077c000000)
 ParOldGen       total 175104K, used 4656K [0x00000006c0000000, 0x00000006cab00000, 0x000000076ab00000)
  object space 175104K, 2% used [0x00000006c0000000,0x00000006c048c1f8,0x00000006cab00000)
 Metaspace       used 20952K, capacity 21230K, committed 21296K, reserved 1069056K
  class space    used 2576K, capacity 2678K, committed 2688K, reserved 1048576K
Event: 2.248 GC heap after
Heap after GC invocations=4 (full 1):
 PSYoungGen      total 141824K, used 0K [0x000000076ab00000, 0x000000077c000000, 0x00000007c0000000)
  eden space 131072K, 0% used [0x000000076ab00000,0x000000076ab00000,0x0000000772b00000)
  from space 10752K, 0% used [0x0000000772b00000,0x0000000772b00000,0x0000000773580000)
  to   space 10752K, 0% used [0x000000077b580000,0x000000077b580000,0x000000077c000000)
 ParOldGen       total 115200K, used 12192K [0x00000006c0000000, 0x00000006c7080000, 0x000000076ab00000)
  object space 115200K, 10% used [0x00000006c0000000,0x00000006c0be82a8,0x00000006c7080000)
 Metaspace       used 20952K, capacity 21230K, committed 21296K, reserved 1069056K
  class space    used 2576K, capacity 2678K, committed 2688K, reserved 1048576K
}
Event: 3.185 GC heap before
{Heap before GC invocations=5 (full 1):
 PSYoungGen      total 141824K, used 131072K [0x000000076ab00000, 0x000000077c000000, 0x00000007c0000000)
  eden space 131072K, 100% used [0x000000076ab00000,0x0000000772b00000,0x0000000772b00000)
  from space 10752K, 0% used [0x0000000772b00000,0x0000000772b00000,0x0000000773580000)
  to   space 10752K, 0% used [0x000000077b580000,0x000000077b580000,0x000000077c000000)
 ParOldGen       total 115200K, used 12192K [0x00000006c0000000, 0x00000006c7080000, 0x000000076ab00000)
  object space 115200K, 10% used [0x00000006c0000000,0x00000006c0be82a8,0x00000006c7080000)
 Metaspace       used 27672K, capacity 28050K, committed 28416K, reserved 1075200K
  class space    used 3418K, capacity 3516K, committed 3584K, reserved 1048576K
Event: 3.204 GC heap after
Heap after GC invocations=5 (full 1):
 PSYoungGen      total 204800K, used 10729K [0x000000076ab00000, 0x000000077c000000, 0x00000007c0000000)
  eden space 194048K, 0% used [0x000000076ab00000,0x000000076ab00000,0x0000000776880000)
  from space 10752K, 99% used [0x000000077b580000,0x000000077bffa788,0x000000077c000000)
  to   space 10752K, 0% used [0x000000077ab00000,0x000000077ab00000,0x000000077b580000)
 ParOldGen       total 115200K, used 22065K [0x00000006c0000000, 0x00000006c7080000, 0x000000076ab00000)
  object space 115200K, 19% used [0x00000006c0000000,0x00000006c158c648,0x00000006c7080000)
 Metaspace       used 27672K, capacity 28050K, committed 28416K, reserved 1075200K
  class space    used 3418K, capacity 3516K, committed 3584K, reserved 1048576K
}
Event: 4.304 GC heap before
{Heap before GC invocations=6 (full 1):
 PSYoungGen      total 204800K, used 204777K [0x000000076ab00000, 0x000000077c000000, 0x00000007c0000000)
  eden space 194048K, 100% used [0x000000076ab00000,0x0000000776880000,0x0000000776880000)
  from space 10752K, 99% used [0x000000077b580000,0x000000077bffa788,0x000000077c000000)
  to   space 10752K, 0% used [0x000000077ab00000,0x000000077ab00000,0x000000077b580000)
 ParOldGen       total 115200K, used 22065K [0x00000006c0000000, 0x00000006c7080000, 0x000000076ab00000)
  object space 115200K, 19% used [0x00000006c0000000,0x00000006c158c648,0x00000006c7080000)
 Metaspace       used 33363K, capacity 33832K, committed 34176K, reserved 1079296K
  class space    used 4229K, capacity 4357K, committed 4480K, reserved 1048576K
Event: 4.320 GC heap after
Heap after GC invocations=6 (full 1):
 PSYoungGen      total 272896K, used 10745K [0x000000076ab00000, 0x000000077e800000, 0x00000007c0000000)
  eden space 262144K, 0% used [0x000000076ab00000,0x000000076ab00000,0x000000077ab00000)
  from space 10752K, 99% used [0x000000077ab00000,0x000000077b57e788,0x000000077b580000)
  to   space 20480K, 0% used [0x000000077d400000,0x000000077d400000,0x000000077e800000)
 ParOldGen       total 115200K, used 28080K [0x00000006c0000000, 0x00000006c7080000, 0x000000076ab00000)
  object space 115200K, 24% used [0x00000006c0000000,0x00000006c1b6c2d0,0x00000006c7080000)
 Metaspace       used 33363K, capacity 33832K, committed 34176K, reserved 1079296K
  class space    used 4229K, capacity 4357K, committed 4480K, reserved 1048576K
}
Event: 4.660 GC heap before
{Heap before GC invocations=7 (full 1):
 PSYoungGen      total 272896K, used 91701K [0x000000076ab00000, 0x000000077e800000, 0x00000007c0000000)
  eden space 262144K, 30% used [0x000000076ab00000,0x000000076fa0ef68,0x000000077ab00000)
  from space 10752K, 99% used [0x000000077ab00000,0x000000077b57e788,0x000000077b580000)
  to   space 20480K, 0% used [0x000000077d400000,0x000000077d400000,0x000000077e800000)
 ParOldGen       total 115200K, used 28080K [0x00000006c0000000, 0x00000006c7080000, 0x000000076ab00000)
  object space 115200K, 24% used [0x00000006c0000000,0x00000006c1b6c2d0,0x00000006c7080000)
 Metaspace       used 34914K, capacity 35328K, committed 35496K, reserved 1081344K
  class space    used 4428K, capacity 4553K, committed 4608K, reserved 1048576K
Event: 4.673 GC heap after
Heap after GC invocations=7 (full 1):
 PSYoungGen      total 304640K, used 14524K [0x000000076ab00000, 0x0000000785800000, 0x00000007c0000000)
  eden space 284160K, 0% used [0x000000076ab00000,0x000000076ab00000,0x000000077c080000)
  from space 20480K, 70% used [0x000000077d400000,0x000000077e22f208,0x000000077e800000)
  to   space 19968K, 0% used [0x000000077c080000,0x000000077c080000,0x000000077d400000)
 ParOldGen       total 115200K, used 28088K [0x00000006c0000000, 0x00000006c7080000, 0x000000076ab00000)
  object space 115200K, 24% used [0x00000006c0000000,0x00000006c1b6e2d0,0x00000006c7080000)
 Metaspace       used 34914K, capacity 35328K, committed 35496K, reserved 1081344K
  class space    used 4428K, capacity 4553K, committed 4608K, reserved 1048576K
}
Event: 4.673 GC heap before
{Heap before GC invocations=8 (full 2):
 PSYoungGen      total 304640K, used 14524K [0x000000076ab00000, 0x0000000785800000, 0x00000007c0000000)
  eden space 284160K, 0% used [0x000000076ab00000,0x000000076ab00000,0x000000077c080000)
  from space 20480K, 70% used [0x000000077d400000,0x000000077e22f208,0x000000077e800000)
  to   space 19968K, 0% used [0x000000077c080000,0x000000077c080000,0x000000077d400000)
 ParOldGen       total 115200K, used 28088K [0x00000006c0000000, 0x00000006c7080000, 0x000000076ab00000)
  object space 115200K, 24% used [0x00000006c0000000,0x00000006c1b6e2d0,0x00000006c7080000)
 Metaspace       used 34914K, capacity 35328K, committed 35496K, reserved 1081344K
  class space    used 4428K, capacity 4553K, committed 4608K, reserved 1048576K
Event: 4.726 GC heap after
Heap after GC invocations=8 (full 2):
 PSYoungGen      total 304640K, used 0K [0x000000076ab00000, 0x0000000785800000, 0x00000007c0000000)
  eden space 284160K, 0% used [0x000000076ab00000,0x000000076ab00000,0x000000077c080000)
  from space 20480K, 0% used [0x000000077d400000,0x000000077d400000,0x000000077e800000)
  to   space 19968K, 0% used [0x000000077c080000,0x000000077c080000,0x000000077d400000)
 ParOldGen       total 185856K, used 27101K [0x00000006c0000000, 0x00000006cb580000, 0x000000076ab00000)
  object space 185856K, 14% used [0x00000006c0000000,0x00000006c1a77568,0x00000006cb580000)
 Metaspace       used 34914K, capacity 35328K, committed 35496K, reserved 1081344K
  class space    used 4428K, capacity 4553K, committed 4608K, reserved 1048576K
}

