# JRE version: Java(TM) SE Runtime Environment (8.0_65-b17) (build 1.8.0_65-b17)
# Java VM: Java HotSpot(TM) 64-Bit Server VM (25.65-b01 mixed mode bsd-amd64 compressed oops)
Heap:
 PSYoungGen      total 267776K, used 111302K [0x000000076ab00000, 0x0000000789f80000, 0x00000007c0000000)
  eden space 249344K, 44% used [0x000000076ab00000,0x00000007717b18c0,0x0000000779e80000)
  from space 18432K, 0% used [0x0000000779e80000,0x0000000779e80000,0x000000077b080000)
  to   space 19456K, 0% used [0x0000000788c80000,0x0000000788c80000,0x0000000789f80000)
 ParOldGen       total 132608K, used 27737K [0x00000006c0000000, 0x00000006c8180000, 0x000000076ab00000)
  object space 132608K, 20% used [0x00000006c0000000,0x00000006c1b167d0,0x00000006c8180000)
 Metaspace       used 41187K, capacity 41742K, committed 41984K, reserved 1085440K
  class space    used 5159K, capacity 5298K, committed 5376K, reserved 1048576K
GC Heap History (10 events):
Event: 11.509 GC heap before
{Heap before GC invocations=5 (full 1):
 PSYoungGen      total 141824K, used 10724K [0x000000076ab00000, 0x0000000774000000, 0x00000007c0000000)
  eden space 131072K, 0% used [0x000000076ab00000,0x000000076ab00000,0x0000000772b00000)
  from space 10752K, 99% used [0x0000000773580000,0x0000000773ff9240,0x0000000774000000)
  to   space 10752K, 0% used [0x0000000772b00000,0x0000000772b00000,0x0000000773580000)
 ParOldGen       total 175104K, used 2874K [0x00000006c0000000, 0x00000006cab00000, 0x000000076ab00000)
  object space 175104K, 1% used [0x00000006c0000000,0x00000006c02ceab0,0x00000006cab00000)
 Metaspace       used 20915K, capacity 21198K, committed 21296K, reserved 1069056K
  class space    used 2554K, capacity 2646K, committed 2688K, reserved 1048576K
Event: 11.540 GC heap after
Heap after GC invocations=5 (full 1):
 PSYoungGen      total 141824K, used 0K [0x000000076ab00000, 0x0000000774000000, 0x00000007c0000000)
  eden space 131072K, 0% used [0x000000076ab00000,0x000000076ab00000,0x0000000772b00000)
  from space 10752K, 0% used [0x0000000773580000,0x0000000773580000,0x0000000774000000)
  to   space 10752K, 0% used [0x0000000772b00000,0x0000000772b00000,0x0000000773580000)
 ParOldGen       total 84480K, used 11042K [0x00000006c0000000, 0x00000006c5280000, 0x000000076ab00000)
  object space 84480K, 13% used [0x00000006c0000000,0x00000006c0ac8b98,0x00000006c5280000)
 Metaspace       used 20915K, capacity 21198K, committed 21296K, reserved 1069056K
  class space    used 2554K, capacity 2646K, committed 2688K, reserved 1048576K
}
Event: 12.376 GC heap before
{Heap before GC invocations=6 (full 1):
 PSYoungGen      total 141824K, used 131072K [0x000000076ab00000, 0x0000000774000000, 0x00000007c0000000)
  eden space 131072K, 100% used [0x000000076ab00000,0x0000000772b00000,0x0000000772b00000)
  from space 10752K, 0% used [0x0000000773580000,0x0000000773580000,0x0000000774000000)
  to   space 10752K, 0% used [0x0000000772b00000,0x0000000772b00000,0x0000000773580000)
 ParOldGen       total 84480K, used 11042K [0x00000006c0000000, 0x00000006c5280000, 0x000000076ab00000)
  object space 84480K, 13% used [0x00000006c0000000,0x00000006c0ac8b98,0x00000006c5280000)
 Metaspace       used 27710K, capacity 28050K, committed 28416K, reserved 1075200K
  class space    used 3414K, capacity 3516K, committed 3584K, reserved 1048576K
Event: 12.390 GC heap after
Heap after GC invocations=6 (full 1):
 PSYoungGen      total 141824K, used 10729K [0x000000076ab00000, 0x000000077c400000, 0x00000007c0000000)
  eden space 131072K, 0% used [0x000000076ab00000,0x000000076ab00000,0x0000000772b00000)
  from space 10752K, 99% used [0x0000000772b00000,0x000000077357a7a8,0x0000000773580000)
  to   space 18944K, 0% used [0x000000077b180000,0x000000077b180000,0x000000077c400000)
 ParOldGen       total 84480K, used 21100K [0x00000006c0000000, 0x00000006c5280000, 0x000000076ab00000)
  object space 84480K, 24% used [0x00000006c0000000,0x00000006c149b388,0x00000006c5280000)
 Metaspace       used 27710K, capacity 28050K, committed 28416K, reserved 1075200K
  class space    used 3414K, capacity 3516K, committed 3584K, reserved 1048576K
}
Event: 13.184 GC heap before
{Heap before GC invocations=7 (full 1):
 PSYoungGen      total 141824K, used 141801K [0x000000076ab00000, 0x000000077c400000, 0x00000007c0000000)
  eden space 131072K, 100% used [0x000000076ab00000,0x0000000772b00000,0x0000000772b00000)
  from space 10752K, 99% used [0x0000000772b00000,0x000000077357a7a8,0x0000000773580000)
  to   space 18944K, 0% used [0x000000077b180000,0x000000077b180000,0x000000077c400000)
 ParOldGen       total 84480K, used 21100K [0x00000006c0000000, 0x00000006c5280000, 0x000000076ab00000)
  object space 84480K, 24% used [0x00000006c0000000,0x00000006c149b388,0x00000006c5280000)
 Metaspace       used 31370K, capacity 31810K, committed 32000K, reserved 1077248K
  class space    used 3895K, capacity 4004K, committed 4096K, reserved 1048576K
Event: 13.201 GC heap after
Heap after GC invocations=7 (full 1):
 PSYoungGen      total 266752K, used 12714K [0x000000076ab00000, 0x000000077c280000, 0x00000007c0000000)
  eden space 249344K, 0% used [0x000000076ab00000,0x000000076ab00000,0x0000000779e80000)
  from space 17408K, 73% used [0x000000077b180000,0x000000077bdeabd8,0x000000077c280000)
  to   space 18432K, 0% used [0x0000000779e80000,0x0000000779e80000,0x000000077b080000)
 ParOldGen       total 84480K, used 21108K [0x00000006c0000000, 0x00000006c5280000, 0x000000076ab00000)
  object space 84480K, 24% used [0x00000006c0000000,0x00000006c149d388,0x00000006c5280000)
 Metaspace       used 31370K, capacity 31810K, committed 32000K, reserved 1077248K
  class space    used 3895K, capacity 4004K, committed 4096K, reserved 1048576K
}
Event: 13.882 GC heap before
{Heap before GC invocations=8 (full 1):
 PSYoungGen      total 266752K, used 146418K [0x000000076ab00000, 0x000000077c280000, 0x00000007c0000000)
  eden space 249344K, 53% used [0x000000076ab00000,0x0000000772d91ca8,0x0000000779e80000)
  from space 17408K, 73% used [0x000000077b180000,0x000000077bdeabd8,0x000000077c280000)
  to   space 18432K, 0% used [0x0000000779e80000,0x0000000779e80000,0x000000077b080000)
 ParOldGen       total 84480K, used 21108K [0x00000006c0000000, 0x00000006c5280000, 0x000000076ab00000)
  object space 84480K, 24% used [0x00000006c0000000,0x00000006c149d388,0x00000006c5280000)
 Metaspace       used 34876K, capacity 35296K, committed 35496K, reserved 1081344K
  class space    used 4413K, capacity 4521K, committed 4608K, reserved 1048576K
Event: 13.898 GC heap after
Heap after GC invocations=8 (full 1):
 PSYoungGen      total 267776K, used 17366K [0x000000076ab00000, 0x0000000789f80000, 0x00000007c0000000)
  eden space 249344K, 0% used [0x000000076ab00000,0x000000076ab00000,0x0000000779e80000)
  from space 18432K, 94% used [0x0000000779e80000,0x000000077af75ac0,0x000000077b080000)
  to   space 19456K, 0% used [0x0000000788c80000,0x0000000788c80000,0x0000000789f80000)
 ParOldGen       total 84480K, used 21116K [0x00000006c0000000, 0x00000006c5280000, 0x000000076ab00000)
  object space 84480K, 24% used [0x00000006c0000000,0x00000006c149f388,0x00000006c5280000)
 Metaspace       used 34876K, capacity 35296K, committed 35496K, reserved 1081344K
  class space    used 4413K, capacity 4521K, committed 4608K, reserved 1048576K
}
Event: 13.898 GC heap before
{Heap before GC invocations=9 (full 2):
 PSYoungGen      total 267776K, used 17366K [0x000000076ab00000, 0x0000000789f80000, 0x00000007c0000000)
  eden space 249344K, 0% used [0x000000076ab00000,0x000000076ab00000,0x0000000779e80000)
  from space 18432K, 94% used [0x0000000779e80000,0x000000077af75ac0,0x000000077b080000)
  to   space 19456K, 0% used [0x0000000788c80000,0x0000000788c80000,0x0000000789f80000)
 ParOldGen       total 84480K, used 21116K [0x00000006c0000000, 0x00000006c5280000, 0x000000076ab00000)
  object space 84480K, 24% used [0x00000006c0000000,0x00000006c149f388,0x00000006c5280000)
 Metaspace       used 34876K, capacity 35296K, committed 35496K, reserved 1081344K
  class space    used 4413K, capacity 4521K, committed 4608K, reserved 1048576K
Event: 13.958 GC heap after
Heap after GC invocations=9 (full 2):
 PSYoungGen      total 267776K, used 0K [0x000000076ab00000, 0x0000000789f80000, 0x00000007c0000000)
  eden space 249344K, 0% used [0x000000076ab00000,0x000000076ab00000,0x0000000779e80000)
  from space 18432K, 0% used [0x0000000779e80000,0x0000000779e80000,0x000000077b080000)
  to   space 19456K, 0% used [0x0000000788c80000,0x0000000788c80000,0x0000000789f80000)
 ParOldGen       total 132608K, used 27737K [0x00000006c0000000, 0x00000006c8180000, 0x000000076ab00000)
  object space 132608K, 20% used [0x00000006c0000000,0x00000006c1b167d0,0x00000006c8180000)
 Metaspace       used 34876K, capacity 35296K, committed 35496K, reserved 1081344K
  class space    used 4413K, capacity 4521K, committed 4608K, reserved 1048576K
}

