# JRE version: Java(TM) SE Runtime Environment (8.0_65-b17) (build 1.8.0_65-b17)
# Java VM: Java HotSpot(TM) 64-Bit Server VM (25.65-b01 mixed mode bsd-amd64 compressed oops)
Heap:
 PSYoungGen      total 265728K, used 56384K [0x000000076ab00000, 0x0000000789b00000, 0x00000007c0000000)
  eden space 248320K, 22% used [0x000000076ab00000,0x000000076e210010,0x0000000779d80000)
  from space 17408K, 0% used [0x0000000779d80000,0x0000000779d80000,0x000000077ae80000)
  to   space 19456K, 0% used [0x0000000788800000,0x0000000788800000,0x0000000789b00000)
 ParOldGen       total 131584K, used 27821K [0x00000006c0000000, 0x00000006c8080000, 0x000000076ab00000)
  object space 131584K, 21% used [0x00000006c0000000,0x00000006c1b2b508,0x00000006c8080000)
 Metaspace       used 36517K, capacity 37020K, committed 37160K, reserved 1081344K
  class space    used 4598K, capacity 4723K, committed 4736K, reserved 1048576K
GC Heap History (10 events):
Event: 11.489 GC heap before
{Heap before GC invocations=5 (full 1):
 PSYoungGen      total 141824K, used 10740K [0x000000076ab00000, 0x0000000774000000, 0x00000007c0000000)
  eden space 131072K, 0% used [0x000000076ab00000,0x000000076ab00000,0x0000000772b00000)
  from space 10752K, 99% used [0x0000000773580000,0x0000000773ffd158,0x0000000774000000)
  to   space 10752K, 0% used [0x0000000772b00000,0x0000000772b00000,0x0000000773580000)
 ParOldGen       total 175104K, used 2864K [0x00000006c0000000, 0x00000006cab00000, 0x000000076ab00000)
  object space 175104K, 1% used [0x00000006c0000000,0x00000006c02cc3c8,0x00000006cab00000)
 Metaspace       used 20911K, capacity 21198K, committed 21296K, reserved 1069056K
  class space    used 2554K, capacity 2646K, committed 2688K, reserved 1048576K
Event: 11.525 GC heap after
Heap after GC invocations=5 (full 1):
 PSYoungGen      total 141824K, used 0K [0x000000076ab00000, 0x0000000774000000, 0x00000007c0000000)
  eden space 131072K, 0% used [0x000000076ab00000,0x000000076ab00000,0x0000000772b00000)
  from space 10752K, 0% used [0x0000000773580000,0x0000000773580000,0x0000000774000000)
  to   space 10752K, 0% used [0x0000000772b00000,0x0000000772b00000,0x0000000773580000)
 ParOldGen       total 84480K, used 11050K [0x00000006c0000000, 0x00000006c5280000, 0x000000076ab00000)
  object space 84480K, 13% used [0x00000006c0000000,0x00000006c0acaba0,0x00000006c5280000)
 Metaspace       used 20911K, capacity 21198K, committed 21296K, reserved 1069056K
  class space    used 2554K, capacity 2646K, committed 2688K, reserved 1048576K
}
Event: 12.343 GC heap before
{Heap before GC invocations=6 (full 1):
 PSYoungGen      total 141824K, used 131072K [0x000000076ab00000, 0x0000000774000000, 0x00000007c0000000)
  eden space 131072K, 100% used [0x000000076ab00000,0x0000000772b00000,0x0000000772b00000)
  from space 10752K, 0% used [0x0000000773580000,0x0000000773580000,0x0000000774000000)
  to   space 10752K, 0% used [0x0000000772b00000,0x0000000772b00000,0x0000000773580000)
 ParOldGen       total 84480K, used 11050K [0x00000006c0000000, 0x00000006c5280000, 0x000000076ab00000)
  object space 84480K, 13% used [0x00000006c0000000,0x00000006c0acaba0,0x00000006c5280000)
 Metaspace       used 27704K, capacity 28050K, committed 28416K, reserved 1075200K
  class space    used 3415K, capacity 3516K, committed 3584K, reserved 1048576K
Event: 12.358 GC heap after
Heap after GC invocations=6 (full 1):
 PSYoungGen      total 141824K, used 10726K [0x000000076ab00000, 0x000000077c300000, 0x00000007c0000000)
  eden space 131072K, 0% used [0x000000076ab00000,0x000000076ab00000,0x0000000772b00000)
  from space 10752K, 99% used [0x0000000772b00000,0x0000000773579928,0x0000000773580000)
  to   space 18432K, 0% used [0x000000077b100000,0x000000077b100000,0x000000077c300000)
 ParOldGen       total 84480K, used 19823K [0x00000006c0000000, 0x00000006c5280000, 0x000000076ab00000)
  object space 84480K, 23% used [0x00000006c0000000,0x00000006c135bf60,0x00000006c5280000)
 Metaspace       used 27704K, capacity 28050K, committed 28416K, reserved 1075200K
  class space    used 3415K, capacity 3516K, committed 3584K, reserved 1048576K
}
Event: 13.105 GC heap before
{Heap before GC invocations=7 (full 1):
 PSYoungGen      total 141824K, used 141798K [0x000000076ab00000, 0x000000077c300000, 0x00000007c0000000)
  eden space 131072K, 100% used [0x000000076ab00000,0x0000000772b00000,0x0000000772b00000)
  from space 10752K, 99% used [0x0000000772b00000,0x0000000773579928,0x0000000773580000)
  to   space 18432K, 0% used [0x000000077b100000,0x000000077b100000,0x000000077c300000)
 ParOldGen       total 84480K, used 19823K [0x00000006c0000000, 0x00000006c5280000, 0x000000076ab00000)
  object space 84480K, 23% used [0x00000006c0000000,0x00000006c135bf60,0x00000006c5280000)
 Metaspace       used 31231K, capacity 31682K, committed 32000K, reserved 1077248K
  class space    used 3884K, capacity 4004K, committed 4096K, reserved 1048576K
Event: 13.117 GC heap after
Heap after GC invocations=7 (full 1):
 PSYoungGen      total 263168K, used 12510K [0x000000076ab00000, 0x000000077bf80000, 0x00000007c0000000)
  eden space 248320K, 0% used [0x000000076ab00000,0x000000076ab00000,0x0000000779d80000)
  from space 14848K, 84% used [0x000000077b100000,0x000000077bd37ae0,0x000000077bf80000)
  to   space 17408K, 0% used [0x0000000779d80000,0x0000000779d80000,0x000000077ae80000)
 ParOldGen       total 84480K, used 19831K [0x00000006c0000000, 0x00000006c5280000, 0x000000076ab00000)
  object space 84480K, 23% used [0x00000006c0000000,0x00000006c135df60,0x00000006c5280000)
 Metaspace       used 31231K, capacity 31682K, committed 32000K, reserved 1077248K
  class space    used 3884K, capacity 4004K, committed 4096K, reserved 1048576K
}
Event: 13.790 GC heap before
{Heap before GC invocations=8 (full 1):
 PSYoungGen      total 263168K, used 154505K [0x000000076ab00000, 0x000000077bf80000, 0x00000007c0000000)
  eden space 248320K, 57% used [0x000000076ab00000,0x00000007735aab60,0x0000000779d80000)
  from space 14848K, 84% used [0x000000077b100000,0x000000077bd37ae0,0x000000077bf80000)
  to   space 17408K, 0% used [0x0000000779d80000,0x0000000779d80000,0x000000077ae80000)
 ParOldGen       total 84480K, used 19831K [0x00000006c0000000, 0x00000006c5280000, 0x000000076ab00000)
  object space 84480K, 23% used [0x00000006c0000000,0x00000006c135df60,0x00000006c5280000)
 Metaspace       used 34871K, capacity 35296K, committed 35496K, reserved 1081344K
  class space    used 4412K, capacity 4521K, committed 4608K, reserved 1048576K
Event: 13.806 GC heap after
Heap after GC invocations=8 (full 1):
 PSYoungGen      total 265728K, used 17383K [0x000000076ab00000, 0x0000000789b00000, 0x00000007c0000000)
  eden space 248320K, 0% used [0x000000076ab00000,0x000000076ab00000,0x0000000779d80000)
  from space 17408K, 99% used [0x0000000779d80000,0x000000077ae79f30,0x000000077ae80000)
  to   space 19456K, 0% used [0x0000000788800000,0x0000000788800000,0x0000000789b00000)
 ParOldGen       total 84480K, used 20025K [0x00000006c0000000, 0x00000006c5280000, 0x000000076ab00000)
  object space 84480K, 23% used [0x00000006c0000000,0x00000006c138e590,0x00000006c5280000)
 Metaspace       used 34871K, capacity 35296K, committed 35496K, reserved 1081344K
  class space    used 4412K, capacity 4521K, committed 4608K, reserved 1048576K
}
Event: 13.806 GC heap before
{Heap before GC invocations=9 (full 2):
 PSYoungGen      total 265728K, used 17383K [0x000000076ab00000, 0x0000000789b00000, 0x00000007c0000000)
  eden space 248320K, 0% used [0x000000076ab00000,0x000000076ab00000,0x0000000779d80000)
  from space 17408K, 99% used [0x0000000779d80000,0x000000077ae79f30,0x000000077ae80000)
  to   space 19456K, 0% used [0x0000000788800000,0x0000000788800000,0x0000000789b00000)
 ParOldGen       total 84480K, used 20025K [0x00000006c0000000, 0x00000006c5280000, 0x000000076ab00000)
  object space 84480K, 23% used [0x00000006c0000000,0x00000006c138e590,0x00000006c5280000)
 Metaspace       used 34871K, capacity 35296K, committed 35496K, reserved 1081344K
  class space    used 4412K, capacity 4521K, committed 4608K, reserved 1048576K
Event: 13.863 GC heap after
Heap after GC invocations=9 (full 2):
 PSYoungGen      total 265728K, used 0K [0x000000076ab00000, 0x0000000789b00000, 0x00000007c0000000)
  eden space 248320K, 0% used [0x000000076ab00000,0x000000076ab00000,0x0000000779d80000)
  from space 17408K, 0% used [0x0000000779d80000,0x0000000779d80000,0x000000077ae80000)
  to   space 19456K, 0% used [0x0000000788800000,0x0000000788800000,0x0000000789b00000)
 ParOldGen       total 131584K, used 27821K [0x00000006c0000000, 0x00000006c8080000, 0x000000076ab00000)
  object space 131584K, 21% used [0x00000006c0000000,0x00000006c1b2b508,0x00000006c8080000)
 Metaspace       used 34871K, capacity 35296K, committed 35496K, reserved 1081344K
  class space    used 4412K, capacity 4521K, committed 4608K, reserved 1048576K
}

