# JRE version: Java(TM) SE Runtime Environment (8.0_65-b17) (build 1.8.0_65-b17)
# Java VM: Java HotSpot(TM) 64-Bit Server VM (25.65-b01 mixed mode bsd-amd64 compressed oops)
Heap:
 PSYoungGen      total 267264K, used 104582K [0x000000076ab00000, 0x0000000789e80000, 0x00000007c0000000)
  eden space 248832K, 42% used [0x000000076ab00000,0x0000000771121a58,0x0000000779e00000)
  from space 18432K, 0% used [0x0000000779e00000,0x0000000779e00000,0x000000077b000000)
  to   space 19968K, 0% used [0x0000000788b00000,0x0000000788b00000,0x0000000789e80000)
 ParOldGen       total 132608K, used 27723K [0x00000006c0000000, 0x00000006c8180000, 0x000000076ab00000)
  object space 132608K, 20% used [0x00000006c0000000,0x00000006c1b12fe8,0x00000006c8180000)
 Metaspace       used 41164K, capacity 41698K, committed 41984K, reserved 1085440K
  class space    used 5154K, capacity 5290K, committed 5376K, reserved 1048576K
GC Heap History (10 events):
Event: 11.727 GC heap before
{Heap before GC invocations=5 (full 1):
 PSYoungGen      total 141824K, used 10738K [0x000000076ab00000, 0x0000000774000000, 0x00000007c0000000)
  eden space 131072K, 0% used [0x000000076ab00000,0x000000076ab00000,0x0000000772b00000)
  from space 10752K, 99% used [0x0000000773580000,0x0000000773ffca08,0x0000000774000000)
  to   space 10752K, 0% used [0x0000000772b00000,0x0000000772b00000,0x0000000773580000)
 ParOldGen       total 175104K, used 2736K [0x00000006c0000000, 0x00000006cab00000, 0x000000076ab00000)
  object space 175104K, 1% used [0x00000006c0000000,0x00000006c02ac118,0x00000006cab00000)
 Metaspace       used 20922K, capacity 21230K, committed 21296K, reserved 1069056K
  class space    used 2556K, capacity 2678K, committed 2688K, reserved 1048576K
Event: 11.762 GC heap after
Heap after GC invocations=5 (full 1):
 PSYoungGen      total 141824K, used 0K [0x000000076ab00000, 0x0000000774000000, 0x00000007c0000000)
  eden space 131072K, 0% used [0x000000076ab00000,0x000000076ab00000,0x0000000772b00000)
  from space 10752K, 0% used [0x0000000773580000,0x0000000773580000,0x0000000774000000)
  to   space 10752K, 0% used [0x0000000772b00000,0x0000000772b00000,0x0000000773580000)
 ParOldGen       total 84480K, used 11043K [0x00000006c0000000, 0x00000006c5280000, 0x000000076ab00000)
  object space 84480K, 13% used [0x00000006c0000000,0x00000006c0ac8dc0,0x00000006c5280000)
 Metaspace       used 20922K, capacity 21230K, committed 21296K, reserved 1069056K
  class space    used 2556K, capacity 2678K, committed 2688K, reserved 1048576K
}
Event: 12.620 GC heap before
{Heap before GC invocations=6 (full 1):
 PSYoungGen      total 141824K, used 131072K [0x000000076ab00000, 0x0000000774000000, 0x00000007c0000000)
  eden space 131072K, 100% used [0x000000076ab00000,0x0000000772b00000,0x0000000772b00000)
  from space 10752K, 0% used [0x0000000773580000,0x0000000773580000,0x0000000774000000)
  to   space 10752K, 0% used [0x0000000772b00000,0x0000000772b00000,0x0000000773580000)
 ParOldGen       total 84480K, used 11043K [0x00000006c0000000, 0x00000006c5280000, 0x000000076ab00000)
  object space 84480K, 13% used [0x00000006c0000000,0x00000006c0ac8dc0,0x00000006c5280000)
 Metaspace       used 27707K, capacity 28050K, committed 28416K, reserved 1075200K
  class space    used 3415K, capacity 3516K, committed 3584K, reserved 1048576K
Event: 12.638 GC heap after
Heap after GC invocations=6 (full 1):
 PSYoungGen      total 141824K, used 10741K [0x000000076ab00000, 0x000000077c480000, 0x00000007c0000000)
  eden space 131072K, 0% used [0x000000076ab00000,0x000000076ab00000,0x0000000772b00000)
  from space 10752K, 99% used [0x0000000772b00000,0x000000077357d798,0x0000000773580000)
  to   space 18944K, 0% used [0x000000077b200000,0x000000077b200000,0x000000077c480000)
 ParOldGen       total 84480K, used 21083K [0x00000006c0000000, 0x00000006c5280000, 0x000000076ab00000)
  object space 84480K, 24% used [0x00000006c0000000,0x00000006c1496c90,0x00000006c5280000)
 Metaspace       used 27707K, capacity 28050K, committed 28416K, reserved 1075200K
  class space    used 3415K, capacity 3516K, committed 3584K, reserved 1048576K
}
Event: 13.373 GC heap before
{Heap before GC invocations=7 (full 1):
 PSYoungGen      total 141824K, used 141813K [0x000000076ab00000, 0x000000077c480000, 0x00000007c0000000)
  eden space 131072K, 100% used [0x000000076ab00000,0x0000000772b00000,0x0000000772b00000)
  from space 10752K, 99% used [0x0000000772b00000,0x000000077357d798,0x0000000773580000)
  to   space 18944K, 0% used [0x000000077b200000,0x000000077b200000,0x000000077c480000)
 ParOldGen       total 84480K, used 21083K [0x00000006c0000000, 0x00000006c5280000, 0x000000076ab00000)
  object space 84480K, 24% used [0x00000006c0000000,0x00000006c1496c90,0x00000006c5280000)
 Metaspace       used 31370K, capacity 31810K, committed 32000K, reserved 1077248K
  class space    used 3896K, capacity 4004K, committed 4096K, reserved 1048576K
Event: 13.386 GC heap after
Heap after GC invocations=7 (full 1):
 PSYoungGen      total 265216K, used 12668K [0x000000076ab00000, 0x000000077c200000, 0x00000007c0000000)
  eden space 248832K, 0% used [0x000000076ab00000,0x000000076ab00000,0x0000000779e00000)
  from space 16384K, 77% used [0x000000077b200000,0x000000077be5f270,0x000000077c200000)
  to   space 18432K, 0% used [0x0000000779e00000,0x0000000779e00000,0x000000077b000000)
 ParOldGen       total 84480K, used 21091K [0x00000006c0000000, 0x00000006c5280000, 0x000000076ab00000)
  object space 84480K, 24% used [0x00000006c0000000,0x00000006c1498c90,0x00000006c5280000)
 Metaspace       used 31370K, capacity 31810K, committed 32000K, reserved 1077248K
  class space    used 3896K, capacity 4004K, committed 4096K, reserved 1048576K
}
Event: 14.053 GC heap before
{Heap before GC invocations=8 (full 1):
 PSYoungGen      total 265216K, used 146196K [0x000000076ab00000, 0x000000077c200000, 0x00000007c0000000)
  eden space 248832K, 53% used [0x000000076ab00000,0x0000000772d65f48,0x0000000779e00000)
  from space 16384K, 77% used [0x000000077b200000,0x000000077be5f270,0x000000077c200000)
  to   space 18432K, 0% used [0x0000000779e00000,0x0000000779e00000,0x000000077b000000)
 ParOldGen       total 84480K, used 21091K [0x00000006c0000000, 0x00000006c5280000, 0x000000076ab00000)
  object space 84480K, 24% used [0x00000006c0000000,0x00000006c1498c90,0x00000006c5280000)
 Metaspace       used 34875K, capacity 35296K, committed 35496K, reserved 1081344K
  class space    used 4414K, capacity 4521K, committed 4608K, reserved 1048576K
Event: 14.069 GC heap after
Heap after GC invocations=8 (full 1):
 PSYoungGen      total 267264K, used 17448K [0x000000076ab00000, 0x0000000789e80000, 0x00000007c0000000)
  eden space 248832K, 0% used [0x000000076ab00000,0x000000076ab00000,0x0000000779e00000)
  from space 18432K, 94% used [0x0000000779e00000,0x000000077af0a328,0x000000077b000000)
  to   space 19968K, 0% used [0x0000000788b00000,0x0000000788b00000,0x0000000789e80000)
 ParOldGen       total 84480K, used 21099K [0x00000006c0000000, 0x00000006c5280000, 0x000000076ab00000)
  object space 84480K, 24% used [0x00000006c0000000,0x00000006c149ac90,0x00000006c5280000)
 Metaspace       used 34875K, capacity 35296K, committed 35496K, reserved 1081344K
  class space    used 4414K, capacity 4521K, committed 4608K, reserved 1048576K
}
Event: 14.069 GC heap before
{Heap before GC invocations=9 (full 2):
 PSYoungGen      total 267264K, used 17448K [0x000000076ab00000, 0x0000000789e80000, 0x00000007c0000000)
  eden space 248832K, 0% used [0x000000076ab00000,0x000000076ab00000,0x0000000779e00000)
  from space 18432K, 94% used [0x0000000779e00000,0x000000077af0a328,0x000000077b000000)
  to   space 19968K, 0% used [0x0000000788b00000,0x0000000788b00000,0x0000000789e80000)
 ParOldGen       total 84480K, used 21099K [0x00000006c0000000, 0x00000006c5280000, 0x000000076ab00000)
  object space 84480K, 24% used [0x00000006c0000000,0x00000006c149ac90,0x00000006c5280000)
 Metaspace       used 34875K, capacity 35296K, committed 35496K, reserved 1081344K
  class space    used 4414K, capacity 4521K, committed 4608K, reserved 1048576K
Event: 14.131 GC heap after
Heap after GC invocations=9 (full 2):
 PSYoungGen      total 267264K, used 0K [0x000000076ab00000, 0x0000000789e80000, 0x00000007c0000000)
  eden space 248832K, 0% used [0x000000076ab00000,0x000000076ab00000,0x0000000779e00000)
  from space 18432K, 0% used [0x0000000779e00000,0x0000000779e00000,0x000000077b000000)
  to   space 19968K, 0% used [0x0000000788b00000,0x0000000788b00000,0x0000000789e80000)
 ParOldGen       total 132608K, used 27723K [0x00000006c0000000, 0x00000006c8180000, 0x000000076ab00000)
  object space 132608K, 20% used [0x00000006c0000000,0x00000006c1b12fe8,0x00000006c8180000)
 Metaspace       used 34875K, capacity 35296K, committed 35496K, reserved 1081344K
  class space    used 4414K, capacity 4521K, committed 4608K, reserved 1048576K
}

