# JRE version: Java(TM) SE Runtime Environment (8.0_65-b17) (build 1.8.0_65-b17)
# Java VM: Java HotSpot(TM) 64-Bit Server VM (25.65-b01 mixed mode bsd-amd64 compressed oops)
Heap:
 PSYoungGen      total 266240K, used 104098K [0x000000076ab00000, 0x0000000789a80000, 0x00000007c0000000)
  eden space 247808K, 42% used [0x000000076ab00000,0x00000007710a89c0,0x0000000779d00000)
  from space 18432K, 0% used [0x0000000779d00000,0x0000000779d00000,0x000000077af00000)
  to   space 19968K, 0% used [0x0000000788700000,0x0000000788700000,0x0000000789a80000)
 ParOldGen       total 136192K, used 27768K [0x00000006c0000000, 0x00000006c8500000, 0x000000076ab00000)
  object space 136192K, 20% used [0x00000006c0000000,0x00000006c1b1e200,0x00000006c8500000)
 Metaspace       used 41065K, capacity 41634K, committed 41984K, reserved 1085440K
  class space    used 5154K, capacity 5290K, committed 5376K, reserved 1048576K
GC Heap History (10 events):
Event: 11.498 GC heap before
{Heap before GC invocations=5 (full 1):
 PSYoungGen      total 141824K, used 10725K [0x000000076ab00000, 0x0000000774000000, 0x00000007c0000000)
  eden space 131072K, 0% used [0x000000076ab00000,0x000000076ab00000,0x0000000772b00000)
  from space 10752K, 99% used [0x0000000773580000,0x0000000773ff9420,0x0000000774000000)
  to   space 10752K, 0% used [0x0000000772b00000,0x0000000772b00000,0x0000000773580000)
 ParOldGen       total 175104K, used 2831K [0x00000006c0000000, 0x00000006cab00000, 0x000000076ab00000)
  object space 175104K, 1% used [0x00000006c0000000,0x00000006c02c3eb0,0x00000006cab00000)
 Metaspace       used 20910K, capacity 21198K, committed 21296K, reserved 1069056K
  class space    used 2554K, capacity 2646K, committed 2688K, reserved 1048576K
Event: 11.530 GC heap after
Heap after GC invocations=5 (full 1):
 PSYoungGen      total 141824K, used 0K [0x000000076ab00000, 0x0000000774000000, 0x00000007c0000000)
  eden space 131072K, 0% used [0x000000076ab00000,0x000000076ab00000,0x0000000772b00000)
  from space 10752K, 0% used [0x0000000773580000,0x0000000773580000,0x0000000774000000)
  to   space 10752K, 0% used [0x0000000772b00000,0x0000000772b00000,0x0000000773580000)
 ParOldGen       total 84992K, used 11038K [0x00000006c0000000, 0x00000006c5300000, 0x000000076ab00000)
  object space 84992K, 12% used [0x00000006c0000000,0x00000006c0ac7aa0,0x00000006c5300000)
 Metaspace       used 20910K, capacity 21198K, committed 21296K, reserved 1069056K
  class space    used 2554K, capacity 2646K, committed 2688K, reserved 1048576K
}
Event: 12.381 GC heap before
{Heap before GC invocations=6 (full 1):
 PSYoungGen      total 141824K, used 131072K [0x000000076ab00000, 0x0000000774000000, 0x00000007c0000000)
  eden space 131072K, 100% used [0x000000076ab00000,0x0000000772b00000,0x0000000772b00000)
  from space 10752K, 0% used [0x0000000773580000,0x0000000773580000,0x0000000774000000)
  to   space 10752K, 0% used [0x0000000772b00000,0x0000000772b00000,0x0000000773580000)
 ParOldGen       total 84992K, used 11038K [0x00000006c0000000, 0x00000006c5300000, 0x000000076ab00000)
  object space 84992K, 12% used [0x00000006c0000000,0x00000006c0ac7aa0,0x00000006c5300000)
 Metaspace       used 27717K, capacity 28050K, committed 28416K, reserved 1075200K
  class space    used 3415K, capacity 3516K, committed 3584K, reserved 1048576K
Event: 12.396 GC heap after
Heap after GC invocations=6 (full 1):
 PSYoungGen      total 141824K, used 10741K [0x000000076ab00000, 0x000000077c400000, 0x00000007c0000000)
  eden space 131072K, 0% used [0x000000076ab00000,0x000000076ab00000,0x0000000772b00000)
  from space 10752K, 99% used [0x0000000772b00000,0x000000077357d778,0x0000000773580000)
  to   space 19456K, 0% used [0x000000077b100000,0x000000077b100000,0x000000077c400000)
 ParOldGen       total 84992K, used 21540K [0x00000006c0000000, 0x00000006c5300000, 0x000000076ab00000)
  object space 84992K, 25% used [0x00000006c0000000,0x00000006c1509338,0x00000006c5300000)
 Metaspace       used 27717K, capacity 28050K, committed 28416K, reserved 1075200K
  class space    used 3415K, capacity 3516K, committed 3584K, reserved 1048576K
}
Event: 13.107 GC heap before
{Heap before GC invocations=7 (full 1):
 PSYoungGen      total 141824K, used 141813K [0x000000076ab00000, 0x000000077c400000, 0x00000007c0000000)
  eden space 131072K, 100% used [0x000000076ab00000,0x0000000772b00000,0x0000000772b00000)
  from space 10752K, 99% used [0x0000000772b00000,0x000000077357d778,0x0000000773580000)
  to   space 19456K, 0% used [0x000000077b100000,0x000000077b100000,0x000000077c400000)
 ParOldGen       total 84992K, used 21540K [0x00000006c0000000, 0x00000006c5300000, 0x000000076ab00000)
  object space 84992K, 25% used [0x00000006c0000000,0x00000006c1509338,0x00000006c5300000)
 Metaspace       used 31285K, capacity 31682K, committed 32000K, reserved 1077248K
  class space    used 3886K, capacity 4004K, committed 4096K, reserved 1048576K
Event: 13.119 GC heap after
Heap after GC invocations=7 (full 1):
 PSYoungGen      total 264192K, used 12489K [0x000000076ab00000, 0x000000077c100000, 0x00000007c0000000)
  eden space 247808K, 0% used [0x000000076ab00000,0x000000076ab00000,0x0000000779d00000)
  from space 16384K, 76% used [0x000000077b100000,0x000000077bd324f0,0x000000077c100000)
  to   space 18432K, 0% used [0x0000000779d00000,0x0000000779d00000,0x000000077af00000)
 ParOldGen       total 84992K, used 21548K [0x00000006c0000000, 0x00000006c5300000, 0x000000076ab00000)
  object space 84992K, 25% used [0x00000006c0000000,0x00000006c150b338,0x00000006c5300000)
 Metaspace       used 31285K, capacity 31682K, committed 32000K, reserved 1077248K
  class space    used 3886K, capacity 4004K, committed 4096K, reserved 1048576K
}
Event: 13.788 GC heap before
{Heap before GC invocations=8 (full 1):
 PSYoungGen      total 264192K, used 148372K [0x000000076ab00000, 0x000000077c100000, 0x00000007c0000000)
  eden space 247808K, 54% used [0x000000076ab00000,0x0000000772fb2e20,0x0000000779d00000)
  from space 16384K, 76% used [0x000000077b100000,0x000000077bd324f0,0x000000077c100000)
  to   space 18432K, 0% used [0x0000000779d00000,0x0000000779d00000,0x000000077af00000)
 ParOldGen       total 84992K, used 21548K [0x00000006c0000000, 0x00000006c5300000, 0x000000076ab00000)
  object space 84992K, 25% used [0x00000006c0000000,0x00000006c150b338,0x00000006c5300000)
 Metaspace       used 34877K, capacity 35296K, committed 35496K, reserved 1081344K
  class space    used 4413K, capacity 4521K, committed 4608K, reserved 1048576K
Event: 13.803 GC heap after
Heap after GC invocations=8 (full 1):
 PSYoungGen      total 266240K, used 17545K [0x000000076ab00000, 0x0000000789a80000, 0x00000007c0000000)
  eden space 247808K, 0% used [0x000000076ab00000,0x000000076ab00000,0x0000000779d00000)
  from space 18432K, 95% used [0x0000000779d00000,0x000000077ae22488,0x000000077af00000)
  to   space 19968K, 0% used [0x0000000788700000,0x0000000788700000,0x0000000789a80000)
 ParOldGen       total 84992K, used 21556K [0x00000006c0000000, 0x00000006c5300000, 0x000000076ab00000)
  object space 84992K, 25% used [0x00000006c0000000,0x00000006c150d338,0x00000006c5300000)
 Metaspace       used 34877K, capacity 35296K, committed 35496K, reserved 1081344K
  class space    used 4413K, capacity 4521K, committed 4608K, reserved 1048576K
}
Event: 13.803 GC heap before
{Heap before GC invocations=9 (full 2):
 PSYoungGen      total 266240K, used 17545K [0x000000076ab00000, 0x0000000789a80000, 0x00000007c0000000)
  eden space 247808K, 0% used [0x000000076ab00000,0x000000076ab00000,0x0000000779d00000)
  from space 18432K, 95% used [0x0000000779d00000,0x000000077ae22488,0x000000077af00000)
  to   space 19968K, 0% used [0x0000000788700000,0x0000000788700000,0x0000000789a80000)
 ParOldGen       total 84992K, used 21556K [0x00000006c0000000, 0x00000006c5300000, 0x000000076ab00000)
  object space 84992K, 25% used [0x00000006c0000000,0x00000006c150d338,0x00000006c5300000)
 Metaspace       used 34877K, capacity 35296K, committed 35496K, reserved 1081344K
  class space    used 4413K, capacity 4521K, committed 4608K, reserved 1048576K
Event: 13.864 GC heap after
Heap after GC invocations=9 (full 2):
 PSYoungGen      total 266240K, used 0K [0x000000076ab00000, 0x0000000789a80000, 0x00000007c0000000)
  eden space 247808K, 0% used [0x000000076ab00000,0x000000076ab00000,0x0000000779d00000)
  from space 18432K, 0% used [0x0000000779d00000,0x0000000779d00000,0x000000077af00000)
  to   space 19968K, 0% used [0x0000000788700000,0x0000000788700000,0x0000000789a80000)
 ParOldGen       total 136192K, used 27768K [0x00000006c0000000, 0x00000006c8500000, 0x000000076ab00000)
  object space 136192K, 20% used [0x00000006c0000000,0x00000006c1b1e200,0x00000006c8500000)
 Metaspace       used 34877K, capacity 35296K, committed 35496K, reserved 1081344K
  class space    used 4413K, capacity 4521K, committed 4608K, reserved 1048576K
}

