# JRE version: Java(TM) SE Runtime Environment (8.0_65-b17) (build 1.8.0_65-b17)
# Java VM: Java HotSpot(TM) 64-Bit Server VM (25.65-b01 mixed mode bsd-amd64 compressed oops)
Heap:
 PSYoungGen      total 265216K, used 90878K [0x000000076ab00000, 0x0000000789800000, 0x00000007c0000000)
  eden space 247296K, 36% used [0x000000076ab00000,0x00000007703bf950,0x0000000779c80000)
  from space 17920K, 0% used [0x0000000779c80000,0x0000000779c80000,0x000000077ae00000)
  to   space 19456K, 0% used [0x0000000788500000,0x0000000788500000,0x0000000789800000)
 ParOldGen       total 134656K, used 27843K [0x00000006c0000000, 0x00000006c8380000, 0x000000076ab00000)
  object space 134656K, 20% used [0x00000006c0000000,0x00000006c1b30f98,0x00000006c8380000)
 Metaspace       used 40948K, capacity 41480K, committed 41728K, reserved 1085440K
  class space    used 5153K, capacity 5285K, committed 5376K, reserved 1048576K
GC Heap History (10 events):
Event: 11.452 GC heap before
{Heap before GC invocations=5 (full 1):
 PSYoungGen      total 141824K, used 10722K [0x000000076ab00000, 0x0000000774000000, 0x00000007c0000000)
  eden space 131072K, 0% used [0x000000076ab00000,0x000000076ab00000,0x0000000772b00000)
  from space 10752K, 99% used [0x0000000773580000,0x0000000773ff8a38,0x0000000774000000)
  to   space 10752K, 0% used [0x0000000772b00000,0x0000000772b00000,0x0000000773580000)
 ParOldGen       total 175104K, used 2802K [0x00000006c0000000, 0x00000006cab00000, 0x000000076ab00000)
  object space 175104K, 1% used [0x00000006c0000000,0x00000006c02bc890,0x00000006cab00000)
 Metaspace       used 20908K, capacity 21198K, committed 21296K, reserved 1069056K
  class space    used 2553K, capacity 2646K, committed 2688K, reserved 1048576K
Event: 11.489 GC heap after
Heap after GC invocations=5 (full 1):
 PSYoungGen      total 141824K, used 0K [0x000000076ab00000, 0x0000000774000000, 0x00000007c0000000)
  eden space 131072K, 0% used [0x000000076ab00000,0x000000076ab00000,0x0000000772b00000)
  from space 10752K, 0% used [0x0000000773580000,0x0000000773580000,0x0000000774000000)
  to   space 10752K, 0% used [0x0000000772b00000,0x0000000772b00000,0x0000000773580000)
 ParOldGen       total 85504K, used 11045K [0x00000006c0000000, 0x00000006c5380000, 0x000000076ab00000)
  object space 85504K, 12% used [0x00000006c0000000,0x00000006c0ac97e8,0x00000006c5380000)
 Metaspace       used 20908K, capacity 21198K, committed 21296K, reserved 1069056K
  class space    used 2553K, capacity 2646K, committed 2688K, reserved 1048576K
}
Event: 12.281 GC heap before
{Heap before GC invocations=6 (full 1):
 PSYoungGen      total 141824K, used 131072K [0x000000076ab00000, 0x0000000774000000, 0x00000007c0000000)
  eden space 131072K, 100% used [0x000000076ab00000,0x0000000772b00000,0x0000000772b00000)
  from space 10752K, 0% used [0x0000000773580000,0x0000000773580000,0x0000000774000000)
  to   space 10752K, 0% used [0x0000000772b00000,0x0000000772b00000,0x0000000773580000)
 ParOldGen       total 85504K, used 11045K [0x00000006c0000000, 0x00000006c5380000, 0x000000076ab00000)
  object space 85504K, 12% used [0x00000006c0000000,0x00000006c0ac97e8,0x00000006c5380000)
 Metaspace       used 27705K, capacity 28050K, committed 28416K, reserved 1075200K
  class space    used 3412K, capacity 3516K, committed 3584K, reserved 1048576K
Event: 12.294 GC heap after
Heap after GC invocations=6 (full 1):
 PSYoungGen      total 141824K, used 10729K [0x000000076ab00000, 0x000000077c280000, 0x00000007c0000000)
  eden space 131072K, 0% used [0x000000076ab00000,0x000000076ab00000,0x0000000772b00000)
  from space 10752K, 99% used [0x0000000772b00000,0x000000077357a788,0x0000000773580000)
  to   space 18944K, 0% used [0x000000077b000000,0x000000077b000000,0x000000077c280000)
 ParOldGen       total 85504K, used 20546K [0x00000006c0000000, 0x00000006c5380000, 0x000000076ab00000)
  object space 85504K, 24% used [0x00000006c0000000,0x00000006c1410b98,0x00000006c5380000)
 Metaspace       used 27705K, capacity 28050K, committed 28416K, reserved 1075200K
  class space    used 3412K, capacity 3516K, committed 3584K, reserved 1048576K
}
Event: 12.992 GC heap before
{Heap before GC invocations=7 (full 1):
 PSYoungGen      total 141824K, used 141801K [0x000000076ab00000, 0x000000077c280000, 0x00000007c0000000)
  eden space 131072K, 100% used [0x000000076ab00000,0x0000000772b00000,0x0000000772b00000)
  from space 10752K, 99% used [0x0000000772b00000,0x000000077357a788,0x0000000773580000)
  to   space 18944K, 0% used [0x000000077b000000,0x000000077b000000,0x000000077c280000)
 ParOldGen       total 85504K, used 20546K [0x00000006c0000000, 0x00000006c5380000, 0x000000076ab00000)
  object space 85504K, 24% used [0x00000006c0000000,0x00000006c1410b98,0x00000006c5380000)
 Metaspace       used 31218K, capacity 31682K, committed 32000K, reserved 1077248K
  class space    used 3882K, capacity 4004K, committed 4096K, reserved 1048576K
Event: 13.006 GC heap after
Heap after GC invocations=7 (full 1):
 PSYoungGen      total 263168K, used 12452K [0x000000076ab00000, 0x000000077bf80000, 0x00000007c0000000)
  eden space 247296K, 0% used [0x000000076ab00000,0x000000076ab00000,0x0000000779c80000)
  from space 15872K, 78% used [0x000000077b000000,0x000000077bc29278,0x000000077bf80000)
  to   space 17920K, 0% used [0x0000000779c80000,0x0000000779c80000,0x000000077ae00000)
 ParOldGen       total 85504K, used 20554K [0x00000006c0000000, 0x00000006c5380000, 0x000000076ab00000)
  object space 85504K, 24% used [0x00000006c0000000,0x00000006c1412b98,0x00000006c5380000)
 Metaspace       used 31218K, capacity 31682K, committed 32000K, reserved 1077248K
  class space    used 3882K, capacity 4004K, committed 4096K, reserved 1048576K
}
Event: 13.636 GC heap before
{Heap before GC invocations=8 (full 1):
 PSYoungGen      total 263168K, used 150944K [0x000000076ab00000, 0x000000077bf80000, 0x00000007c0000000)
  eden space 247296K, 56% used [0x000000076ab00000,0x000000077323edf8,0x0000000779c80000)
  from space 15872K, 78% used [0x000000077b000000,0x000000077bc29278,0x000000077bf80000)
  to   space 17920K, 0% used [0x0000000779c80000,0x0000000779c80000,0x000000077ae00000)
 ParOldGen       total 85504K, used 20554K [0x00000006c0000000, 0x00000006c5380000, 0x000000076ab00000)
  object space 85504K, 24% used [0x00000006c0000000,0x00000006c1412b98,0x00000006c5380000)
 Metaspace       used 34875K, capacity 35296K, committed 35496K, reserved 1081344K
  class space    used 4411K, capacity 4521K, committed 4608K, reserved 1048576K
Event: 13.653 GC heap after
Heap after GC invocations=8 (full 1):
 PSYoungGen      total 265216K, used 17620K [0x000000076ab00000, 0x0000000789800000, 0x00000007c0000000)
  eden space 247296K, 0% used [0x000000076ab00000,0x000000076ab00000,0x0000000779c80000)
  from space 17920K, 98% used [0x0000000779c80000,0x000000077adb5140,0x000000077ae00000)
  to   space 19456K, 0% used [0x0000000788500000,0x0000000788500000,0x0000000789800000)
 ParOldGen       total 85504K, used 20562K [0x00000006c0000000, 0x00000006c5380000, 0x000000076ab00000)
  object space 85504K, 24% used [0x00000006c0000000,0x00000006c1414b98,0x00000006c5380000)
 Metaspace       used 34875K, capacity 35296K, committed 35496K, reserved 1081344K
  class space    used 4411K, capacity 4521K, committed 4608K, reserved 1048576K
}
Event: 13.653 GC heap before
{Heap before GC invocations=9 (full 2):
 PSYoungGen      total 265216K, used 17620K [0x000000076ab00000, 0x0000000789800000, 0x00000007c0000000)
  eden space 247296K, 0% used [0x000000076ab00000,0x000000076ab00000,0x0000000779c80000)
  from space 17920K, 98% used [0x0000000779c80000,0x000000077adb5140,0x000000077ae00000)
  to   space 19456K, 0% used [0x0000000788500000,0x0000000788500000,0x0000000789800000)
 ParOldGen       total 85504K, used 20562K [0x00000006c0000000, 0x00000006c5380000, 0x000000076ab00000)
  object space 85504K, 24% used [0x00000006c0000000,0x00000006c1414b98,0x00000006c5380000)
 Metaspace       used 34875K, capacity 35296K, committed 35496K, reserved 1081344K
  class space    used 4411K, capacity 4521K, committed 4608K, reserved 1048576K
Event: 13.710 GC heap after
Heap after GC invocations=9 (full 2):
 PSYoungGen      total 265216K, used 0K [0x000000076ab00000, 0x0000000789800000, 0x00000007c0000000)
  eden space 247296K, 0% used [0x000000076ab00000,0x000000076ab00000,0x0000000779c80000)
  from space 17920K, 0% used [0x0000000779c80000,0x0000000779c80000,0x000000077ae00000)
  to   space 19456K, 0% used [0x0000000788500000,0x0000000788500000,0x0000000789800000)
 ParOldGen       total 134656K, used 27843K [0x00000006c0000000, 0x00000006c8380000, 0x000000076ab00000)
  object space 134656K, 20% used [0x00000006c0000000,0x00000006c1b30f98,0x00000006c8380000)
 Metaspace       used 34875K, capacity 35296K, committed 35496K, reserved 1081344K
  class space    used 4411K, capacity 4521K, committed 4608K, reserved 1048576K
}

