# JRE version: Java(TM) SE Runtime Environment (8.0_65-b17) (build 1.8.0_65-b17)
# Java VM: Java HotSpot(TM) 64-Bit Server VM (25.65-b01 mixed mode bsd-amd64 compressed oops)
Heap:
 PSYoungGen      total 141824K, used 126508K [0x000000076ab00000, 0x000000077a080000, 0x00000007c0000000)
  eden space 131072K, 88% used [0x000000076ab00000,0x0000000771c0cba0,0x0000000772b00000)
  from space 10752K, 99% used [0x0000000772b00000,0x000000077357e778,0x0000000773580000)
  to   space 18944K, 0% used [0x0000000778e00000,0x0000000778e00000,0x000000077a080000)
 ParOldGen       total 101888K, used 20983K [0x00000006c0000000, 0x00000006c6380000, 0x000000076ab00000)
  object space 101888K, 20% used [0x00000006c0000000,0x00000006c147ddb8,0x00000006c6380000)
 Metaspace       used 30617K, capacity 31022K, committed 31360K, reserved 1077248K
  class space    used 3809K, capacity 3926K, committed 3968K, reserved 1048576K
GC Heap History (10 events):
Event: 1.872 GC heap before
{Heap before GC invocations=2 (full 0):
 PSYoungGen      total 76288K, used 76273K [0x000000076ab00000, 0x0000000770000000, 0x00000007c0000000)
  eden space 65536K, 100% used [0x000000076ab00000,0x000000076eb00000,0x000000076eb00000)
  from space 10752K, 99% used [0x000000076eb00000,0x000000076f57c550,0x000000076f580000)
  to   space 10752K, 0% used [0x000000076f580000,0x000000076f580000,0x0000000770000000)
 ParOldGen       total 175104K, used 411K [0x00000006c0000000, 0x00000006cab00000, 0x000000076ab00000)
  object space 175104K, 0% used [0x00000006c0000000,0x00000006c0066ca0,0x00000006cab00000)
 Metaspace       used 19647K, capacity 19914K, committed 20224K, reserved 1067008K
  class space    used 2401K, capacity 2480K, committed 2560K, reserved 1048576K
Event: 1.899 GC heap after
Heap after GC invocations=2 (full 0):
 PSYoungGen      total 76288K, used 10751K [0x000000076ab00000, 0x0000000774000000, 0x00000007c0000000)
  eden space 65536K, 0% used [0x000000076ab00000,0x000000076ab00000,0x000000076eb00000)
  from space 10752K, 99% used [0x000000076f580000,0x000000076ffffe40,0x0000000770000000)
  to   space 10752K, 0% used [0x000000076eb00000,0x000000076eb00000,0x000000076f580000)
 ParOldGen       total 175104K, used 2469K [0x00000006c0000000, 0x00000006cab00000, 0x000000076ab00000)
  object space 175104K, 1% used [0x00000006c0000000,0x00000006c0269588,0x00000006cab00000)
 Metaspace       used 19647K, capacity 19914K, committed 20224K, reserved 1067008K
  class space    used 2401K, capacity 2480K, committed 2560K, reserved 1048576K
}
Event: 2.239 GC heap before
{Heap before GC invocations=3 (full 0):
 PSYoungGen      total 76288K, used 76287K [0x000000076ab00000, 0x0000000774000000, 0x00000007c0000000)
  eden space 65536K, 100% used [0x000000076ab00000,0x000000076eb00000,0x000000076eb00000)
  from space 10752K, 99% used [0x000000076f580000,0x000000076ffffe40,0x0000000770000000)
  to   space 10752K, 0% used [0x000000076eb00000,0x000000076eb00000,0x000000076f580000)
 ParOldGen       total 175104K, used 2469K [0x00000006c0000000, 0x00000006cab00000, 0x000000076ab00000)
  object space 175104K, 1% used [0x00000006c0000000,0x00000006c0269588,0x00000006cab00000)
 Metaspace       used 20311K, capacity 20636K, committed 20736K, reserved 1067008K
  class space    used 2478K, capacity 2547K, committed 2560K, reserved 1048576K
Event: 2.245 GC heap after
Heap after GC invocations=3 (full 0):
 PSYoungGen      total 76288K, used 10735K [0x000000076ab00000, 0x0000000774000000, 0x00000007c0000000)
  eden space 65536K, 0% used [0x000000076ab00000,0x000000076ab00000,0x000000076eb00000)
  from space 10752K, 99% used [0x000000076eb00000,0x000000076f57bdd0,0x000000076f580000)
  to   space 10752K, 0% used [0x0000000773580000,0x0000000773580000,0x0000000774000000)
 ParOldGen       total 175104K, used 2716K [0x00000006c0000000, 0x00000006cab00000, 0x000000076ab00000)
  object space 175104K, 1% used [0x00000006c0000000,0x00000006c02a7288,0x00000006cab00000)
 Metaspace       used 20311K, capacity 20636K, committed 20736K, reserved 1067008K
  class space    used 2478K, capacity 2547K, committed 2560K, reserved 1048576K
}
Event: 2.419 GC heap before
{Heap before GC invocations=4 (full 0):
 PSYoungGen      total 76288K, used 47626K [0x000000076ab00000, 0x0000000774000000, 0x00000007c0000000)
  eden space 65536K, 56% used [0x000000076ab00000,0x000000076cf06b00,0x000000076eb00000)
  from space 10752K, 99% used [0x000000076eb00000,0x000000076f57bdd0,0x000000076f580000)
  to   space 10752K, 0% used [0x0000000773580000,0x0000000773580000,0x0000000774000000)
 ParOldGen       total 175104K, used 2716K [0x00000006c0000000, 0x00000006cab00000, 0x000000076ab00000)
  object space 175104K, 1% used [0x00000006c0000000,0x00000006c02a7288,0x00000006cab00000)
 Metaspace       used 20934K, capacity 21230K, committed 21296K, reserved 1069056K
  class space    used 2570K, capacity 2678K, committed 2688K, reserved 1048576K
Event: 2.430 GC heap after
Heap after GC invocations=4 (full 0):
 PSYoungGen      total 141824K, used 10740K [0x000000076ab00000, 0x0000000774000000, 0x00000007c0000000)
  eden space 131072K, 0% used [0x000000076ab00000,0x000000076ab00000,0x0000000772b00000)
  from space 10752K, 99% used [0x0000000773580000,0x0000000773ffd270,0x0000000774000000)
  to   space 10752K, 0% used [0x0000000772b00000,0x0000000772b00000,0x0000000773580000)
 ParOldGen       total 175104K, used 3480K [0x00000006c0000000, 0x00000006cab00000, 0x000000076ab00000)
  object space 175104K, 1% used [0x00000006c0000000,0x00000006c0366050,0x00000006cab00000)
 Metaspace       used 20934K, capacity 21230K, committed 21296K, reserved 1069056K
  class space    used 2570K, capacity 2678K, committed 2688K, reserved 1048576K
}
Event: 2.431 GC heap before
{Heap before GC invocations=5 (full 1):
 PSYoungGen      total 141824K, used 10740K [0x000000076ab00000, 0x0000000774000000, 0x00000007c0000000)
  eden space 131072K, 0% used [0x000000076ab00000,0x000000076ab00000,0x0000000772b00000)
  from space 10752K, 99% used [0x0000000773580000,0x0000000773ffd270,0x0000000774000000)
  to   space 10752K, 0% used [0x0000000772b00000,0x0000000772b00000,0x0000000773580000)
 ParOldGen       total 175104K, used 3480K [0x00000006c0000000, 0x00000006cab00000, 0x000000076ab00000)
  object space 175104K, 1% used [0x00000006c0000000,0x00000006c0366050,0x00000006cab00000)
 Metaspace       used 20934K, capacity 21230K, committed 21296K, reserved 1069056K
  class space    used 2570K, capacity 2678K, committed 2688K, reserved 1048576K
Event: 2.467 GC heap after
Heap after GC invocations=5 (full 1):
 PSYoungGen      total 141824K, used 0K [0x000000076ab00000, 0x0000000774000000, 0x00000007c0000000)
  eden space 131072K, 0% used [0x000000076ab00000,0x000000076ab00000,0x0000000772b00000)
  from space 10752K, 0% used [0x0000000773580000,0x0000000773580000,0x0000000774000000)
  to   space 10752K, 0% used [0x0000000772b00000,0x0000000772b00000,0x0000000773580000)
 ParOldGen       total 101888K, used 11231K [0x00000006c0000000, 0x00000006c6380000, 0x000000076ab00000)
  object space 101888K, 11% used [0x00000006c0000000,0x00000006c0af7f60,0x00000006c6380000)
 Metaspace       used 20934K, capacity 21230K, committed 21296K, reserved 1069056K
  class space    used 2570K, capacity 2678K, committed 2688K, reserved 1048576K
}
Event: 3.380 GC heap before
{Heap before GC invocations=6 (full 1):
 PSYoungGen      total 141824K, used 131072K [0x000000076ab00000, 0x0000000774000000, 0x00000007c0000000)
  eden space 131072K, 100% used [0x000000076ab00000,0x0000000772b00000,0x0000000772b00000)
  from space 10752K, 0% used [0x0000000773580000,0x0000000773580000,0x0000000774000000)
  to   space 10752K, 0% used [0x0000000772b00000,0x0000000772b00000,0x0000000773580000)
 ParOldGen       total 101888K, used 11231K [0x00000006c0000000, 0x00000006c6380000, 0x000000076ab00000)
  object space 101888K, 11% used [0x00000006c0000000,0x00000006c0af7f60,0x00000006c6380000)
 Metaspace       used 27651K, capacity 27986K, committed 28160K, reserved 1073152K
  class space    used 3414K, capacity 3516K, committed 3584K, reserved 1048576K
Event: 3.396 GC heap after
Heap after GC invocations=6 (full 1):
 PSYoungGen      total 141824K, used 10745K [0x000000076ab00000, 0x000000077a080000, 0x00000007c0000000)
  eden space 131072K, 0% used [0x000000076ab00000,0x000000076ab00000,0x0000000772b00000)
  from space 10752K, 99% used [0x0000000772b00000,0x000000077357e778,0x0000000773580000)
  to   space 18944K, 0% used [0x0000000778e00000,0x0000000778e00000,0x000000077a080000)
 ParOldGen       total 101888K, used 20983K [0x00000006c0000000, 0x00000006c6380000, 0x000000076ab00000)
  object space 101888K, 20% used [0x00000006c0000000,0x00000006c147ddb8,0x00000006c6380000)
 Metaspace       used 27651K, capacity 27986K, committed 28160K, reserved 1073152K
  class space    used 3414K, capacity 3516K, committed 3584K, reserved 1048576K
}

