# JRE version: Java(TM) SE Runtime Environment (8.0_65-b17) (build 1.8.0_65-b17)
# Java VM: Java HotSpot(TM) 64-Bit Server VM (25.65-b01 mixed mode bsd-amd64 compressed oops)
Heap:
 PSYoungGen      total 210432K, used 130677K [0x000000076ab00000, 0x000000077c000000, 0x00000007c0000000)
  eden space 199680K, 60% used [0x000000076ab00000,0x0000000772020ca0,0x0000000776e00000)
  from space 10752K, 99% used [0x000000077b580000,0x000000077bffc918,0x000000077c000000)
  to   space 10752K, 0% used [0x000000077ab00000,0x000000077ab00000,0x000000077b580000)
 ParOldGen       total 112128K, used 22646K [0x00000006c0000000, 0x00000006c6d80000, 0x000000076ab00000)
  object space 112128K, 20% used [0x00000006c0000000,0x00000006c161db18,0x00000006c6d80000)
 Metaspace       used 30619K, capacity 31022K, committed 31360K, reserved 1077248K
  class space    used 3812K, capacity 3926K, committed 3968K, reserved 1048576K
GC Heap History (10 events):
Event: 0.889 GC heap before
{Heap before GC invocations=1 (full 0):
 PSYoungGen      total 76288K, used 65536K [0x000000076ab00000, 0x0000000770000000, 0x00000007c0000000)
  eden space 65536K, 100% used [0x000000076ab00000,0x000000076eb00000,0x000000076eb00000)
  from space 10752K, 0% used [0x000000076f580000,0x000000076f580000,0x0000000770000000)
  to   space 10752K, 0% used [0x000000076eb00000,0x000000076eb00000,0x000000076f580000)
 ParOldGen       total 175104K, used 0K [0x00000006c0000000, 0x00000006cab00000, 0x000000076ab00000)
  object space 175104K, 0% used [0x00000006c0000000,0x00000006c0000000,0x00000006cab00000)
 Metaspace       used 12194K, capacity 12286K, committed 12544K, reserved 1060864K
  class space    used 1485K, capacity 1491K, committed 1536K, reserved 1048576K
Event: 0.908 GC heap after
Heap after GC invocations=1 (full 0):
 PSYoungGen      total 76288K, used 10743K [0x000000076ab00000, 0x0000000774000000, 0x00000007c0000000)
  eden space 65536K, 0% used [0x000000076ab00000,0x000000076ab00000,0x000000076eb00000)
  from space 10752K, 99% used [0x000000076eb00000,0x000000076f57df70,0x000000076f580000)
  to   space 10752K, 0% used [0x0000000773580000,0x0000000773580000,0x0000000774000000)
 ParOldGen       total 175104K, used 69K [0x00000006c0000000, 0x00000006cab00000, 0x000000076ab00000)
  object space 175104K, 0% used [0x00000006c0000000,0x00000006c0011550,0x00000006cab00000)
 Metaspace       used 12194K, capacity 12286K, committed 12544K, reserved 1060864K
  class space    used 1485K, capacity 1491K, committed 1536K, reserved 1048576K
}
Event: 1.633 GC heap before
{Heap before GC invocations=2 (full 0):
 PSYoungGen      total 76288K, used 76279K [0x000000076ab00000, 0x0000000774000000, 0x00000007c0000000)
  eden space 65536K, 100% used [0x000000076ab00000,0x000000076eb00000,0x000000076eb00000)
  from space 10752K, 99% used [0x000000076eb00000,0x000000076f57df70,0x000000076f580000)
  to   space 10752K, 0% used [0x0000000773580000,0x0000000773580000,0x0000000774000000)
 ParOldGen       total 175104K, used 69K [0x00000006c0000000, 0x00000006cab00000, 0x000000076ab00000)
  object space 175104K, 0% used [0x00000006c0000000,0x00000006c0011550,0x00000006cab00000)
 Metaspace       used 18257K, capacity 18488K, committed 18688K, reserved 1064960K
  class space    used 2236K, capacity 2301K, committed 2304K, reserved 1048576K
Event: 1.644 GC heap after
Heap after GC invocations=2 (full 0):
 PSYoungGen      total 141824K, used 10720K [0x000000076ab00000, 0x0000000774000000, 0x00000007c0000000)
  eden space 131072K, 0% used [0x000000076ab00000,0x000000076ab00000,0x0000000772b00000)
  from space 10752K, 99% used [0x0000000773580000,0x0000000773ff83d0,0x0000000774000000)
  to   space 10752K, 0% used [0x0000000772b00000,0x0000000772b00000,0x0000000773580000)
 ParOldGen       total 175104K, used 1846K [0x00000006c0000000, 0x00000006cab00000, 0x000000076ab00000)
  object space 175104K, 1% used [0x00000006c0000000,0x00000006c01cdb80,0x00000006cab00000)
 Metaspace       used 18257K, capacity 18488K, committed 18688K, reserved 1064960K
  class space    used 2236K, capacity 2301K, committed 2304K, reserved 1048576K
}
Event: 2.076 GC heap before
{Heap before GC invocations=3 (full 0):
 PSYoungGen      total 141824K, used 113793K [0x000000076ab00000, 0x0000000774000000, 0x00000007c0000000)
  eden space 131072K, 78% used [0x000000076ab00000,0x0000000770fa80b0,0x0000000772b00000)
  from space 10752K, 99% used [0x0000000773580000,0x0000000773ff83d0,0x0000000774000000)
  to   space 10752K, 0% used [0x0000000772b00000,0x0000000772b00000,0x0000000773580000)
 ParOldGen       total 175104K, used 1846K [0x00000006c0000000, 0x00000006cab00000, 0x000000076ab00000)
  object space 175104K, 1% used [0x00000006c0000000,0x00000006c01cdb80,0x00000006cab00000)
 Metaspace       used 20920K, capacity 21230K, committed 21296K, reserved 1069056K
  class space    used 2573K, capacity 2678K, committed 2688K, reserved 1048576K
Event: 2.088 GC heap after
Heap after GC invocations=3 (full 0):
 PSYoungGen      total 141824K, used 10742K [0x000000076ab00000, 0x000000077c000000, 0x00000007c0000000)
  eden space 131072K, 0% used [0x000000076ab00000,0x000000076ab00000,0x0000000772b00000)
  from space 10752K, 99% used [0x0000000772b00000,0x000000077357d980,0x0000000773580000)
  to   space 10752K, 0% used [0x000000077b580000,0x000000077b580000,0x000000077c000000)
 ParOldGen       total 175104K, used 3830K [0x00000006c0000000, 0x00000006cab00000, 0x000000076ab00000)
  object space 175104K, 2% used [0x00000006c0000000,0x00000006c03bdbb0,0x00000006cab00000)
 Metaspace       used 20920K, capacity 21230K, committed 21296K, reserved 1069056K
  class space    used 2573K, capacity 2678K, committed 2688K, reserved 1048576K
}
Event: 2.088 GC heap before
{Heap before GC invocations=4 (full 1):
 PSYoungGen      total 141824K, used 10742K [0x000000076ab00000, 0x000000077c000000, 0x00000007c0000000)
  eden space 131072K, 0% used [0x000000076ab00000,0x000000076ab00000,0x0000000772b00000)
  from space 10752K, 99% used [0x0000000772b00000,0x000000077357d980,0x0000000773580000)
  to   space 10752K, 0% used [0x000000077b580000,0x000000077b580000,0x000000077c000000)
 ParOldGen       total 175104K, used 3830K [0x00000006c0000000, 0x00000006cab00000, 0x000000076ab00000)
  object space 175104K, 2% used [0x00000006c0000000,0x00000006c03bdbb0,0x00000006cab00000)
 Metaspace       used 20920K, capacity 21230K, committed 21296K, reserved 1069056K
  class space    used 2573K, capacity 2678K, committed 2688K, reserved 1048576K
Event: 2.125 GC heap after
Heap after GC invocations=4 (full 1):
 PSYoungGen      total 141824K, used 0K [0x000000076ab00000, 0x000000077c000000, 0x00000007c0000000)
  eden space 131072K, 0% used [0x000000076ab00000,0x000000076ab00000,0x0000000772b00000)
  from space 10752K, 0% used [0x0000000772b00000,0x0000000772b00000,0x0000000773580000)
  to   space 10752K, 0% used [0x000000077b580000,0x000000077b580000,0x000000077c000000)
 ParOldGen       total 112128K, used 12386K [0x00000006c0000000, 0x00000006c6d80000, 0x000000076ab00000)
  object space 112128K, 11% used [0x00000006c0000000,0x00000006c0c188e8,0x00000006c6d80000)
 Metaspace       used 20920K, capacity 21230K, committed 21296K, reserved 1069056K
  class space    used 2573K, capacity 2678K, committed 2688K, reserved 1048576K
}
Event: 3.036 GC heap before
{Heap before GC invocations=5 (full 1):
 PSYoungGen      total 141824K, used 131072K [0x000000076ab00000, 0x000000077c000000, 0x00000007c0000000)
  eden space 131072K, 100% used [0x000000076ab00000,0x0000000772b00000,0x0000000772b00000)
  from space 10752K, 0% used [0x0000000772b00000,0x0000000772b00000,0x0000000773580000)
  to   space 10752K, 0% used [0x000000077b580000,0x000000077b580000,0x000000077c000000)
 ParOldGen       total 112128K, used 12386K [0x00000006c0000000, 0x00000006c6d80000, 0x000000076ab00000)
  object space 112128K, 11% used [0x00000006c0000000,0x00000006c0c188e8,0x00000006c6d80000)
 Metaspace       used 27670K, capacity 28050K, committed 28416K, reserved 1075200K
  class space    used 3416K, capacity 3516K, committed 3584K, reserved 1048576K
Event: 3.054 GC heap after
Heap after GC invocations=5 (full 1):
 PSYoungGen      total 210432K, used 10738K [0x000000076ab00000, 0x000000077c000000, 0x00000007c0000000)
  eden space 199680K, 0% used [0x000000076ab00000,0x000000076ab00000,0x0000000776e00000)
  from space 10752K, 99% used [0x000000077b580000,0x000000077bffc918,0x000000077c000000)
  to   space 10752K, 0% used [0x000000077ab00000,0x000000077ab00000,0x000000077b580000)
 ParOldGen       total 112128K, used 22646K [0x00000006c0000000, 0x00000006c6d80000, 0x000000076ab00000)
  object space 112128K, 20% used [0x00000006c0000000,0x00000006c161db18,0x00000006c6d80000)
 Metaspace       used 27670K, capacity 28050K, committed 28416K, reserved 1075200K
  class space    used 3416K, capacity 3516K, committed 3584K, reserved 1048576K
}

