# JRE version: Java(TM) SE Runtime Environment (8.0_65-b17) (build 1.8.0_65-b17)
# Java VM: Java HotSpot(TM) 64-Bit Server VM (25.65-b01 mixed mode bsd-amd64 compressed oops)
Heap:
 PSYoungGen      total 224256K, used 91243K [0x000000076ab00000, 0x0000000780c00000, 0x00000007c0000000)
  eden space 205824K, 44% used [0x000000076ab00000,0x000000077041aff0,0x0000000777400000)
  from space 18432K, 0% used [0x0000000777400000,0x0000000777400000,0x0000000778600000)
  to   space 19968K, 0% used [0x000000077f880000,0x000000077f880000,0x0000000780c00000)
 ParOldGen       total 168960K, used 27936K [0x00000006c0000000, 0x00000006ca500000, 0x000000076ab00000)
  object space 168960K, 16% used [0x00000006c0000000,0x00000006c1b480a8,0x00000006ca500000)
 Metaspace       used 40914K, capacity 41416K, committed 41728K, reserved 1085440K
  class space    used 5151K, capacity 5285K, committed 5376K, reserved 1048576K
GC Heap History (10 events):
Event: 2.352 GC heap before
{Heap before GC invocations=5 (full 1):
 PSYoungGen      total 141824K, used 10742K [0x000000076ab00000, 0x0000000774000000, 0x00000007c0000000)
  eden space 131072K, 0% used [0x000000076ab00000,0x000000076ab00000,0x0000000772b00000)
  from space 10752K, 99% used [0x0000000773580000,0x0000000773ffd940,0x0000000774000000)
  to   space 10752K, 0% used [0x0000000772b00000,0x0000000772b00000,0x0000000773580000)
 ParOldGen       total 175104K, used 3659K [0x00000006c0000000, 0x00000006cab00000, 0x000000076ab00000)
  object space 175104K, 2% used [0x00000006c0000000,0x00000006c0392fe8,0x00000006cab00000)
 Metaspace       used 20922K, capacity 21230K, committed 21296K, reserved 1069056K
  class space    used 2570K, capacity 2678K, committed 2688K, reserved 1048576K
Event: 2.396 GC heap after
Heap after GC invocations=5 (full 1):
 PSYoungGen      total 141824K, used 0K [0x000000076ab00000, 0x0000000774000000, 0x00000007c0000000)
  eden space 131072K, 0% used [0x000000076ab00000,0x000000076ab00000,0x0000000772b00000)
  from space 10752K, 0% used [0x0000000773580000,0x0000000773580000,0x0000000774000000)
  to   space 10752K, 0% used [0x0000000772b00000,0x0000000772b00000,0x0000000773580000)
 ParOldGen       total 104448K, used 11206K [0x00000006c0000000, 0x00000006c6600000, 0x000000076ab00000)
  object space 104448K, 10% used [0x00000006c0000000,0x00000006c0af1998,0x00000006c6600000)
 Metaspace       used 20922K, capacity 21230K, committed 21296K, reserved 1069056K
  class space    used 2570K, capacity 2678K, committed 2688K, reserved 1048576K
}
Event: 3.474 GC heap before
{Heap before GC invocations=6 (full 1):
 PSYoungGen      total 141824K, used 131072K [0x000000076ab00000, 0x0000000774000000, 0x00000007c0000000)
  eden space 131072K, 100% used [0x000000076ab00000,0x0000000772b00000,0x0000000772b00000)
  from space 10752K, 0% used [0x0000000773580000,0x0000000773580000,0x0000000774000000)
  to   space 10752K, 0% used [0x0000000772b00000,0x0000000772b00000,0x0000000773580000)
 ParOldGen       total 104448K, used 11206K [0x00000006c0000000, 0x00000006c6600000, 0x000000076ab00000)
  object space 104448K, 10% used [0x00000006c0000000,0x00000006c0af1998,0x00000006c6600000)
 Metaspace       used 27652K, capacity 27986K, committed 28160K, reserved 1073152K
  class space    used 3412K, capacity 3516K, committed 3584K, reserved 1048576K
Event: 3.492 GC heap after
Heap after GC invocations=6 (full 1):
 PSYoungGen      total 141824K, used 10725K [0x000000076ab00000, 0x0000000779c00000, 0x00000007c0000000)
  eden space 131072K, 0% used [0x000000076ab00000,0x000000076ab00000,0x0000000772b00000)
  from space 10752K, 99% used [0x0000000772b00000,0x0000000773579788,0x0000000773580000)
  to   space 18944K, 0% used [0x0000000778980000,0x0000000778980000,0x0000000779c00000)
 ParOldGen       total 104448K, used 20995K [0x00000006c0000000, 0x00000006c6600000, 0x000000076ab00000)
  object space 104448K, 20% used [0x00000006c0000000,0x00000006c1480cf0,0x00000006c6600000)
 Metaspace       used 27652K, capacity 27986K, committed 28160K, reserved 1073152K
  class space    used 3412K, capacity 3516K, committed 3584K, reserved 1048576K
}
Event: 4.234 GC heap before
{Heap before GC invocations=7 (full 1):
 PSYoungGen      total 141824K, used 141797K [0x000000076ab00000, 0x0000000779c00000, 0x00000007c0000000)
  eden space 131072K, 100% used [0x000000076ab00000,0x0000000772b00000,0x0000000772b00000)
  from space 10752K, 99% used [0x0000000772b00000,0x0000000773579788,0x0000000773580000)
  to   space 18944K, 0% used [0x0000000778980000,0x0000000778980000,0x0000000779c00000)
 ParOldGen       total 104448K, used 20995K [0x00000006c0000000, 0x00000006c6600000, 0x000000076ab00000)
  object space 104448K, 20% used [0x00000006c0000000,0x00000006c1480cf0,0x00000006c6600000)
 Metaspace       used 31284K, capacity 31682K, committed 32000K, reserved 1077248K
  class space    used 3888K, capacity 4004K, committed 4096K, reserved 1048576K
Event: 4.247 GC heap after
Heap after GC invocations=7 (full 1):
 PSYoungGen      total 220672K, used 12627K [0x000000076ab00000, 0x0000000779800000, 0x00000007c0000000)
  eden space 205824K, 0% used [0x000000076ab00000,0x000000076ab00000,0x0000000777400000)
  from space 14848K, 85% used [0x0000000778980000,0x00000007795d4cc8,0x0000000779800000)
  to   space 18432K, 0% used [0x0000000777400000,0x0000000777400000,0x0000000778600000)
 ParOldGen       total 104448K, used 21003K [0x00000006c0000000, 0x00000006c6600000, 0x000000076ab00000)
  object space 104448K, 20% used [0x00000006c0000000,0x00000006c1482cf0,0x00000006c6600000)
 Metaspace       used 31284K, capacity 31682K, committed 32000K, reserved 1077248K
  class space    used 3888K, capacity 4004K, committed 4096K, reserved 1048576K
}
Event: 4.871 GC heap before
{Heap before GC invocations=8 (full 1):
 PSYoungGen      total 220672K, used 147168K [0x000000076ab00000, 0x0000000779800000, 0x00000007c0000000)
  eden space 205824K, 65% used [0x000000076ab00000,0x0000000772e63720,0x0000000777400000)
  from space 14848K, 85% used [0x0000000778980000,0x00000007795d4cc8,0x0000000779800000)
  to   space 18432K, 0% used [0x0000000777400000,0x0000000777400000,0x0000000778600000)
 ParOldGen       total 104448K, used 21003K [0x00000006c0000000, 0x00000006c6600000, 0x000000076ab00000)
  object space 104448K, 20% used [0x00000006c0000000,0x00000006c1482cf0,0x00000006c6600000)
 Metaspace       used 34910K, capacity 35296K, committed 35496K, reserved 1081344K
  class space    used 4423K, capacity 4521K, committed 4608K, reserved 1048576K
Event: 4.885 GC heap after
Heap after GC invocations=8 (full 1):
 PSYoungGen      total 224256K, used 17562K [0x000000076ab00000, 0x0000000780c00000, 0x00000007c0000000)
  eden space 205824K, 0% used [0x000000076ab00000,0x000000076ab00000,0x0000000777400000)
  from space 18432K, 95% used [0x0000000777400000,0x0000000778526b90,0x0000000778600000)
  to   space 19968K, 0% used [0x000000077f880000,0x000000077f880000,0x0000000780c00000)
 ParOldGen       total 104448K, used 21011K [0x00000006c0000000, 0x00000006c6600000, 0x000000076ab00000)
  object space 104448K, 20% used [0x00000006c0000000,0x00000006c1484cf0,0x00000006c6600000)
 Metaspace       used 34910K, capacity 35296K, committed 35496K, reserved 1081344K
  class space    used 4423K, capacity 4521K, committed 4608K, reserved 1048576K
}
Event: 4.885 GC heap before
{Heap before GC invocations=9 (full 2):
 PSYoungGen      total 224256K, used 17562K [0x000000076ab00000, 0x0000000780c00000, 0x00000007c0000000)
  eden space 205824K, 0% used [0x000000076ab00000,0x000000076ab00000,0x0000000777400000)
  from space 18432K, 95% used [0x0000000777400000,0x0000000778526b90,0x0000000778600000)
  to   space 19968K, 0% used [0x000000077f880000,0x000000077f880000,0x0000000780c00000)
 ParOldGen       total 104448K, used 21011K [0x00000006c0000000, 0x00000006c6600000, 0x000000076ab00000)
  object space 104448K, 20% used [0x00000006c0000000,0x00000006c1484cf0,0x00000006c6600000)
 Metaspace       used 34910K, capacity 35296K, committed 35496K, reserved 1081344K
  class space    used 4423K, capacity 4521K, committed 4608K, reserved 1048576K
Event: 4.942 GC heap after
Heap after GC invocations=9 (full 2):
 PSYoungGen      total 224256K, used 0K [0x000000076ab00000, 0x0000000780c00000, 0x00000007c0000000)
  eden space 205824K, 0% used [0x000000076ab00000,0x000000076ab00000,0x0000000777400000)
  from space 18432K, 0% used [0x0000000777400000,0x0000000777400000,0x0000000778600000)
  to   space 19968K, 0% used [0x000000077f880000,0x000000077f880000,0x0000000780c00000)
 ParOldGen       total 168960K, used 27936K [0x00000006c0000000, 0x00000006ca500000, 0x000000076ab00000)
  object space 168960K, 16% used [0x00000006c0000000,0x00000006c1b480a8,0x00000006ca500000)
 Metaspace       used 34910K, capacity 35296K, committed 35496K, reserved 1081344K
  class space    used 4423K, capacity 4521K, committed 4608K, reserved 1048576K
}

