# JRE version: Java(TM) SE Runtime Environment (8.0_65-b17) (build 1.8.0_65-b17)
# Java VM: Java HotSpot(TM) 64-Bit Server VM (25.65-b01 mixed mode bsd-amd64 compressed oops)
Heap:
 PSYoungGen      total 267264K, used 95086K [0x000000076ab00000, 0x0000000789f00000, 0x00000007c0000000)
  eden space 248832K, 38% used [0x000000076ab00000,0x00000007707db8f0,0x0000000779e00000)
  from space 18432K, 0% used [0x0000000779e00000,0x0000000779e00000,0x000000077b000000)
  to   space 19968K, 0% used [0x0000000788b80000,0x0000000788b80000,0x0000000789f00000)
 ParOldGen       total 132608K, used 27838K [0x00000006c0000000, 0x00000006c8180000, 0x000000076ab00000)
  object space 132608K, 20% used [0x00000006c0000000,0x00000006c1b2f9b8,0x00000006c8180000)
 Metaspace       used 40974K, capacity 41538K, committed 41728K, reserved 1085440K
  class space    used 5154K, capacity 5287K, committed 5376K, reserved 1048576K
GC Heap History (10 events):
Event: 11.510 GC heap before
{Heap before GC invocations=5 (full 1):
 PSYoungGen      total 141824K, used 10723K [0x000000076ab00000, 0x0000000774000000, 0x00000007c0000000)
  eden space 131072K, 0% used [0x000000076ab00000,0x000000076ab00000,0x0000000772b00000)
  from space 10752K, 99% used [0x0000000773580000,0x0000000773ff8f28,0x0000000774000000)
  to   space 10752K, 0% used [0x0000000772b00000,0x0000000772b00000,0x0000000773580000)
 ParOldGen       total 175104K, used 2744K [0x00000006c0000000, 0x00000006cab00000, 0x000000076ab00000)
  object space 175104K, 1% used [0x00000006c0000000,0x00000006c02ae260,0x00000006cab00000)
 Metaspace       used 20920K, capacity 21214K, committed 21296K, reserved 1069056K
  class space    used 2555K, capacity 2678K, committed 2688K, reserved 1048576K
Event: 11.543 GC heap after
Heap after GC invocations=5 (full 1):
 PSYoungGen      total 141824K, used 0K [0x000000076ab00000, 0x0000000774000000, 0x00000007c0000000)
  eden space 131072K, 0% used [0x000000076ab00000,0x000000076ab00000,0x0000000772b00000)
  from space 10752K, 0% used [0x0000000773580000,0x0000000773580000,0x0000000774000000)
  to   space 10752K, 0% used [0x0000000772b00000,0x0000000772b00000,0x0000000773580000)
 ParOldGen       total 84480K, used 11037K [0x00000006c0000000, 0x00000006c5280000, 0x000000076ab00000)
  object space 84480K, 13% used [0x00000006c0000000,0x00000006c0ac75f8,0x00000006c5280000)
 Metaspace       used 20920K, capacity 21214K, committed 21296K, reserved 1069056K
  class space    used 2555K, capacity 2678K, committed 2688K, reserved 1048576K
}
Event: 12.344 GC heap before
{Heap before GC invocations=6 (full 1):
 PSYoungGen      total 141824K, used 131072K [0x000000076ab00000, 0x0000000774000000, 0x00000007c0000000)
  eden space 131072K, 100% used [0x000000076ab00000,0x0000000772b00000,0x0000000772b00000)
  from space 10752K, 0% used [0x0000000773580000,0x0000000773580000,0x0000000774000000)
  to   space 10752K, 0% used [0x0000000772b00000,0x0000000772b00000,0x0000000773580000)
 ParOldGen       total 84480K, used 11037K [0x00000006c0000000, 0x00000006c5280000, 0x000000076ab00000)
  object space 84480K, 13% used [0x00000006c0000000,0x00000006c0ac75f8,0x00000006c5280000)
 Metaspace       used 27713K, capacity 28034K, committed 28416K, reserved 1075200K
  class space    used 3416K, capacity 3516K, committed 3584K, reserved 1048576K
Event: 12.357 GC heap after
Heap after GC invocations=6 (full 1):
 PSYoungGen      total 141824K, used 10738K [0x000000076ab00000, 0x000000077c500000, 0x00000007c0000000)
  eden space 131072K, 0% used [0x000000076ab00000,0x000000076ab00000,0x0000000772b00000)
  from space 10752K, 99% used [0x0000000772b00000,0x000000077357c928,0x0000000773580000)
  to   space 19456K, 0% used [0x000000077b200000,0x000000077b200000,0x000000077c500000)
 ParOldGen       total 84480K, used 21636K [0x00000006c0000000, 0x00000006c5280000, 0x000000076ab00000)
  object space 84480K, 25% used [0x00000006c0000000,0x00000006c15213d8,0x00000006c5280000)
 Metaspace       used 27713K, capacity 28034K, committed 28416K, reserved 1075200K
  class space    used 3416K, capacity 3516K, committed 3584K, reserved 1048576K
}
Event: 13.028 GC heap before
{Heap before GC invocations=7 (full 1):
 PSYoungGen      total 141824K, used 141810K [0x000000076ab00000, 0x000000077c500000, 0x00000007c0000000)
  eden space 131072K, 100% used [0x000000076ab00000,0x0000000772b00000,0x0000000772b00000)
  from space 10752K, 99% used [0x0000000772b00000,0x000000077357c928,0x0000000773580000)
  to   space 19456K, 0% used [0x000000077b200000,0x000000077b200000,0x000000077c500000)
 ParOldGen       total 84480K, used 21636K [0x00000006c0000000, 0x00000006c5280000, 0x000000076ab00000)
  object space 84480K, 25% used [0x00000006c0000000,0x00000006c15213d8,0x00000006c5280000)
 Metaspace       used 31216K, capacity 31666K, committed 32000K, reserved 1077248K
  class space    used 3885K, capacity 4004K, committed 4096K, reserved 1048576K
Event: 13.040 GC heap after
Heap after GC invocations=7 (full 1):
 PSYoungGen      total 265216K, used 12386K [0x000000076ab00000, 0x000000077c200000, 0x00000007c0000000)
  eden space 248832K, 0% used [0x000000076ab00000,0x000000076ab00000,0x0000000779e00000)
  from space 16384K, 75% used [0x000000077b200000,0x000000077be18bb0,0x000000077c200000)
  to   space 18432K, 0% used [0x0000000779e00000,0x0000000779e00000,0x000000077b000000)
 ParOldGen       total 84480K, used 21644K [0x00000006c0000000, 0x00000006c5280000, 0x000000076ab00000)
  object space 84480K, 25% used [0x00000006c0000000,0x00000006c15233d8,0x00000006c5280000)
 Metaspace       used 31216K, capacity 31666K, committed 32000K, reserved 1077248K
  class space    used 3885K, capacity 4004K, committed 4096K, reserved 1048576K
}
Event: 13.687 GC heap before
{Heap before GC invocations=8 (full 1):
 PSYoungGen      total 265216K, used 154647K [0x000000076ab00000, 0x000000077c200000, 0x00000007c0000000)
  eden space 248832K, 57% used [0x000000076ab00000,0x00000007735ed388,0x0000000779e00000)
  from space 16384K, 75% used [0x000000077b200000,0x000000077be18bb0,0x000000077c200000)
  to   space 18432K, 0% used [0x0000000779e00000,0x0000000779e00000,0x000000077b000000)
 ParOldGen       total 84480K, used 21644K [0x00000006c0000000, 0x00000006c5280000, 0x000000076ab00000)
  object space 84480K, 25% used [0x00000006c0000000,0x00000006c15233d8,0x00000006c5280000)
 Metaspace       used 34876K, capacity 35280K, committed 35496K, reserved 1081344K
  class space    used 4413K, capacity 4521K, committed 4608K, reserved 1048576K
Event: 13.704 GC heap after
Heap after GC invocations=8 (full 1):
 PSYoungGen      total 267264K, used 17529K [0x000000076ab00000, 0x0000000789f00000, 0x00000007c0000000)
  eden space 248832K, 0% used [0x000000076ab00000,0x000000076ab00000,0x0000000779e00000)
  from space 18432K, 95% used [0x0000000779e00000,0x000000077af1e578,0x000000077b000000)
  to   space 19968K, 0% used [0x0000000788b80000,0x0000000788b80000,0x0000000789f00000)
 ParOldGen       total 84480K, used 21652K [0x00000006c0000000, 0x00000006c5280000, 0x000000076ab00000)
  object space 84480K, 25% used [0x00000006c0000000,0x00000006c15253d8,0x00000006c5280000)
 Metaspace       used 34876K, capacity 35280K, committed 35496K, reserved 1081344K
  class space    used 4413K, capacity 4521K, committed 4608K, reserved 1048576K
}
Event: 13.704 GC heap before
{Heap before GC invocations=9 (full 2):
 PSYoungGen      total 267264K, used 17529K [0x000000076ab00000, 0x0000000789f00000, 0x00000007c0000000)
  eden space 248832K, 0% used [0x000000076ab00000,0x000000076ab00000,0x0000000779e00000)
  from space 18432K, 95% used [0x0000000779e00000,0x000000077af1e578,0x000000077b000000)
  to   space 19968K, 0% used [0x0000000788b80000,0x0000000788b80000,0x0000000789f00000)
 ParOldGen       total 84480K, used 21652K [0x00000006c0000000, 0x00000006c5280000, 0x000000076ab00000)
  object space 84480K, 25% used [0x00000006c0000000,0x00000006c15253d8,0x00000006c5280000)
 Metaspace       used 34876K, capacity 35280K, committed 35496K, reserved 1081344K
  class space    used 4413K, capacity 4521K, committed 4608K, reserved 1048576K
Event: 13.758 GC heap after
Heap after GC invocations=9 (full 2):
 PSYoungGen      total 267264K, used 0K [0x000000076ab00000, 0x0000000789f00000, 0x00000007c0000000)
  eden space 248832K, 0% used [0x000000076ab00000,0x000000076ab00000,0x0000000779e00000)
  from space 18432K, 0% used [0x0000000779e00000,0x0000000779e00000,0x000000077b000000)
  to   space 19968K, 0% used [0x0000000788b80000,0x0000000788b80000,0x0000000789f00000)
 ParOldGen       total 132608K, used 27838K [0x00000006c0000000, 0x00000006c8180000, 0x000000076ab00000)
  object space 132608K, 20% used [0x00000006c0000000,0x00000006c1b2f9b8,0x00000006c8180000)
 Metaspace       used 34876K, capacity 35280K, committed 35496K, reserved 1081344K
  class space    used 4413K, capacity 4521K, committed 4608K, reserved 1048576K
}

