# JRE version: Java(TM) SE Runtime Environment (8.0_65-b17) (build 1.8.0_65-b17)
# Java VM: Java HotSpot(TM) 64-Bit Server VM (25.65-b01 mixed mode bsd-amd64 compressed oops)
Heap:
 PSYoungGen      total 268800K, used 212618K [0x000000076ab00000, 0x000000078a380000, 0x00000007c0000000)
  eden space 250368K, 84% used [0x000000076ab00000,0x0000000777aa2bc8,0x0000000779f80000)
  from space 18432K, 0% used [0x0000000779f80000,0x0000000779f80000,0x000000077b180000)
  to   space 19968K, 0% used [0x0000000789000000,0x0000000789000000,0x000000078a380000)
 ParOldGen       total 131584K, used 27703K [0x00000006c0000000, 0x00000006c8080000, 0x000000076ab00000)
  object space 131584K, 21% used [0x00000006c0000000,0x00000006c1b0df58,0x00000006c8080000)
 Metaspace       used 43058K, capacity 43848K, committed 44032K, reserved 1087488K
  class space    used 5341K, capacity 5516K, committed 5632K, reserved 1048576K
GC Heap History (10 events):
Event: 11.469 GC heap before
{Heap before GC invocations=5 (full 1):
 PSYoungGen      total 141824K, used 10724K [0x000000076ab00000, 0x0000000774000000, 0x00000007c0000000)
  eden space 131072K, 0% used [0x000000076ab00000,0x000000076ab00000,0x0000000772b00000)
  from space 10752K, 99% used [0x0000000773580000,0x0000000773ff9148,0x0000000774000000)
  to   space 10752K, 0% used [0x0000000772b00000,0x0000000772b00000,0x0000000773580000)
 ParOldGen       total 175104K, used 2828K [0x00000006c0000000, 0x00000006cab00000, 0x000000076ab00000)
  object space 175104K, 1% used [0x00000006c0000000,0x00000006c02c33a0,0x00000006cab00000)
 Metaspace       used 20910K, capacity 21214K, committed 21296K, reserved 1069056K
  class space    used 2556K, capacity 2678K, committed 2688K, reserved 1048576K
Event: 11.502 GC heap after
Heap after GC invocations=5 (full 1):
 PSYoungGen      total 141824K, used 0K [0x000000076ab00000, 0x0000000774000000, 0x00000007c0000000)
  eden space 131072K, 0% used [0x000000076ab00000,0x000000076ab00000,0x0000000772b00000)
  from space 10752K, 0% used [0x0000000773580000,0x0000000773580000,0x0000000774000000)
  to   space 10752K, 0% used [0x0000000772b00000,0x0000000772b00000,0x0000000773580000)
 ParOldGen       total 84480K, used 11038K [0x00000006c0000000, 0x00000006c5280000, 0x000000076ab00000)
  object space 84480K, 13% used [0x00000006c0000000,0x00000006c0ac7808,0x00000006c5280000)
 Metaspace       used 20910K, capacity 21214K, committed 21296K, reserved 1069056K
  class space    used 2556K, capacity 2678K, committed 2688K, reserved 1048576K
}
Event: 12.360 GC heap before
{Heap before GC invocations=6 (full 1):
 PSYoungGen      total 141824K, used 131072K [0x000000076ab00000, 0x0000000774000000, 0x00000007c0000000)
  eden space 131072K, 100% used [0x000000076ab00000,0x0000000772b00000,0x0000000772b00000)
  from space 10752K, 0% used [0x0000000773580000,0x0000000773580000,0x0000000774000000)
  to   space 10752K, 0% used [0x0000000772b00000,0x0000000772b00000,0x0000000773580000)
 ParOldGen       total 84480K, used 11038K [0x00000006c0000000, 0x00000006c5280000, 0x000000076ab00000)
  object space 84480K, 13% used [0x00000006c0000000,0x00000006c0ac7808,0x00000006c5280000)
 Metaspace       used 27701K, capacity 28034K, committed 28416K, reserved 1075200K
  class space    used 3416K, capacity 3516K, committed 3584K, reserved 1048576K
Event: 12.392 GC heap after
Heap after GC invocations=6 (full 1):
 PSYoungGen      total 141824K, used 10726K [0x000000076ab00000, 0x000000077c600000, 0x00000007c0000000)
  eden space 131072K, 0% used [0x000000076ab00000,0x000000076ab00000,0x0000000772b00000)
  from space 10752K, 99% used [0x0000000772b00000,0x0000000773579948,0x0000000773580000)
  to   space 18944K, 0% used [0x000000077b380000,0x000000077b380000,0x000000077c600000)
 ParOldGen       total 84480K, used 21173K [0x00000006c0000000, 0x00000006c5280000, 0x000000076ab00000)
  object space 84480K, 25% used [0x00000006c0000000,0x00000006c14ad4e0,0x00000006c5280000)
 Metaspace       used 27701K, capacity 28034K, committed 28416K, reserved 1075200K
  class space    used 3416K, capacity 3516K, committed 3584K, reserved 1048576K
}
Event: 13.124 GC heap before
{Heap before GC invocations=7 (full 1):
 PSYoungGen      total 141824K, used 141798K [0x000000076ab00000, 0x000000077c600000, 0x00000007c0000000)
  eden space 131072K, 100% used [0x000000076ab00000,0x0000000772b00000,0x0000000772b00000)
  from space 10752K, 99% used [0x0000000772b00000,0x0000000773579948,0x0000000773580000)
  to   space 18944K, 0% used [0x000000077b380000,0x000000077b380000,0x000000077c600000)
 ParOldGen       total 84480K, used 21173K [0x00000006c0000000, 0x00000006c5280000, 0x000000076ab00000)
  object space 84480K, 25% used [0x00000006c0000000,0x00000006c14ad4e0,0x00000006c5280000)
 Metaspace       used 31343K, capacity 31730K, committed 32000K, reserved 1077248K
  class space    used 3895K, capacity 4004K, committed 4096K, reserved 1048576K
Event: 13.135 GC heap after
Heap after GC invocations=7 (full 1):
 PSYoungGen      total 266752K, used 12579K [0x000000076ab00000, 0x000000077c380000, 0x00000007c0000000)
  eden space 250368K, 0% used [0x000000076ab00000,0x000000076ab00000,0x0000000779f80000)
  from space 16384K, 76% used [0x000000077b380000,0x000000077bfc8e18,0x000000077c380000)
  to   space 18432K, 0% used [0x0000000779f80000,0x0000000779f80000,0x000000077b180000)
 ParOldGen       total 84480K, used 21181K [0x00000006c0000000, 0x00000006c5280000, 0x000000076ab00000)
  object space 84480K, 25% used [0x00000006c0000000,0x00000006c14af4e0,0x00000006c5280000)
 Metaspace       used 31343K, capacity 31730K, committed 32000K, reserved 1077248K
  class space    used 3895K, capacity 4004K, committed 4096K, reserved 1048576K
}
Event: 13.777 GC heap before
{Heap before GC invocations=8 (full 1):
 PSYoungGen      total 266752K, used 147564K [0x000000076ab00000, 0x000000077c380000, 0x00000007c0000000)
  eden space 250368K, 53% used [0x000000076ab00000,0x0000000772ed2290,0x0000000779f80000)
  from space 16384K, 76% used [0x000000077b380000,0x000000077bfc8e18,0x000000077c380000)
  to   space 18432K, 0% used [0x0000000779f80000,0x0000000779f80000,0x000000077b180000)
 ParOldGen       total 84480K, used 21181K [0x00000006c0000000, 0x00000006c5280000, 0x000000076ab00000)
  object space 84480K, 25% used [0x00000006c0000000,0x00000006c14af4e0,0x00000006c5280000)
 Metaspace       used 34876K, capacity 35280K, committed 35496K, reserved 1081344K
  class space    used 4417K, capacity 4521K, committed 4608K, reserved 1048576K
Event: 13.791 GC heap after
Heap after GC invocations=8 (full 1):
 PSYoungGen      total 268800K, used 17410K [0x000000076ab00000, 0x000000078a380000, 0x00000007c0000000)
  eden space 250368K, 0% used [0x000000076ab00000,0x000000076ab00000,0x0000000779f80000)
  from space 18432K, 94% used [0x0000000779f80000,0x000000077b080860,0x000000077b180000)
  to   space 19968K, 0% used [0x0000000789000000,0x0000000789000000,0x000000078a380000)
 ParOldGen       total 84480K, used 21189K [0x00000006c0000000, 0x00000006c5280000, 0x000000076ab00000)
  object space 84480K, 25% used [0x00000006c0000000,0x00000006c14b14e0,0x00000006c5280000)
 Metaspace       used 34876K, capacity 35280K, committed 35496K, reserved 1081344K
  class space    used 4417K, capacity 4521K, committed 4608K, reserved 1048576K
}
Event: 13.791 GC heap before
{Heap before GC invocations=9 (full 2):
 PSYoungGen      total 268800K, used 17410K [0x000000076ab00000, 0x000000078a380000, 0x00000007c0000000)
  eden space 250368K, 0% used [0x000000076ab00000,0x000000076ab00000,0x0000000779f80000)
  from space 18432K, 94% used [0x0000000779f80000,0x000000077b080860,0x000000077b180000)
  to   space 19968K, 0% used [0x0000000789000000,0x0000000789000000,0x000000078a380000)
 ParOldGen       total 84480K, used 21189K [0x00000006c0000000, 0x00000006c5280000, 0x000000076ab00000)
  object space 84480K, 25% used [0x00000006c0000000,0x00000006c14b14e0,0x00000006c5280000)
 Metaspace       used 34876K, capacity 35280K, committed 35496K, reserved 1081344K
  class space    used 4417K, capacity 4521K, committed 4608K, reserved 1048576K
Event: 13.852 GC heap after
Heap after GC invocations=9 (full 2):
 PSYoungGen      total 268800K, used 0K [0x000000076ab00000, 0x000000078a380000, 0x00000007c0000000)
  eden space 250368K, 0% used [0x000000076ab00000,0x000000076ab00000,0x0000000779f80000)
  from space 18432K, 0% used [0x0000000779f80000,0x0000000779f80000,0x000000077b180000)
  to   space 19968K, 0% used [0x0000000789000000,0x0000000789000000,0x000000078a380000)
 ParOldGen       total 131584K, used 27703K [0x00000006c0000000, 0x00000006c8080000, 0x000000076ab00000)
  object space 131584K, 21% used [0x00000006c0000000,0x00000006c1b0df58,0x00000006c8080000)
 Metaspace       used 34876K, capacity 35280K, committed 35496K, reserved 1081344K
  class space    used 4417K, capacity 4521K, committed 4608K, reserved 1048576K
}

