# JRE version: Java(TM) SE Runtime Environment (8.0_65-b17) (build 1.8.0_65-b17)
# Java VM: Java HotSpot(TM) 64-Bit Server VM (25.65-b01 mixed mode bsd-amd64 compressed oops)
Heap:
 PSYoungGen      total 335872K, used 193578K [0x000000076ab00000, 0x0000000786d00000, 0x00000007c0000000)
  eden space 314368K, 61% used [0x000000076ab00000,0x000000077680aae8,0x000000077de00000)
  from space 21504K, 0% used [0x000000077f280000,0x000000077f280000,0x0000000780780000)
  to   space 20992K, 0% used [0x000000077de00000,0x000000077de00000,0x000000077f280000)
 ParOldGen       total 178688K, used 26993K [0x00000006c0000000, 0x00000006cae80000, 0x000000076ab00000)
  object space 178688K, 15% used [0x00000006c0000000,0x00000006c1a5c678,0x00000006cae80000)
 Metaspace       used 49592K, capacity 50290K, committed 50432K, reserved 1093632K
  class space    used 5947K, capacity 6112K, committed 6144K, reserved 1048576K
GC Heap History (10 events):
Event: 2.076 GC heap before
{Heap before GC invocations=4 (full 1):
 PSYoungGen      total 141824K, used 10724K [0x000000076ab00000, 0x000000077c000000, 0x00000007c0000000)
  eden space 131072K, 0% used [0x000000076ab00000,0x000000076ab00000,0x0000000772b00000)
  from space 10752K, 99% used [0x0000000772b00000,0x0000000773579280,0x0000000773580000)
  to   space 10752K, 0% used [0x000000077b580000,0x000000077b580000,0x000000077c000000)
 ParOldGen       total 175104K, used 4074K [0x00000006c0000000, 0x00000006cab00000, 0x000000076ab00000)
  object space 175104K, 2% used [0x00000006c0000000,0x00000006c03fa8e0,0x00000006cab00000)
 Metaspace       used 20947K, capacity 21230K, committed 21296K, reserved 1069056K
  class space    used 2573K, capacity 2678K, committed 2688K, reserved 1048576K
Event: 2.110 GC heap after
Heap after GC invocations=4 (full 1):
 PSYoungGen      total 141824K, used 0K [0x000000076ab00000, 0x000000077c000000, 0x00000007c0000000)
  eden space 131072K, 0% used [0x000000076ab00000,0x000000076ab00000,0x0000000772b00000)
  from space 10752K, 0% used [0x0000000772b00000,0x0000000772b00000,0x0000000773580000)
  to   space 10752K, 0% used [0x000000077b580000,0x000000077b580000,0x000000077c000000)
 ParOldGen       total 110592K, used 12200K [0x00000006c0000000, 0x00000006c6c00000, 0x000000076ab00000)
  object space 110592K, 11% used [0x00000006c0000000,0x00000006c0bea3b8,0x00000006c6c00000)
 Metaspace       used 20947K, capacity 21230K, committed 21296K, reserved 1069056K
  class space    used 2573K, capacity 2678K, committed 2688K, reserved 1048576K
}
Event: 2.996 GC heap before
{Heap before GC invocations=5 (full 1):
 PSYoungGen      total 141824K, used 131072K [0x000000076ab00000, 0x000000077c000000, 0x00000007c0000000)
  eden space 131072K, 100% used [0x000000076ab00000,0x0000000772b00000,0x0000000772b00000)
  from space 10752K, 0% used [0x0000000772b00000,0x0000000772b00000,0x0000000773580000)
  to   space 10752K, 0% used [0x000000077b580000,0x000000077b580000,0x000000077c000000)
 ParOldGen       total 110592K, used 12200K [0x00000006c0000000, 0x00000006c6c00000, 0x000000076ab00000)
  object space 110592K, 11% used [0x00000006c0000000,0x00000006c0bea3b8,0x00000006c6c00000)
 Metaspace       used 27675K, capacity 27986K, committed 28160K, reserved 1073152K
  class space    used 3415K, capacity 3516K, committed 3584K, reserved 1048576K
Event: 3.015 GC heap after
Heap after GC invocations=5 (full 1):
 PSYoungGen      total 214016K, used 10745K [0x000000076ab00000, 0x000000077c000000, 0x00000007c0000000)
  eden space 203264K, 0% used [0x000000076ab00000,0x000000076ab00000,0x0000000777180000)
  from space 10752K, 99% used [0x000000077b580000,0x000000077bffe7c8,0x000000077c000000)
  to   space 10752K, 0% used [0x000000077ab00000,0x000000077ab00000,0x000000077b580000)
 ParOldGen       total 110592K, used 22743K [0x00000006c0000000, 0x00000006c6c00000, 0x000000076ab00000)
  object space 110592K, 20% used [0x00000006c0000000,0x00000006c1635d50,0x00000006c6c00000)
 Metaspace       used 27675K, capacity 27986K, committed 28160K, reserved 1073152K
  class space    used 3415K, capacity 3516K, committed 3584K, reserved 1048576K
}
Event: 4.144 GC heap before
{Heap before GC invocations=6 (full 1):
 PSYoungGen      total 214016K, used 214009K [0x000000076ab00000, 0x000000077c000000, 0x00000007c0000000)
  eden space 203264K, 100% used [0x000000076ab00000,0x0000000777180000,0x0000000777180000)
  from space 10752K, 99% used [0x000000077b580000,0x000000077bffe7c8,0x000000077c000000)
  to   space 10752K, 0% used [0x000000077ab00000,0x000000077ab00000,0x000000077b580000)
 ParOldGen       total 110592K, used 22743K [0x00000006c0000000, 0x00000006c6c00000, 0x000000076ab00000)
  object space 110592K, 20% used [0x00000006c0000000,0x00000006c1635d50,0x00000006c6c00000)
 Metaspace       used 33552K, capacity 33972K, committed 34176K, reserved 1079296K
  class space    used 4245K, capacity 4359K, committed 4480K, reserved 1048576K
Event: 4.165 GC heap after
Heap after GC invocations=6 (full 1):
 PSYoungGen      total 272896K, used 10725K [0x000000076ab00000, 0x0000000780780000, 0x00000007c0000000)
  eden space 262144K, 0% used [0x000000076ab00000,0x000000076ab00000,0x000000077ab00000)
  from space 10752K, 99% used [0x000000077ab00000,0x000000077b579778,0x000000077b580000)
  to   space 21504K, 0% used [0x000000077f280000,0x000000077f280000,0x0000000780780000)
 ParOldGen       total 110592K, used 29362K [0x00000006c0000000, 0x00000006c6c00000, 0x000000076ab00000)
  object space 110592K, 26% used [0x00000006c0000000,0x00000006c1caca90,0x00000006c6c00000)
 Metaspace       used 33552K, capacity 33972K, committed 34176K, reserved 1079296K
  class space    used 4245K, capacity 4359K, committed 4480K, reserved 1048576K
}
Event: 4.465 GC heap before
{Heap before GC invocations=7 (full 1):
 PSYoungGen      total 272896K, used 80931K [0x000000076ab00000, 0x0000000780780000, 0x00000007c0000000)
  eden space 262144K, 26% used [0x000000076ab00000,0x000000076ef8f778,0x000000077ab00000)
  from space 10752K, 99% used [0x000000077ab00000,0x000000077b579778,0x000000077b580000)
  to   space 21504K, 0% used [0x000000077f280000,0x000000077f280000,0x0000000780780000)
 ParOldGen       total 110592K, used 29362K [0x00000006c0000000, 0x00000006c6c00000, 0x000000076ab00000)
  object space 110592K, 26% used [0x00000006c0000000,0x00000006c1caca90,0x00000006c6c00000)
 Metaspace       used 34928K, capacity 35328K, committed 35496K, reserved 1081344K
  class space    used 4430K, capacity 4553K, committed 4608K, reserved 1048576K
Event: 4.477 GC heap after
Heap after GC invocations=7 (full 1):
 PSYoungGen      total 335872K, used 14003K [0x000000076ab00000, 0x0000000786d00000, 0x00000007c0000000)
  eden space 314368K, 0% used [0x000000076ab00000,0x000000076ab00000,0x000000077de00000)
  from space 21504K, 65% used [0x000000077f280000,0x000000078002cf48,0x0000000780780000)
  to   space 20992K, 0% used [0x000000077de00000,0x000000077de00000,0x000000077f280000)
 ParOldGen       total 110592K, used 29370K [0x00000006c0000000, 0x00000006c6c00000, 0x000000076ab00000)
  object space 110592K, 26% used [0x00000006c0000000,0x00000006c1caea90,0x00000006c6c00000)
 Metaspace       used 34928K, capacity 35328K, committed 35496K, reserved 1081344K
  class space    used 4430K, capacity 4553K, committed 4608K, reserved 1048576K
}
Event: 4.477 GC heap before
{Heap before GC invocations=8 (full 2):
 PSYoungGen      total 335872K, used 14003K [0x000000076ab00000, 0x0000000786d00000, 0x00000007c0000000)
  eden space 314368K, 0% used [0x000000076ab00000,0x000000076ab00000,0x000000077de00000)
  from space 21504K, 65% used [0x000000077f280000,0x000000078002cf48,0x0000000780780000)
  to   space 20992K, 0% used [0x000000077de00000,0x000000077de00000,0x000000077f280000)
 ParOldGen       total 110592K, used 29370K [0x00000006c0000000, 0x00000006c6c00000, 0x000000076ab00000)
  object space 110592K, 26% used [0x00000006c0000000,0x00000006c1caea90,0x00000006c6c00000)
 Metaspace       used 34928K, capacity 35328K, committed 35496K, reserved 1081344K
  class space    used 4430K, capacity 4553K, committed 4608K, reserved 1048576K
Event: 4.543 GC heap after
Heap after GC invocations=8 (full 2):
 PSYoungGen      total 335872K, used 0K [0x000000076ab00000, 0x0000000786d00000, 0x00000007c0000000)
  eden space 314368K, 0% used [0x000000076ab00000,0x000000076ab00000,0x000000077de00000)
  from space 21504K, 0% used [0x000000077f280000,0x000000077f280000,0x0000000780780000)
  to   space 20992K, 0% used [0x000000077de00000,0x000000077de00000,0x000000077f280000)
 ParOldGen       total 178688K, used 26993K [0x00000006c0000000, 0x00000006cae80000, 0x000000076ab00000)
  object space 178688K, 15% used [0x00000006c0000000,0x00000006c1a5c678,0x00000006cae80000)
 Metaspace       used 34928K, capacity 35328K, committed 35496K, reserved 1081344K
  class space    used 4430K, capacity 4553K, committed 4608K, reserved 1048576K
}

