# JRE version: Java(TM) SE Runtime Environment (8.0_65-b17) (build 1.8.0_65-b17)
# Java VM: Java HotSpot(TM) 64-Bit Server VM (25.65-b01 mixed mode bsd-amd64 compressed oops)
Heap:
 PSYoungGen      total 260096K, used 101011K [0x000000076ab00000, 0x0000000788200000, 0x00000007c0000000)
  eden space 241664K, 41% used [0x000000076ab00000,0x0000000770da4ce8,0x0000000779700000)
  from space 18432K, 0% used [0x0000000779700000,0x0000000779700000,0x000000077a900000)
  to   space 19968K, 0% used [0x0000000786e80000,0x0000000786e80000,0x0000000788200000)
 ParOldGen       total 136704K, used 27827K [0x00000006c0000000, 0x00000006c8580000, 0x000000076ab00000)
  object space 136704K, 20% used [0x00000006c0000000,0x00000006c1b2ce08,0x00000006c8580000)
 Metaspace       used 41005K, capacity 41592K, committed 41728K, reserved 1085440K
  class space    used 5153K, capacity 5292K, committed 5376K, reserved 1048576K
GC Heap History (10 events):
Event: 11.407 GC heap before
{Heap before GC invocations=5 (full 1):
 PSYoungGen      total 141824K, used 10725K [0x000000076ab00000, 0x0000000774000000, 0x00000007c0000000)
  eden space 131072K, 0% used [0x000000076ab00000,0x000000076ab00000,0x0000000772b00000)
  from space 10752K, 99% used [0x0000000773580000,0x0000000773ff9770,0x0000000774000000)
  to   space 10752K, 0% used [0x0000000772b00000,0x0000000772b00000,0x0000000773580000)
 ParOldGen       total 175104K, used 2845K [0x00000006c0000000, 0x00000006cab00000, 0x000000076ab00000)
  object space 175104K, 1% used [0x00000006c0000000,0x00000006c02c7580,0x00000006cab00000)
 Metaspace       used 20914K, capacity 21230K, committed 21296K, reserved 1069056K
  class space    used 2556K, capacity 2678K, committed 2688K, reserved 1048576K
Event: 11.464 GC heap after
Heap after GC invocations=5 (full 1):
 PSYoungGen      total 141824K, used 0K [0x000000076ab00000, 0x0000000774000000, 0x00000007c0000000)
  eden space 131072K, 0% used [0x000000076ab00000,0x000000076ab00000,0x0000000772b00000)
  from space 10752K, 0% used [0x0000000773580000,0x0000000773580000,0x0000000774000000)
  to   space 10752K, 0% used [0x0000000772b00000,0x0000000772b00000,0x0000000773580000)
 ParOldGen       total 87552K, used 11040K [0x00000006c0000000, 0x00000006c5580000, 0x000000076ab00000)
  object space 87552K, 12% used [0x00000006c0000000,0x00000006c0ac8210,0x00000006c5580000)
 Metaspace       used 20914K, capacity 21230K, committed 21296K, reserved 1069056K
  class space    used 2556K, capacity 2678K, committed 2688K, reserved 1048576K
}
Event: 12.286 GC heap before
{Heap before GC invocations=6 (full 1):
 PSYoungGen      total 141824K, used 131072K [0x000000076ab00000, 0x0000000774000000, 0x00000007c0000000)
  eden space 131072K, 100% used [0x000000076ab00000,0x0000000772b00000,0x0000000772b00000)
  from space 10752K, 0% used [0x0000000773580000,0x0000000773580000,0x0000000774000000)
  to   space 10752K, 0% used [0x0000000772b00000,0x0000000772b00000,0x0000000773580000)
 ParOldGen       total 87552K, used 11040K [0x00000006c0000000, 0x00000006c5580000, 0x000000076ab00000)
  object space 87552K, 12% used [0x00000006c0000000,0x00000006c0ac8210,0x00000006c5580000)
 Metaspace       used 27709K, capacity 28050K, committed 28416K, reserved 1075200K
  class space    used 3416K, capacity 3516K, committed 3584K, reserved 1048576K
Event: 12.299 GC heap after
Heap after GC invocations=6 (full 1):
 PSYoungGen      total 141824K, used 10745K [0x000000076ab00000, 0x000000077bd80000, 0x00000007c0000000)
  eden space 131072K, 0% used [0x000000076ab00000,0x000000076ab00000,0x0000000772b00000)
  from space 10752K, 99% used [0x0000000772b00000,0x000000077357e798,0x0000000773580000)
  to   space 18944K, 0% used [0x000000077ab00000,0x000000077ab00000,0x000000077bd80000)
 ParOldGen       total 87552K, used 21135K [0x00000006c0000000, 0x00000006c5580000, 0x000000076ab00000)
  object space 87552K, 24% used [0x00000006c0000000,0x00000006c14a3fa8,0x00000006c5580000)
 Metaspace       used 27709K, capacity 28050K, committed 28416K, reserved 1075200K
  class space    used 3416K, capacity 3516K, committed 3584K, reserved 1048576K
}
Event: 13.040 GC heap before
{Heap before GC invocations=7 (full 1):
 PSYoungGen      total 141824K, used 141817K [0x000000076ab00000, 0x000000077bd80000, 0x00000007c0000000)
  eden space 131072K, 100% used [0x000000076ab00000,0x0000000772b00000,0x0000000772b00000)
  from space 10752K, 99% used [0x0000000772b00000,0x000000077357e798,0x0000000773580000)
  to   space 18944K, 0% used [0x000000077ab00000,0x000000077ab00000,0x000000077bd80000)
 ParOldGen       total 87552K, used 21135K [0x00000006c0000000, 0x00000006c5580000, 0x000000076ab00000)
  object space 87552K, 24% used [0x00000006c0000000,0x00000006c14a3fa8,0x00000006c5580000)
 Metaspace       used 31223K, capacity 31682K, committed 32000K, reserved 1077248K
  class space    used 3885K, capacity 4004K, committed 4096K, reserved 1048576K
Event: 13.054 GC heap after
Heap after GC invocations=7 (full 1):
 PSYoungGen      total 258048K, used 12474K [0x000000076ab00000, 0x000000077bb00000, 0x00000007c0000000)
  eden space 241664K, 0% used [0x000000076ab00000,0x000000076ab00000,0x0000000779700000)
  from space 16384K, 76% used [0x000000077ab00000,0x000000077b72e908,0x000000077bb00000)
  to   space 18432K, 0% used [0x0000000779700000,0x0000000779700000,0x000000077a900000)
 ParOldGen       total 87552K, used 21143K [0x00000006c0000000, 0x00000006c5580000, 0x000000076ab00000)
  object space 87552K, 24% used [0x00000006c0000000,0x00000006c14a5fa8,0x00000006c5580000)
 Metaspace       used 31223K, capacity 31682K, committed 32000K, reserved 1077248K
  class space    used 3885K, capacity 4004K, committed 4096K, reserved 1048576K
}
Event: 13.744 GC heap before
{Heap before GC invocations=8 (full 1):
 PSYoungGen      total 258048K, used 151112K [0x000000076ab00000, 0x000000077bb00000, 0x00000007c0000000)
  eden space 241664K, 57% used [0x000000076ab00000,0x0000000773263770,0x0000000779700000)
  from space 16384K, 76% used [0x000000077ab00000,0x000000077b72e908,0x000000077bb00000)
  to   space 18432K, 0% used [0x0000000779700000,0x0000000779700000,0x000000077a900000)
 ParOldGen       total 87552K, used 21143K [0x00000006c0000000, 0x00000006c5580000, 0x000000076ab00000)
  object space 87552K, 24% used [0x00000006c0000000,0x00000006c14a5fa8,0x00000006c5580000)
 Metaspace       used 34870K, capacity 35296K, committed 35496K, reserved 1081344K
  class space    used 4414K, capacity 4521K, committed 4608K, reserved 1048576K
Event: 13.757 GC heap after
Heap after GC invocations=8 (full 1):
 PSYoungGen      total 260096K, used 17570K [0x000000076ab00000, 0x0000000788200000, 0x00000007c0000000)
  eden space 241664K, 0% used [0x000000076ab00000,0x000000076ab00000,0x0000000779700000)
  from space 18432K, 95% used [0x0000000779700000,0x000000077a8289a0,0x000000077a900000)
  to   space 19968K, 0% used [0x0000000786e80000,0x0000000786e80000,0x0000000788200000)
 ParOldGen       total 87552K, used 21151K [0x00000006c0000000, 0x00000006c5580000, 0x000000076ab00000)
  object space 87552K, 24% used [0x00000006c0000000,0x00000006c14a7fa8,0x00000006c5580000)
 Metaspace       used 34870K, capacity 35296K, committed 35496K, reserved 1081344K
  class space    used 4414K, capacity 4521K, committed 4608K, reserved 1048576K
}
Event: 13.757 GC heap before
{Heap before GC invocations=9 (full 2):
 PSYoungGen      total 260096K, used 17570K [0x000000076ab00000, 0x0000000788200000, 0x00000007c0000000)
  eden space 241664K, 0% used [0x000000076ab00000,0x000000076ab00000,0x0000000779700000)
  from space 18432K, 95% used [0x0000000779700000,0x000000077a8289a0,0x000000077a900000)
  to   space 19968K, 0% used [0x0000000786e80000,0x0000000786e80000,0x0000000788200000)
 ParOldGen       total 87552K, used 21151K [0x00000006c0000000, 0x00000006c5580000, 0x000000076ab00000)
  object space 87552K, 24% used [0x00000006c0000000,0x00000006c14a7fa8,0x00000006c5580000)
 Metaspace       used 34870K, capacity 35296K, committed 35496K, reserved 1081344K
  class space    used 4414K, capacity 4521K, committed 4608K, reserved 1048576K
Event: 13.810 GC heap after
Heap after GC invocations=9 (full 2):
 PSYoungGen      total 260096K, used 0K [0x000000076ab00000, 0x0000000788200000, 0x00000007c0000000)
  eden space 241664K, 0% used [0x000000076ab00000,0x000000076ab00000,0x0000000779700000)
  from space 18432K, 0% used [0x0000000779700000,0x0000000779700000,0x000000077a900000)
  to   space 19968K, 0% used [0x0000000786e80000,0x0000000786e80000,0x0000000788200000)
 ParOldGen       total 136704K, used 27827K [0x00000006c0000000, 0x00000006c8580000, 0x000000076ab00000)
  object space 136704K, 20% used [0x00000006c0000000,0x00000006c1b2ce08,0x00000006c8580000)
 Metaspace       used 34870K, capacity 35296K, committed 35496K, reserved 1081344K
  class space    used 4414K, capacity 4521K, committed 4608K, reserved 1048576K
}

