# JRE version: Java(TM) SE Runtime Environment (8.0_65-b17) (build 1.8.0_65-b17)
# Java VM: Java HotSpot(TM) 64-Bit Server VM (25.65-b01 mixed mode bsd-amd64 compressed oops)
Heap:
 PSYoungGen      total 221184K, used 85047K [0x000000076ab00000, 0x0000000780500000, 0x00000007c0000000)
  eden space 202240K, 42% used [0x000000076ab00000,0x000000076fe0dd38,0x0000000777080000)
  from space 18944K, 0% used [0x0000000777080000,0x0000000777080000,0x0000000778300000)
  to   space 20480K, 0% used [0x000000077f100000,0x000000077f100000,0x0000000780500000)
 ParOldGen       total 174592K, used 27987K [0x00000006c0000000, 0x00000006caa80000, 0x000000076ab00000)
  object space 174592K, 16% used [0x00000006c0000000,0x00000006c1b54fc0,0x00000006caa80000)
 Metaspace       used 40909K, capacity 41416K, committed 41728K, reserved 1085440K
  class space    used 5149K, capacity 5285K, committed 5376K, reserved 1048576K
GC Heap History (10 events):
Event: 2.129 GC heap before
{Heap before GC invocations=5 (full 1):
 PSYoungGen      total 141824K, used 10742K [0x000000076ab00000, 0x0000000774000000, 0x00000007c0000000)
  eden space 131072K, 0% used [0x000000076ab00000,0x000000076ab00000,0x0000000772b00000)
  from space 10752K, 99% used [0x0000000773580000,0x0000000773ffd960,0x0000000774000000)
  to   space 10752K, 0% used [0x0000000772b00000,0x0000000772b00000,0x0000000773580000)
 ParOldGen       total 175104K, used 3286K [0x00000006c0000000, 0x00000006cab00000, 0x000000076ab00000)
  object space 175104K, 1% used [0x00000006c0000000,0x00000006c0335b18,0x00000006cab00000)
 Metaspace       used 20930K, capacity 21230K, committed 21296K, reserved 1069056K
  class space    used 2571K, capacity 2678K, committed 2688K, reserved 1048576K
Event: 2.169 GC heap after
Heap after GC invocations=5 (full 1):
 PSYoungGen      total 141824K, used 0K [0x000000076ab00000, 0x0000000774000000, 0x00000007c0000000)
  eden space 131072K, 0% used [0x000000076ab00000,0x000000076ab00000,0x0000000772b00000)
  from space 10752K, 0% used [0x0000000773580000,0x0000000773580000,0x0000000774000000)
  to   space 10752K, 0% used [0x0000000772b00000,0x0000000772b00000,0x0000000773580000)
 ParOldGen       total 105472K, used 11186K [0x00000006c0000000, 0x00000006c6700000, 0x000000076ab00000)
  object space 105472K, 10% used [0x00000006c0000000,0x00000006c0aec840,0x00000006c6700000)
 Metaspace       used 20930K, capacity 21230K, committed 21296K, reserved 1069056K
  class space    used 2571K, capacity 2678K, committed 2688K, reserved 1048576K
}
Event: 3.071 GC heap before
{Heap before GC invocations=6 (full 1):
 PSYoungGen      total 141824K, used 131072K [0x000000076ab00000, 0x0000000774000000, 0x00000007c0000000)
  eden space 131072K, 100% used [0x000000076ab00000,0x0000000772b00000,0x0000000772b00000)
  from space 10752K, 0% used [0x0000000773580000,0x0000000773580000,0x0000000774000000)
  to   space 10752K, 0% used [0x0000000772b00000,0x0000000772b00000,0x0000000773580000)
 ParOldGen       total 105472K, used 11186K [0x00000006c0000000, 0x00000006c6700000, 0x000000076ab00000)
  object space 105472K, 10% used [0x00000006c0000000,0x00000006c0aec840,0x00000006c6700000)
 Metaspace       used 27664K, capacity 27986K, committed 28160K, reserved 1073152K
  class space    used 3413K, capacity 3516K, committed 3584K, reserved 1048576K
Event: 3.086 GC heap after
Heap after GC invocations=6 (full 1):
 PSYoungGen      total 141824K, used 10745K [0x000000076ab00000, 0x0000000779b00000, 0x00000007c0000000)
  eden space 131072K, 0% used [0x000000076ab00000,0x000000076ab00000,0x0000000772b00000)
  from space 10752K, 99% used [0x0000000772b00000,0x000000077357e788,0x0000000773580000)
  to   space 19968K, 0% used [0x0000000778780000,0x0000000778780000,0x0000000779b00000)
 ParOldGen       total 105472K, used 22682K [0x00000006c0000000, 0x00000006c6700000, 0x000000076ab00000)
  object space 105472K, 21% used [0x00000006c0000000,0x00000006c1626b18,0x00000006c6700000)
 Metaspace       used 27664K, capacity 27986K, committed 28160K, reserved 1073152K
  class space    used 3413K, capacity 3516K, committed 3584K, reserved 1048576K
}
Event: 3.899 GC heap before
{Heap before GC invocations=7 (full 1):
 PSYoungGen      total 141824K, used 141817K [0x000000076ab00000, 0x0000000779b00000, 0x00000007c0000000)
  eden space 131072K, 100% used [0x000000076ab00000,0x0000000772b00000,0x0000000772b00000)
  from space 10752K, 99% used [0x0000000772b00000,0x000000077357e788,0x0000000773580000)
  to   space 19968K, 0% used [0x0000000778780000,0x0000000778780000,0x0000000779b00000)
 ParOldGen       total 105472K, used 22682K [0x00000006c0000000, 0x00000006c6700000, 0x000000076ab00000)
  object space 105472K, 21% used [0x00000006c0000000,0x00000006c1626b18,0x00000006c6700000)
 Metaspace       used 31348K, capacity 31810K, committed 32000K, reserved 1077248K
  class space    used 3895K, capacity 4004K, committed 4096K, reserved 1048576K
Event: 3.911 GC heap after
Heap after GC invocations=7 (full 1):
 PSYoungGen      total 216576K, used 12642K [0x000000076ab00000, 0x0000000779580000, 0x00000007c0000000)
  eden space 202240K, 0% used [0x000000076ab00000,0x000000076ab00000,0x0000000777080000)
  from space 14336K, 88% used [0x0000000778780000,0x00000007793d8a48,0x0000000779580000)
  to   space 18944K, 0% used [0x0000000777080000,0x0000000777080000,0x0000000778300000)
 ParOldGen       total 105472K, used 22690K [0x00000006c0000000, 0x00000006c6700000, 0x000000076ab00000)
  object space 105472K, 21% used [0x00000006c0000000,0x00000006c1628b18,0x00000006c6700000)
 Metaspace       used 31348K, capacity 31810K, committed 32000K, reserved 1077248K
  class space    used 3895K, capacity 4004K, committed 4096K, reserved 1048576K
}
Event: 4.527 GC heap before
{Heap before GC invocations=8 (full 1):
 PSYoungGen      total 216576K, used 146264K [0x000000076ab00000, 0x0000000779580000, 0x00000007c0000000)
  eden space 202240K, 66% used [0x000000076ab00000,0x0000000772d7d6f8,0x0000000777080000)
  from space 14336K, 88% used [0x0000000778780000,0x00000007793d8a48,0x0000000779580000)
  to   space 18944K, 0% used [0x0000000777080000,0x0000000777080000,0x0000000778300000)
 ParOldGen       total 105472K, used 22690K [0x00000006c0000000, 0x00000006c6700000, 0x000000076ab00000)
  object space 105472K, 21% used [0x00000006c0000000,0x00000006c1628b18,0x00000006c6700000)
 Metaspace       used 34924K, capacity 35328K, committed 35496K, reserved 1081344K
  class space    used 4425K, capacity 4553K, committed 4608K, reserved 1048576K
Event: 4.543 GC heap after
Heap after GC invocations=8 (full 1):
 PSYoungGen      total 221184K, used 17494K [0x000000076ab00000, 0x0000000780500000, 0x00000007c0000000)
  eden space 202240K, 0% used [0x000000076ab00000,0x000000076ab00000,0x0000000777080000)
  from space 18944K, 92% used [0x0000000777080000,0x0000000778195b50,0x0000000778300000)
  to   space 20480K, 0% used [0x000000077f100000,0x000000077f100000,0x0000000780500000)
 ParOldGen       total 105472K, used 22698K [0x00000006c0000000, 0x00000006c6700000, 0x000000076ab00000)
  object space 105472K, 21% used [0x00000006c0000000,0x00000006c162ab18,0x00000006c6700000)
 Metaspace       used 34924K, capacity 35328K, committed 35496K, reserved 1081344K
  class space    used 4425K, capacity 4553K, committed 4608K, reserved 1048576K
}
Event: 4.543 GC heap before
{Heap before GC invocations=9 (full 2):
 PSYoungGen      total 221184K, used 17494K [0x000000076ab00000, 0x0000000780500000, 0x00000007c0000000)
  eden space 202240K, 0% used [0x000000076ab00000,0x000000076ab00000,0x0000000777080000)
  from space 18944K, 92% used [0x0000000777080000,0x0000000778195b50,0x0000000778300000)
  to   space 20480K, 0% used [0x000000077f100000,0x000000077f100000,0x0000000780500000)
 ParOldGen       total 105472K, used 22698K [0x00000006c0000000, 0x00000006c6700000, 0x000000076ab00000)
  object space 105472K, 21% used [0x00000006c0000000,0x00000006c162ab18,0x00000006c6700000)
 Metaspace       used 34924K, capacity 35328K, committed 35496K, reserved 1081344K
  class space    used 4425K, capacity 4553K, committed 4608K, reserved 1048576K
Event: 4.606 GC heap after
Heap after GC invocations=9 (full 2):
 PSYoungGen      total 221184K, used 0K [0x000000076ab00000, 0x0000000780500000, 0x00000007c0000000)
  eden space 202240K, 0% used [0x000000076ab00000,0x000000076ab00000,0x0000000777080000)
  from space 18944K, 0% used [0x0000000777080000,0x0000000777080000,0x0000000778300000)
  to   space 20480K, 0% used [0x000000077f100000,0x000000077f100000,0x0000000780500000)
 ParOldGen       total 174592K, used 27987K [0x00000006c0000000, 0x00000006caa80000, 0x000000076ab00000)
  object space 174592K, 16% used [0x00000006c0000000,0x00000006c1b54fc0,0x00000006caa80000)
 Metaspace       used 34924K, capacity 35328K, committed 35496K, reserved 1081344K
  class space    used 4425K, capacity 4553K, committed 4608K, reserved 1048576K
}

