# JRE version: Java(TM) SE Runtime Environment (8.0_65-b17) (build 1.8.0_65-b17)
# Java VM: Java HotSpot(TM) 64-Bit Server VM (25.65-b01 mixed mode bsd-amd64 compressed oops)
Heap:
 PSYoungGen      total 265216K, used 92546K [0x000000076ab00000, 0x0000000789800000, 0x00000007c0000000)
  eden space 246784K, 37% used [0x000000076ab00000,0x00000007705608a8,0x0000000779c00000)
  from space 18432K, 0% used [0x0000000779c00000,0x0000000779c00000,0x000000077ae00000)
  to   space 19968K, 0% used [0x0000000788480000,0x0000000788480000,0x0000000789800000)
 ParOldGen       total 133632K, used 27775K [0x00000006c0000000, 0x00000006c8280000, 0x000000076ab00000)
  object space 133632K, 20% used [0x00000006c0000000,0x00000006c1b1fd58,0x00000006c8280000)
 Metaspace       used 40952K, capacity 41540K, committed 41728K, reserved 1085440K
  class space    used 5150K, capacity 5285K, committed 5376K, reserved 1048576K
GC Heap History (10 events):
Event: 11.686 GC heap before
{Heap before GC invocations=5 (full 1):
 PSYoungGen      total 141824K, used 10742K [0x000000076ab00000, 0x0000000774000000, 0x00000007c0000000)
  eden space 131072K, 0% used [0x000000076ab00000,0x000000076ab00000,0x0000000772b00000)
  from space 10752K, 99% used [0x0000000773580000,0x0000000773ffd980,0x0000000774000000)
  to   space 10752K, 0% used [0x0000000772b00000,0x0000000772b00000,0x0000000773580000)
 ParOldGen       total 175104K, used 2670K [0x00000006c0000000, 0x00000006cab00000, 0x000000076ab00000)
  object space 175104K, 1% used [0x00000006c0000000,0x00000006c029ba90,0x00000006cab00000)
 Metaspace       used 20910K, capacity 21198K, committed 21296K, reserved 1069056K
  class space    used 2554K, capacity 2646K, committed 2688K, reserved 1048576K
Event: 11.725 GC heap after
Heap after GC invocations=5 (full 1):
 PSYoungGen      total 141824K, used 0K [0x000000076ab00000, 0x0000000774000000, 0x00000007c0000000)
  eden space 131072K, 0% used [0x000000076ab00000,0x000000076ab00000,0x0000000772b00000)
  from space 10752K, 0% used [0x0000000773580000,0x0000000773580000,0x0000000774000000)
  to   space 10752K, 0% used [0x0000000772b00000,0x0000000772b00000,0x0000000773580000)
 ParOldGen       total 85504K, used 11041K [0x00000006c0000000, 0x00000006c5380000, 0x000000076ab00000)
  object space 85504K, 12% used [0x00000006c0000000,0x00000006c0ac8520,0x00000006c5380000)
 Metaspace       used 20910K, capacity 21198K, committed 21296K, reserved 1069056K
  class space    used 2554K, capacity 2646K, committed 2688K, reserved 1048576K
}
Event: 12.660 GC heap before
{Heap before GC invocations=6 (full 1):
 PSYoungGen      total 141824K, used 131072K [0x000000076ab00000, 0x0000000774000000, 0x00000007c0000000)
  eden space 131072K, 100% used [0x000000076ab00000,0x0000000772b00000,0x0000000772b00000)
  from space 10752K, 0% used [0x0000000773580000,0x0000000773580000,0x0000000774000000)
  to   space 10752K, 0% used [0x0000000772b00000,0x0000000772b00000,0x0000000773580000)
 ParOldGen       total 85504K, used 11041K [0x00000006c0000000, 0x00000006c5380000, 0x000000076ab00000)
  object space 85504K, 12% used [0x00000006c0000000,0x00000006c0ac8520,0x00000006c5380000)
 Metaspace       used 27702K, capacity 28050K, committed 28416K, reserved 1075200K
  class space    used 3415K, capacity 3516K, committed 3584K, reserved 1048576K
Event: 12.679 GC heap after
Heap after GC invocations=6 (full 1):
 PSYoungGen      total 141824K, used 10726K [0x000000076ab00000, 0x000000077c300000, 0x00000007c0000000)
  eden space 131072K, 0% used [0x000000076ab00000,0x000000076ab00000,0x0000000772b00000)
  from space 10752K, 99% used [0x0000000772b00000,0x0000000773579928,0x0000000773580000)
  to   space 18944K, 0% used [0x000000077b080000,0x000000077b080000,0x000000077c300000)
 ParOldGen       total 85504K, used 21070K [0x00000006c0000000, 0x00000006c5380000, 0x000000076ab00000)
  object space 85504K, 24% used [0x00000006c0000000,0x00000006c14938a8,0x00000006c5380000)
 Metaspace       used 27702K, capacity 28050K, committed 28416K, reserved 1075200K
  class space    used 3415K, capacity 3516K, committed 3584K, reserved 1048576K
}
Event: 13.435 GC heap before
{Heap before GC invocations=7 (full 1):
 PSYoungGen      total 141824K, used 141798K [0x000000076ab00000, 0x000000077c300000, 0x00000007c0000000)
  eden space 131072K, 100% used [0x000000076ab00000,0x0000000772b00000,0x0000000772b00000)
  from space 10752K, 99% used [0x0000000772b00000,0x0000000773579928,0x0000000773580000)
  to   space 18944K, 0% used [0x000000077b080000,0x000000077b080000,0x000000077c300000)
 ParOldGen       total 85504K, used 21070K [0x00000006c0000000, 0x00000006c5380000, 0x000000076ab00000)
  object space 85504K, 24% used [0x00000006c0000000,0x00000006c14938a8,0x00000006c5380000)
 Metaspace       used 31195K, capacity 31618K, committed 31744K, reserved 1077248K
  class space    used 3881K, capacity 4004K, committed 4096K, reserved 1048576K
Event: 13.446 GC heap after
Heap after GC invocations=7 (full 1):
 PSYoungGen      total 262656K, used 12547K [0x000000076ab00000, 0x000000077c000000, 0x00000007c0000000)
  eden space 246784K, 0% used [0x000000076ab00000,0x000000076ab00000,0x0000000779c00000)
  from space 15872K, 79% used [0x000000077b080000,0x000000077bcc0ff8,0x000000077c000000)
  to   space 18432K, 0% used [0x0000000779c00000,0x0000000779c00000,0x000000077ae00000)
 ParOldGen       total 85504K, used 21078K [0x00000006c0000000, 0x00000006c5380000, 0x000000076ab00000)
  object space 85504K, 24% used [0x00000006c0000000,0x00000006c14958a8,0x00000006c5380000)
 Metaspace       used 31195K, capacity 31618K, committed 31744K, reserved 1077248K
  class space    used 3881K, capacity 4004K, committed 4096K, reserved 1048576K
}
Event: 14.063 GC heap before
{Heap before GC invocations=8 (full 1):
 PSYoungGen      total 262656K, used 147714K [0x000000076ab00000, 0x000000077c000000, 0x00000007c0000000)
  eden space 246784K, 54% used [0x000000076ab00000,0x0000000772effb08,0x0000000779c00000)
  from space 15872K, 79% used [0x000000077b080000,0x000000077bcc0ff8,0x000000077c000000)
  to   space 18432K, 0% used [0x0000000779c00000,0x0000000779c00000,0x000000077ae00000)
 ParOldGen       total 85504K, used 21078K [0x00000006c0000000, 0x00000006c5380000, 0x000000076ab00000)
  object space 85504K, 24% used [0x00000006c0000000,0x00000006c14958a8,0x00000006c5380000)
 Metaspace       used 34866K, capacity 35296K, committed 35496K, reserved 1081344K
  class space    used 4412K, capacity 4521K, committed 4608K, reserved 1048576K
Event: 14.079 GC heap after
Heap after GC invocations=8 (full 1):
 PSYoungGen      total 265216K, used 17517K [0x000000076ab00000, 0x0000000789800000, 0x00000007c0000000)
  eden space 246784K, 0% used [0x000000076ab00000,0x000000076ab00000,0x0000000779c00000)
  from space 18432K, 95% used [0x0000000779c00000,0x000000077ad1b500,0x000000077ae00000)
  to   space 19968K, 0% used [0x0000000788480000,0x0000000788480000,0x0000000789800000)
 ParOldGen       total 85504K, used 21086K [0x00000006c0000000, 0x00000006c5380000, 0x000000076ab00000)
  object space 85504K, 24% used [0x00000006c0000000,0x00000006c14978a8,0x00000006c5380000)
 Metaspace       used 34866K, capacity 35296K, committed 35496K, reserved 1081344K
  class space    used 4412K, capacity 4521K, committed 4608K, reserved 1048576K
}
Event: 14.079 GC heap before
{Heap before GC invocations=9 (full 2):
 PSYoungGen      total 265216K, used 17517K [0x000000076ab00000, 0x0000000789800000, 0x00000007c0000000)
  eden space 246784K, 0% used [0x000000076ab00000,0x000000076ab00000,0x0000000779c00000)
  from space 18432K, 95% used [0x0000000779c00000,0x000000077ad1b500,0x000000077ae00000)
  to   space 19968K, 0% used [0x0000000788480000,0x0000000788480000,0x0000000789800000)
 ParOldGen       total 85504K, used 21086K [0x00000006c0000000, 0x00000006c5380000, 0x000000076ab00000)
  object space 85504K, 24% used [0x00000006c0000000,0x00000006c14978a8,0x00000006c5380000)
 Metaspace       used 34866K, capacity 35296K, committed 35496K, reserved 1081344K
  class space    used 4412K, capacity 4521K, committed 4608K, reserved 1048576K
Event: 14.139 GC heap after
Heap after GC invocations=9 (full 2):
 PSYoungGen      total 265216K, used 0K [0x000000076ab00000, 0x0000000789800000, 0x00000007c0000000)
  eden space 246784K, 0% used [0x000000076ab00000,0x000000076ab00000,0x0000000779c00000)
  from space 18432K, 0% used [0x0000000779c00000,0x0000000779c00000,0x000000077ae00000)
  to   space 19968K, 0% used [0x0000000788480000,0x0000000788480000,0x0000000789800000)
 ParOldGen       total 133632K, used 27775K [0x00000006c0000000, 0x00000006c8280000, 0x000000076ab00000)
  object space 133632K, 20% used [0x00000006c0000000,0x00000006c1b1fd58,0x00000006c8280000)
 Metaspace       used 34866K, capacity 35296K, committed 35496K, reserved 1081344K
  class space    used 4412K, capacity 4521K, committed 4608K, reserved 1048576K
}

