# JRE version: Java(TM) SE Runtime Environment (8.0_65-b17) (build 1.8.0_65-b17)
# Java VM: Java HotSpot(TM) 64-Bit Server VM (25.65-b01 mixed mode bsd-amd64 compressed oops)
Heap:
 PSYoungGen      total 305664K, used 91917K [0x000000076ab00000, 0x0000000785600000, 0x00000007c0000000)
  eden space 283648K, 32% used [0x000000076ab00000,0x00000007704c3478,0x000000077c000000)
  from space 22016K, 0% used [0x000000077d480000,0x000000077d480000,0x000000077ea00000)
  to   space 20992K, 0% used [0x000000077c000000,0x000000077c000000,0x000000077d480000)
 ParOldGen       total 190464K, used 27186K [0x00000006c0000000, 0x00000006cba00000, 0x000000076ab00000)
  object space 190464K, 14% used [0x00000006c0000000,0x00000006c1a8c910,0x00000006cba00000)
 Metaspace       used 40898K, capacity 41416K, committed 41728K, reserved 1085440K
  class space    used 5147K, capacity 5285K, committed 5376K, reserved 1048576K
GC Heap History (10 events):
Event: 2.128 GC heap before
{Heap before GC invocations=4 (full 1):
 PSYoungGen      total 141824K, used 10726K [0x000000076ab00000, 0x000000077c000000, 0x00000007c0000000)
  eden space 131072K, 0% used [0x000000076ab00000,0x000000076ab00000,0x0000000772b00000)
  from space 10752K, 99% used [0x0000000772b00000,0x0000000773579970,0x0000000773580000)
  to   space 10752K, 0% used [0x000000077b580000,0x000000077b580000,0x000000077c000000)
 ParOldGen       total 175104K, used 3733K [0x00000006c0000000, 0x00000006cab00000, 0x000000076ab00000)
  object space 175104K, 2% used [0x00000006c0000000,0x00000006c03a56a8,0x00000006cab00000)
 Metaspace       used 20921K, capacity 21230K, committed 21296K, reserved 1069056K
  class space    used 2571K, capacity 2678K, committed 2688K, reserved 1048576K
Event: 2.171 GC heap after
Heap after GC invocations=4 (full 1):
 PSYoungGen      total 141824K, used 0K [0x000000076ab00000, 0x000000077c000000, 0x00000007c0000000)
  eden space 131072K, 0% used [0x000000076ab00000,0x000000076ab00000,0x0000000772b00000)
  from space 10752K, 0% used [0x0000000772b00000,0x0000000772b00000,0x0000000773580000)
  to   space 10752K, 0% used [0x000000077b580000,0x000000077b580000,0x000000077c000000)
 ParOldGen       total 116224K, used 12484K [0x00000006c0000000, 0x00000006c7180000, 0x000000076ab00000)
  object space 116224K, 10% used [0x00000006c0000000,0x00000006c0c31050,0x00000006c7180000)
 Metaspace       used 20921K, capacity 21230K, committed 21296K, reserved 1069056K
  class space    used 2571K, capacity 2678K, committed 2688K, reserved 1048576K
}
Event: 3.091 GC heap before
{Heap before GC invocations=5 (full 1):
 PSYoungGen      total 141824K, used 131072K [0x000000076ab00000, 0x000000077c000000, 0x00000007c0000000)
  eden space 131072K, 100% used [0x000000076ab00000,0x0000000772b00000,0x0000000772b00000)
  from space 10752K, 0% used [0x0000000772b00000,0x0000000772b00000,0x0000000773580000)
  to   space 10752K, 0% used [0x000000077b580000,0x000000077b580000,0x000000077c000000)
 ParOldGen       total 116224K, used 12484K [0x00000006c0000000, 0x00000006c7180000, 0x000000076ab00000)
  object space 116224K, 10% used [0x00000006c0000000,0x00000006c0c31050,0x00000006c7180000)
 Metaspace       used 27639K, capacity 27986K, committed 28160K, reserved 1073152K
  class space    used 3411K, capacity 3516K, committed 3584K, reserved 1048576K
Event: 3.110 GC heap after
Heap after GC invocations=5 (full 1):
 PSYoungGen      total 204288K, used 10729K [0x000000076ab00000, 0x000000077c000000, 0x00000007c0000000)
  eden space 193536K, 0% used [0x000000076ab00000,0x000000076ab00000,0x0000000776800000)
  from space 10752K, 99% used [0x000000077b580000,0x000000077bffa778,0x000000077c000000)
  to   space 10752K, 0% used [0x000000077ab00000,0x000000077ab00000,0x000000077b580000)
 ParOldGen       total 116224K, used 23885K [0x00000006c0000000, 0x00000006c7180000, 0x000000076ab00000)
  object space 116224K, 20% used [0x00000006c0000000,0x00000006c17534e8,0x00000006c7180000)
 Metaspace       used 27639K, capacity 27986K, committed 28160K, reserved 1073152K
  class space    used 3411K, capacity 3516K, committed 3584K, reserved 1048576K
}
Event: 4.183 GC heap before
{Heap before GC invocations=6 (full 1):
 PSYoungGen      total 204288K, used 204265K [0x000000076ab00000, 0x000000077c000000, 0x00000007c0000000)
  eden space 193536K, 100% used [0x000000076ab00000,0x0000000776800000,0x0000000776800000)
  from space 10752K, 99% used [0x000000077b580000,0x000000077bffa778,0x000000077c000000)
  to   space 10752K, 0% used [0x000000077ab00000,0x000000077ab00000,0x000000077b580000)
 ParOldGen       total 116224K, used 23885K [0x00000006c0000000, 0x00000006c7180000, 0x000000076ab00000)
  object space 116224K, 20% used [0x00000006c0000000,0x00000006c17534e8,0x00000006c7180000)
 Metaspace       used 33386K, capacity 33844K, committed 34176K, reserved 1079296K
  class space    used 4221K, capacity 4359K, committed 4480K, reserved 1048576K
Event: 4.198 GC heap after
Heap after GC invocations=6 (full 1):
 PSYoungGen      total 272896K, used 10729K [0x000000076ab00000, 0x000000077ea00000, 0x00000007c0000000)
  eden space 262144K, 0% used [0x000000076ab00000,0x000000076ab00000,0x000000077ab00000)
  from space 10752K, 99% used [0x000000077ab00000,0x000000077b57a758,0x000000077b580000)
  to   space 22016K, 0% used [0x000000077d480000,0x000000077d480000,0x000000077ea00000)
 ParOldGen       total 116224K, used 30038K [0x00000006c0000000, 0x00000006c7180000, 0x000000076ab00000)
  object space 116224K, 25% used [0x00000006c0000000,0x00000006c1d559e0,0x00000006c7180000)
 Metaspace       used 33386K, capacity 33844K, committed 34176K, reserved 1079296K
  class space    used 4221K, capacity 4359K, committed 4480K, reserved 1048576K
}
Event: 4.538 GC heap before
{Heap before GC invocations=7 (full 1):
 PSYoungGen      total 272896K, used 87914K [0x000000076ab00000, 0x000000077ea00000, 0x00000007c0000000)
  eden space 262144K, 29% used [0x000000076ab00000,0x000000076f6603d0,0x000000077ab00000)
  from space 10752K, 99% used [0x000000077ab00000,0x000000077b57a758,0x000000077b580000)
  to   space 22016K, 0% used [0x000000077d480000,0x000000077d480000,0x000000077ea00000)
 ParOldGen       total 116224K, used 30038K [0x00000006c0000000, 0x00000006c7180000, 0x000000076ab00000)
  object space 116224K, 25% used [0x00000006c0000000,0x00000006c1d559e0,0x00000006c7180000)
 Metaspace       used 34923K, capacity 35328K, committed 35496K, reserved 1081344K
  class space    used 4432K, capacity 4553K, committed 4608K, reserved 1048576K
Event: 4.550 GC heap after
Heap after GC invocations=7 (full 1):
 PSYoungGen      total 305664K, used 14380K [0x000000076ab00000, 0x0000000785600000, 0x00000007c0000000)
  eden space 283648K, 0% used [0x000000076ab00000,0x000000076ab00000,0x000000077c000000)
  from space 22016K, 65% used [0x000000077d480000,0x000000077e28b0c8,0x000000077ea00000)
  to   space 20992K, 0% used [0x000000077c000000,0x000000077c000000,0x000000077d480000)
 ParOldGen       total 116224K, used 30046K [0x00000006c0000000, 0x00000006c7180000, 0x000000076ab00000)
  object space 116224K, 25% used [0x00000006c0000000,0x00000006c1d579e0,0x00000006c7180000)
 Metaspace       used 34923K, capacity 35328K, committed 35496K, reserved 1081344K
  class space    used 4432K, capacity 4553K, committed 4608K, reserved 1048576K
}
Event: 4.550 GC heap before
{Heap before GC invocations=8 (full 2):
 PSYoungGen      total 305664K, used 14380K [0x000000076ab00000, 0x0000000785600000, 0x00000007c0000000)
  eden space 283648K, 0% used [0x000000076ab00000,0x000000076ab00000,0x000000077c000000)
  from space 22016K, 65% used [0x000000077d480000,0x000000077e28b0c8,0x000000077ea00000)
  to   space 20992K, 0% used [0x000000077c000000,0x000000077c000000,0x000000077d480000)
 ParOldGen       total 116224K, used 30046K [0x00000006c0000000, 0x00000006c7180000, 0x000000076ab00000)
  object space 116224K, 25% used [0x00000006c0000000,0x00000006c1d579e0,0x00000006c7180000)
 Metaspace       used 34923K, capacity 35328K, committed 35496K, reserved 1081344K
  class space    used 4432K, capacity 4553K, committed 4608K, reserved 1048576K
Event: 4.607 GC heap after
Heap after GC invocations=8 (full 2):
 PSYoungGen      total 305664K, used 0K [0x000000076ab00000, 0x0000000785600000, 0x00000007c0000000)
  eden space 283648K, 0% used [0x000000076ab00000,0x000000076ab00000,0x000000077c000000)
  from space 22016K, 0% used [0x000000077d480000,0x000000077d480000,0x000000077ea00000)
  to   space 20992K, 0% used [0x000000077c000000,0x000000077c000000,0x000000077d480000)
 ParOldGen       total 190464K, used 27186K [0x00000006c0000000, 0x00000006cba00000, 0x000000076ab00000)
  object space 190464K, 14% used [0x00000006c0000000,0x00000006c1a8c910,0x00000006cba00000)
 Metaspace       used 34923K, capacity 35328K, committed 35496K, reserved 1081344K
  class space    used 4432K, capacity 4553K, committed 4608K, reserved 1048576K
}

