# JRE version: Java(TM) SE Runtime Environment (8.0_65-b17) (build 1.8.0_65-b17)
# Java VM: Java HotSpot(TM) 64-Bit Server VM (25.65-b01 mixed mode bsd-amd64 compressed oops)
Heap:
 PSYoungGen      total 266240K, used 141318K [0x000000076ab00000, 0x0000000789d00000, 0x00000007c0000000)
  eden space 248832K, 56% used [0x000000076ab00000,0x0000000773501a50,0x0000000779e00000)
  from space 17408K, 0% used [0x0000000779e00000,0x0000000779e00000,0x000000077af00000)
  to   space 19456K, 0% used [0x0000000788a00000,0x0000000788a00000,0x0000000789d00000)
 ParOldGen       total 134656K, used 27704K [0x00000006c0000000, 0x00000006c8380000, 0x000000076ab00000)
  object space 134656K, 20% used [0x00000006c0000000,0x00000006c1b0e140,0x00000006c8380000)
 Metaspace       used 42480K, capacity 43128K, committed 43392K, reserved 1087488K
  class space    used 5288K, capacity 5451K, committed 5504K, reserved 1048576K
GC Heap History (10 events):
Event: 11.450 GC heap before
{Heap before GC invocations=5 (full 1):
 PSYoungGen      total 141824K, used 10738K [0x000000076ab00000, 0x0000000774000000, 0x00000007c0000000)
  eden space 131072K, 0% used [0x000000076ab00000,0x000000076ab00000,0x0000000772b00000)
  from space 10752K, 99% used [0x0000000773580000,0x0000000773ffc808,0x0000000774000000)
  to   space 10752K, 0% used [0x0000000772b00000,0x0000000772b00000,0x0000000773580000)
 ParOldGen       total 175104K, used 2691K [0x00000006c0000000, 0x00000006cab00000, 0x000000076ab00000)
  object space 175104K, 1% used [0x00000006c0000000,0x00000006c02a0e48,0x00000006cab00000)
 Metaspace       used 20913K, capacity 21230K, committed 21296K, reserved 1069056K
  class space    used 2555K, capacity 2678K, committed 2688K, reserved 1048576K
Event: 11.484 GC heap after
Heap after GC invocations=5 (full 1):
 PSYoungGen      total 141824K, used 0K [0x000000076ab00000, 0x0000000774000000, 0x00000007c0000000)
  eden space 131072K, 0% used [0x000000076ab00000,0x000000076ab00000,0x0000000772b00000)
  from space 10752K, 0% used [0x0000000773580000,0x0000000773580000,0x0000000774000000)
  to   space 10752K, 0% used [0x0000000772b00000,0x0000000772b00000,0x0000000773580000)
 ParOldGen       total 84480K, used 11032K [0x00000006c0000000, 0x00000006c5280000, 0x000000076ab00000)
  object space 84480K, 13% used [0x00000006c0000000,0x00000006c0ac6070,0x00000006c5280000)
 Metaspace       used 20913K, capacity 21230K, committed 21296K, reserved 1069056K
  class space    used 2555K, capacity 2678K, committed 2688K, reserved 1048576K
}
Event: 12.315 GC heap before
{Heap before GC invocations=6 (full 1):
 PSYoungGen      total 141824K, used 131072K [0x000000076ab00000, 0x0000000774000000, 0x00000007c0000000)
  eden space 131072K, 100% used [0x000000076ab00000,0x0000000772b00000,0x0000000772b00000)
  from space 10752K, 0% used [0x0000000773580000,0x0000000773580000,0x0000000774000000)
  to   space 10752K, 0% used [0x0000000772b00000,0x0000000772b00000,0x0000000773580000)
 ParOldGen       total 84480K, used 11032K [0x00000006c0000000, 0x00000006c5280000, 0x000000076ab00000)
  object space 84480K, 13% used [0x00000006c0000000,0x00000006c0ac6070,0x00000006c5280000)
 Metaspace       used 27713K, capacity 28050K, committed 28416K, reserved 1075200K
  class space    used 3416K, capacity 3516K, committed 3584K, reserved 1048576K
Event: 12.335 GC heap after
Heap after GC invocations=6 (full 1):
 PSYoungGen      total 141824K, used 10729K [0x000000076ab00000, 0x000000077c380000, 0x00000007c0000000)
  eden space 131072K, 0% used [0x000000076ab00000,0x000000076ab00000,0x0000000772b00000)
  from space 10752K, 99% used [0x0000000772b00000,0x000000077357a7a8,0x0000000773580000)
  to   space 18432K, 0% used [0x000000077b180000,0x000000077b180000,0x000000077c380000)
 ParOldGen       total 84480K, used 19936K [0x00000006c0000000, 0x00000006c5280000, 0x000000076ab00000)
  object space 84480K, 23% used [0x00000006c0000000,0x00000006c1378208,0x00000006c5280000)
 Metaspace       used 27713K, capacity 28050K, committed 28416K, reserved 1075200K
  class space    used 3416K, capacity 3516K, committed 3584K, reserved 1048576K
}
Event: 13.124 GC heap before
{Heap before GC invocations=7 (full 1):
 PSYoungGen      total 141824K, used 141801K [0x000000076ab00000, 0x000000077c380000, 0x00000007c0000000)
  eden space 131072K, 100% used [0x000000076ab00000,0x0000000772b00000,0x0000000772b00000)
  from space 10752K, 99% used [0x0000000772b00000,0x000000077357a7a8,0x0000000773580000)
  to   space 18432K, 0% used [0x000000077b180000,0x000000077b180000,0x000000077c380000)
 ParOldGen       total 84480K, used 19936K [0x00000006c0000000, 0x00000006c5280000, 0x000000076ab00000)
  object space 84480K, 23% used [0x00000006c0000000,0x00000006c1378208,0x00000006c5280000)
 Metaspace       used 31281K, capacity 31682K, committed 32000K, reserved 1077248K
  class space    used 3888K, capacity 4004K, committed 4096K, reserved 1048576K
Event: 13.137 GC heap after
Heap after GC invocations=7 (full 1):
 PSYoungGen      total 263680K, used 12502K [0x000000076ab00000, 0x000000077c000000, 0x00000007c0000000)
  eden space 248832K, 0% used [0x000000076ab00000,0x000000076ab00000,0x0000000779e00000)
  from space 14848K, 84% used [0x000000077b180000,0x000000077bdb5b48,0x000000077c000000)
  to   space 17408K, 0% used [0x0000000779e00000,0x0000000779e00000,0x000000077af00000)
 ParOldGen       total 84480K, used 19944K [0x00000006c0000000, 0x00000006c5280000, 0x000000076ab00000)
  object space 84480K, 23% used [0x00000006c0000000,0x00000006c137a208,0x00000006c5280000)
 Metaspace       used 31281K, capacity 31682K, committed 32000K, reserved 1077248K
  class space    used 3888K, capacity 4004K, committed 4096K, reserved 1048576K
}
Event: 13.802 GC heap before
{Heap before GC invocations=8 (full 1):
 PSYoungGen      total 263680K, used 148099K [0x000000076ab00000, 0x000000077c000000, 0x00000007c0000000)
  eden space 248832K, 54% used [0x000000076ab00000,0x0000000772f6b318,0x0000000779e00000)
  from space 14848K, 84% used [0x000000077b180000,0x000000077bdb5b48,0x000000077c000000)
  to   space 17408K, 0% used [0x0000000779e00000,0x0000000779e00000,0x000000077af00000)
 ParOldGen       total 84480K, used 19944K [0x00000006c0000000, 0x00000006c5280000, 0x000000076ab00000)
  object space 84480K, 23% used [0x00000006c0000000,0x00000006c137a208,0x00000006c5280000)
 Metaspace       used 34886K, capacity 35296K, committed 35496K, reserved 1081344K
  class space    used 4414K, capacity 4521K, committed 4608K, reserved 1048576K
Event: 13.815 GC heap after
Heap after GC invocations=8 (full 1):
 PSYoungGen      total 266240K, used 17378K [0x000000076ab00000, 0x0000000789d00000, 0x00000007c0000000)
  eden space 248832K, 0% used [0x000000076ab00000,0x000000076ab00000,0x0000000779e00000)
  from space 17408K, 99% used [0x0000000779e00000,0x000000077aef89d0,0x000000077af00000)
  to   space 19456K, 0% used [0x0000000788a00000,0x0000000788a00000,0x0000000789d00000)
 ParOldGen       total 84480K, used 19968K [0x00000006c0000000, 0x00000006c5280000, 0x000000076ab00000)
  object space 84480K, 23% used [0x00000006c0000000,0x00000006c1380208,0x00000006c5280000)
 Metaspace       used 34886K, capacity 35296K, committed 35496K, reserved 1081344K
  class space    used 4414K, capacity 4521K, committed 4608K, reserved 1048576K
}
Event: 13.815 GC heap before
{Heap before GC invocations=9 (full 2):
 PSYoungGen      total 266240K, used 17378K [0x000000076ab00000, 0x0000000789d00000, 0x00000007c0000000)
  eden space 248832K, 0% used [0x000000076ab00000,0x000000076ab00000,0x0000000779e00000)
  from space 17408K, 99% used [0x0000000779e00000,0x000000077aef89d0,0x000000077af00000)
  to   space 19456K, 0% used [0x0000000788a00000,0x0000000788a00000,0x0000000789d00000)
 ParOldGen       total 84480K, used 19968K [0x00000006c0000000, 0x00000006c5280000, 0x000000076ab00000)
  object space 84480K, 23% used [0x00000006c0000000,0x00000006c1380208,0x00000006c5280000)
 Metaspace       used 34886K, capacity 35296K, committed 35496K, reserved 1081344K
  class space    used 4414K, capacity 4521K, committed 4608K, reserved 1048576K
Event: 13.886 GC heap after
Heap after GC invocations=9 (full 2):
 PSYoungGen      total 266240K, used 0K [0x000000076ab00000, 0x0000000789d00000, 0x00000007c0000000)
  eden space 248832K, 0% used [0x000000076ab00000,0x000000076ab00000,0x0000000779e00000)
  from space 17408K, 0% used [0x0000000779e00000,0x0000000779e00000,0x000000077af00000)
  to   space 19456K, 0% used [0x0000000788a00000,0x0000000788a00000,0x0000000789d00000)
 ParOldGen       total 134656K, used 27704K [0x00000006c0000000, 0x00000006c8380000, 0x000000076ab00000)
  object space 134656K, 20% used [0x00000006c0000000,0x00000006c1b0e140,0x00000006c8380000)
 Metaspace       used 34886K, capacity 35296K, committed 35496K, reserved 1081344K
  class space    used 4414K, capacity 4521K, committed 4608K, reserved 1048576K
}

