# JRE version: Java(TM) SE Runtime Environment (8.0_65-b17) (build 1.8.0_65-b17)
# Java VM: Java HotSpot(TM) 64-Bit Server VM (25.65-b01 mixed mode bsd-amd64 compressed oops)
Heap:
 PSYoungGen      total 265728K, used 116878K [0x000000076ab00000, 0x0000000789a80000, 0x00000007c0000000)
  eden space 247808K, 47% used [0x000000076ab00000,0x0000000771d238a8,0x0000000779d00000)
  from space 17920K, 0% used [0x0000000779d00000,0x0000000779d00000,0x000000077ae80000)
  to   space 19456K, 0% used [0x0000000788780000,0x0000000788780000,0x0000000789a80000)
 ParOldGen       total 135168K, used 27818K [0x00000006c0000000, 0x00000006c8400000, 0x000000076ab00000)
  object space 135168K, 20% used [0x00000006c0000000,0x00000006c1b2a8f8,0x00000006c8400000)
 Metaspace       used 42064K, capacity 42588K, committed 42880K, reserved 1087488K
  class space    used 5279K, capacity 5403K, committed 5504K, reserved 1048576K
GC Heap History (10 events):
Event: 11.617 GC heap before
{Heap before GC invocations=5 (full 1):
 PSYoungGen      total 141824K, used 10738K [0x000000076ab00000, 0x0000000774000000, 0x00000007c0000000)
  eden space 131072K, 0% used [0x000000076ab00000,0x000000076ab00000,0x0000000772b00000)
  from space 10752K, 99% used [0x0000000773580000,0x0000000773ffc828,0x0000000774000000)
  to   space 10752K, 0% used [0x0000000772b00000,0x0000000772b00000,0x0000000773580000)
 ParOldGen       total 175104K, used 2777K [0x00000006c0000000, 0x00000006cab00000, 0x000000076ab00000)
  object space 175104K, 1% used [0x00000006c0000000,0x00000006c02b6588,0x00000006cab00000)
 Metaspace       used 20912K, capacity 21230K, committed 21296K, reserved 1069056K
  class space    used 2555K, capacity 2678K, committed 2688K, reserved 1048576K
Event: 11.651 GC heap after
Heap after GC invocations=5 (full 1):
 PSYoungGen      total 141824K, used 0K [0x000000076ab00000, 0x0000000774000000, 0x00000007c0000000)
  eden space 131072K, 0% used [0x000000076ab00000,0x000000076ab00000,0x0000000772b00000)
  from space 10752K, 0% used [0x0000000773580000,0x0000000773580000,0x0000000774000000)
  to   space 10752K, 0% used [0x0000000772b00000,0x0000000772b00000,0x0000000773580000)
 ParOldGen       total 85504K, used 11048K [0x00000006c0000000, 0x00000006c5380000, 0x000000076ab00000)
  object space 85504K, 12% used [0x00000006c0000000,0x00000006c0aca2d0,0x00000006c5380000)
 Metaspace       used 20912K, capacity 21230K, committed 21296K, reserved 1069056K
  class space    used 2555K, capacity 2678K, committed 2688K, reserved 1048576K
}
Event: 12.468 GC heap before
{Heap before GC invocations=6 (full 1):
 PSYoungGen      total 141824K, used 131072K [0x000000076ab00000, 0x0000000774000000, 0x00000007c0000000)
  eden space 131072K, 100% used [0x000000076ab00000,0x0000000772b00000,0x0000000772b00000)
  from space 10752K, 0% used [0x0000000773580000,0x0000000773580000,0x0000000774000000)
  to   space 10752K, 0% used [0x0000000772b00000,0x0000000772b00000,0x0000000773580000)
 ParOldGen       total 85504K, used 11048K [0x00000006c0000000, 0x00000006c5380000, 0x000000076ab00000)
  object space 85504K, 12% used [0x00000006c0000000,0x00000006c0aca2d0,0x00000006c5380000)
 Metaspace       used 27700K, capacity 28050K, committed 28416K, reserved 1075200K
  class space    used 3415K, capacity 3516K, committed 3584K, reserved 1048576K
Event: 12.482 GC heap after
Heap after GC invocations=6 (full 1):
 PSYoungGen      total 141824K, used 10722K [0x000000076ab00000, 0x000000077c300000, 0x00000007c0000000)
  eden space 131072K, 0% used [0x000000076ab00000,0x000000076ab00000,0x0000000772b00000)
  from space 10752K, 99% used [0x0000000772b00000,0x0000000773578928,0x0000000773580000)
  to   space 18944K, 0% used [0x000000077b080000,0x000000077b080000,0x000000077c300000)
 ParOldGen       total 85504K, used 20655K [0x00000006c0000000, 0x00000006c5380000, 0x000000076ab00000)
  object space 85504K, 24% used [0x00000006c0000000,0x00000006c142bd38,0x00000006c5380000)
 Metaspace       used 27700K, capacity 28050K, committed 28416K, reserved 1075200K
  class space    used 3415K, capacity 3516K, committed 3584K, reserved 1048576K
}
Event: 13.176 GC heap before
{Heap before GC invocations=7 (full 1):
 PSYoungGen      total 141824K, used 141794K [0x000000076ab00000, 0x000000077c300000, 0x00000007c0000000)
  eden space 131072K, 100% used [0x000000076ab00000,0x0000000772b00000,0x0000000772b00000)
  from space 10752K, 99% used [0x0000000772b00000,0x0000000773578928,0x0000000773580000)
  to   space 18944K, 0% used [0x000000077b080000,0x000000077b080000,0x000000077c300000)
 ParOldGen       total 85504K, used 20655K [0x00000006c0000000, 0x00000006c5380000, 0x000000076ab00000)
  object space 85504K, 24% used [0x00000006c0000000,0x00000006c142bd38,0x00000006c5380000)
 Metaspace       used 31198K, capacity 31682K, committed 32000K, reserved 1077248K
  class space    used 3884K, capacity 4004K, committed 4096K, reserved 1048576K
Event: 13.189 GC heap after
Heap after GC invocations=7 (full 1):
 PSYoungGen      total 263680K, used 12288K [0x000000076ab00000, 0x000000077c000000, 0x00000007c0000000)
  eden space 247808K, 0% used [0x000000076ab00000,0x000000076ab00000,0x0000000779d00000)
  from space 15872K, 77% used [0x000000077b080000,0x000000077bc800f8,0x000000077c000000)
  to   space 17920K, 0% used [0x0000000779d00000,0x0000000779d00000,0x000000077ae80000)
 ParOldGen       total 85504K, used 20663K [0x00000006c0000000, 0x00000006c5380000, 0x000000076ab00000)
  object space 85504K, 24% used [0x00000006c0000000,0x00000006c142dd38,0x00000006c5380000)
 Metaspace       used 31198K, capacity 31682K, committed 32000K, reserved 1077248K
  class space    used 3884K, capacity 4004K, committed 4096K, reserved 1048576K
}
Event: 13.881 GC heap before
{Heap before GC invocations=8 (full 1):
 PSYoungGen      total 263680K, used 153322K [0x000000076ab00000, 0x000000077c000000, 0x00000007c0000000)
  eden space 247808K, 56% used [0x000000076ab00000,0x00000007734ba870,0x0000000779d00000)
  from space 15872K, 77% used [0x000000077b080000,0x000000077bc800f8,0x000000077c000000)
  to   space 17920K, 0% used [0x0000000779d00000,0x0000000779d00000,0x000000077ae80000)
 ParOldGen       total 85504K, used 20663K [0x00000006c0000000, 0x00000006c5380000, 0x000000076ab00000)
  object space 85504K, 24% used [0x00000006c0000000,0x00000006c142dd38,0x00000006c5380000)
 Metaspace       used 34864K, capacity 35296K, committed 35496K, reserved 1081344K
  class space    used 4413K, capacity 4521K, committed 4608K, reserved 1048576K
Event: 13.899 GC heap after
Heap after GC invocations=8 (full 1):
 PSYoungGen      total 265728K, used 17531K [0x000000076ab00000, 0x0000000789a80000, 0x00000007c0000000)
  eden space 247808K, 0% used [0x000000076ab00000,0x000000076ab00000,0x0000000779d00000)
  from space 17920K, 97% used [0x0000000779d00000,0x000000077ae1edd0,0x000000077ae80000)
  to   space 19456K, 0% used [0x0000000788780000,0x0000000788780000,0x0000000789a80000)
 ParOldGen       total 85504K, used 20671K [0x00000006c0000000, 0x00000006c5380000, 0x000000076ab00000)
  object space 85504K, 24% used [0x00000006c0000000,0x00000006c142fd38,0x00000006c5380000)
 Metaspace       used 34864K, capacity 35296K, committed 35496K, reserved 1081344K
  class space    used 4413K, capacity 4521K, committed 4608K, reserved 1048576K
}
Event: 13.899 GC heap before
{Heap before GC invocations=9 (full 2):
 PSYoungGen      total 265728K, used 17531K [0x000000076ab00000, 0x0000000789a80000, 0x00000007c0000000)
  eden space 247808K, 0% used [0x000000076ab00000,0x000000076ab00000,0x0000000779d00000)
  from space 17920K, 97% used [0x0000000779d00000,0x000000077ae1edd0,0x000000077ae80000)
  to   space 19456K, 0% used [0x0000000788780000,0x0000000788780000,0x0000000789a80000)
 ParOldGen       total 85504K, used 20671K [0x00000006c0000000, 0x00000006c5380000, 0x000000076ab00000)
  object space 85504K, 24% used [0x00000006c0000000,0x00000006c142fd38,0x00000006c5380000)
 Metaspace       used 34864K, capacity 35296K, committed 35496K, reserved 1081344K
  class space    used 4413K, capacity 4521K, committed 4608K, reserved 1048576K
Event: 13.961 GC heap after
Heap after GC invocations=9 (full 2):
 PSYoungGen      total 265728K, used 0K [0x000000076ab00000, 0x0000000789a80000, 0x00000007c0000000)
  eden space 247808K, 0% used [0x000000076ab00000,0x000000076ab00000,0x0000000779d00000)
  from space 17920K, 0% used [0x0000000779d00000,0x0000000779d00000,0x000000077ae80000)
  to   space 19456K, 0% used [0x0000000788780000,0x0000000788780000,0x0000000789a80000)
 ParOldGen       total 135168K, used 27818K [0x00000006c0000000, 0x00000006c8400000, 0x000000076ab00000)
  object space 135168K, 20% used [0x00000006c0000000,0x00000006c1b2a8f8,0x00000006c8400000)
 Metaspace       used 34864K, capacity 35296K, committed 35496K, reserved 1081344K
  class space    used 4413K, capacity 4521K, committed 4608K, reserved 1048576K
}

