# JRE version: Java(TM) SE Runtime Environment (8.0_65-b17) (build 1.8.0_65-b17)
# Java VM: Java HotSpot(TM) 64-Bit Server VM (25.65-b01 mixed mode bsd-amd64 compressed oops)
Heap:
 PSYoungGen      total 265728K, used 77245K [0x000000076ab00000, 0x0000000789880000, 0x00000007c0000000)
  eden space 247296K, 31% used [0x000000076ab00000,0x000000076f66f5c8,0x0000000779c80000)
  from space 18432K, 0% used [0x0000000779c80000,0x0000000779c80000,0x000000077ae80000)
  to   space 19968K, 0% used [0x0000000788500000,0x0000000788500000,0x0000000789880000)
 ParOldGen       total 134656K, used 27802K [0x00000006c0000000, 0x00000006c8380000, 0x000000076ab00000)
  object space 134656K, 20% used [0x00000006c0000000,0x00000006c1b26b00,0x00000006c8380000)
 Metaspace       used 39023K, capacity 39488K, committed 39680K, reserved 1083392K
  class space    used 4892K, capacity 5013K, committed 5120K, reserved 1048576K
GC Heap History (10 events):
Event: 11.495 GC heap before
{Heap before GC invocations=5 (full 1):
 PSYoungGen      total 141824K, used 10725K [0x000000076ab00000, 0x0000000774000000, 0x00000007c0000000)
  eden space 131072K, 0% used [0x000000076ab00000,0x000000076ab00000,0x0000000772b00000)
  from space 10752K, 99% used [0x0000000773580000,0x0000000773ff9770,0x0000000774000000)
  to   space 10752K, 0% used [0x0000000772b00000,0x0000000772b00000,0x0000000773580000)
 ParOldGen       total 175104K, used 2918K [0x00000006c0000000, 0x00000006cab00000, 0x000000076ab00000)
  object space 175104K, 1% used [0x00000006c0000000,0x00000006c02d98b0,0x00000006cab00000)
 Metaspace       used 20916K, capacity 21230K, committed 21296K, reserved 1069056K
  class space    used 2555K, capacity 2678K, committed 2688K, reserved 1048576K
Event: 11.531 GC heap after
Heap after GC invocations=5 (full 1):
 PSYoungGen      total 141824K, used 0K [0x000000076ab00000, 0x0000000774000000, 0x00000007c0000000)
  eden space 131072K, 0% used [0x000000076ab00000,0x000000076ab00000,0x0000000772b00000)
  from space 10752K, 0% used [0x0000000773580000,0x0000000773580000,0x0000000774000000)
  to   space 10752K, 0% used [0x0000000772b00000,0x0000000772b00000,0x0000000773580000)
 ParOldGen       total 85504K, used 11039K [0x00000006c0000000, 0x00000006c5380000, 0x000000076ab00000)
  object space 85504K, 12% used [0x00000006c0000000,0x00000006c0ac7d08,0x00000006c5380000)
 Metaspace       used 20916K, capacity 21230K, committed 21296K, reserved 1069056K
  class space    used 2555K, capacity 2678K, committed 2688K, reserved 1048576K
}
Event: 12.399 GC heap before
{Heap before GC invocations=6 (full 1):
 PSYoungGen      total 141824K, used 131072K [0x000000076ab00000, 0x0000000774000000, 0x00000007c0000000)
  eden space 131072K, 100% used [0x000000076ab00000,0x0000000772b00000,0x0000000772b00000)
  from space 10752K, 0% used [0x0000000773580000,0x0000000773580000,0x0000000774000000)
  to   space 10752K, 0% used [0x0000000772b00000,0x0000000772b00000,0x0000000773580000)
 ParOldGen       total 85504K, used 11039K [0x00000006c0000000, 0x00000006c5380000, 0x000000076ab00000)
  object space 85504K, 12% used [0x00000006c0000000,0x00000006c0ac7d08,0x00000006c5380000)
 Metaspace       used 27720K, capacity 28050K, committed 28416K, reserved 1075200K
  class space    used 3416K, capacity 3516K, committed 3584K, reserved 1048576K
Event: 12.414 GC heap after
Heap after GC invocations=6 (full 1):
 PSYoungGen      total 141824K, used 10741K [0x000000076ab00000, 0x000000077c280000, 0x00000007c0000000)
  eden space 131072K, 0% used [0x000000076ab00000,0x000000076ab00000,0x0000000772b00000)
  from space 10752K, 99% used [0x0000000772b00000,0x000000077357d798,0x0000000773580000)
  to   space 18944K, 0% used [0x000000077b000000,0x000000077b000000,0x000000077c280000)
 ParOldGen       total 85504K, used 21027K [0x00000006c0000000, 0x00000006c5380000, 0x000000076ab00000)
  object space 85504K, 24% used [0x00000006c0000000,0x00000006c1488e00,0x00000006c5380000)
 Metaspace       used 27720K, capacity 28050K, committed 28416K, reserved 1075200K
  class space    used 3416K, capacity 3516K, committed 3584K, reserved 1048576K
}
Event: 13.082 GC heap before
{Heap before GC invocations=7 (full 1):
 PSYoungGen      total 141824K, used 141813K [0x000000076ab00000, 0x000000077c280000, 0x00000007c0000000)
  eden space 131072K, 100% used [0x000000076ab00000,0x0000000772b00000,0x0000000772b00000)
  from space 10752K, 99% used [0x0000000772b00000,0x000000077357d798,0x0000000773580000)
  to   space 18944K, 0% used [0x000000077b000000,0x000000077b000000,0x000000077c280000)
 ParOldGen       total 85504K, used 21027K [0x00000006c0000000, 0x00000006c5380000, 0x000000076ab00000)
  object space 85504K, 24% used [0x00000006c0000000,0x00000006c1488e00,0x00000006c5380000)
 Metaspace       used 31243K, capacity 31682K, committed 32000K, reserved 1077248K
  class space    used 3885K, capacity 4004K, committed 4096K, reserved 1048576K
Event: 13.093 GC heap after
Heap after GC invocations=7 (full 1):
 PSYoungGen      total 264192K, used 12358K [0x000000076ab00000, 0x000000077c080000, 0x00000007c0000000)
  eden space 247296K, 0% used [0x000000076ab00000,0x000000076ab00000,0x0000000779c80000)
  from space 16896K, 73% used [0x000000077b000000,0x000000077bc11a90,0x000000077c080000)
  to   space 18432K, 0% used [0x0000000779c80000,0x0000000779c80000,0x000000077ae80000)
 ParOldGen       total 85504K, used 21035K [0x00000006c0000000, 0x00000006c5380000, 0x000000076ab00000)
  object space 85504K, 24% used [0x00000006c0000000,0x00000006c148ae00,0x00000006c5380000)
 Metaspace       used 31243K, capacity 31682K, committed 32000K, reserved 1077248K
  class space    used 3885K, capacity 4004K, committed 4096K, reserved 1048576K
}
Event: 13.750 GC heap before
{Heap before GC invocations=8 (full 1):
 PSYoungGen      total 264192K, used 150365K [0x000000076ab00000, 0x000000077c080000, 0x00000007c0000000)
  eden space 247296K, 55% used [0x000000076ab00000,0x00000007731c5c30,0x0000000779c80000)
  from space 16896K, 73% used [0x000000077b000000,0x000000077bc11a90,0x000000077c080000)
  to   space 18432K, 0% used [0x0000000779c80000,0x0000000779c80000,0x000000077ae80000)
 ParOldGen       total 85504K, used 21035K [0x00000006c0000000, 0x00000006c5380000, 0x000000076ab00000)
  object space 85504K, 24% used [0x00000006c0000000,0x00000006c148ae00,0x00000006c5380000)
 Metaspace       used 34858K, capacity 35296K, committed 35496K, reserved 1081344K
  class space    used 4414K, capacity 4521K, committed 4608K, reserved 1048576K
Event: 13.765 GC heap after
Heap after GC invocations=8 (full 1):
 PSYoungGen      total 265728K, used 17579K [0x000000076ab00000, 0x0000000789880000, 0x00000007c0000000)
  eden space 247296K, 0% used [0x000000076ab00000,0x000000076ab00000,0x0000000779c80000)
  from space 18432K, 95% used [0x0000000779c80000,0x000000077adaad68,0x000000077ae80000)
  to   space 19968K, 0% used [0x0000000788500000,0x0000000788500000,0x0000000789880000)
 ParOldGen       total 85504K, used 21043K [0x00000006c0000000, 0x00000006c5380000, 0x000000076ab00000)
  object space 85504K, 24% used [0x00000006c0000000,0x00000006c148ce00,0x00000006c5380000)
 Metaspace       used 34858K, capacity 35296K, committed 35496K, reserved 1081344K
  class space    used 4414K, capacity 4521K, committed 4608K, reserved 1048576K
}
Event: 13.765 GC heap before
{Heap before GC invocations=9 (full 2):
 PSYoungGen      total 265728K, used 17579K [0x000000076ab00000, 0x0000000789880000, 0x00000007c0000000)
  eden space 247296K, 0% used [0x000000076ab00000,0x000000076ab00000,0x0000000779c80000)
  from space 18432K, 95% used [0x0000000779c80000,0x000000077adaad68,0x000000077ae80000)
  to   space 19968K, 0% used [0x0000000788500000,0x0000000788500000,0x0000000789880000)
 ParOldGen       total 85504K, used 21043K [0x00000006c0000000, 0x00000006c5380000, 0x000000076ab00000)
  object space 85504K, 24% used [0x00000006c0000000,0x00000006c148ce00,0x00000006c5380000)
 Metaspace       used 34858K, capacity 35296K, committed 35496K, reserved 1081344K
  class space    used 4414K, capacity 4521K, committed 4608K, reserved 1048576K
Event: 13.817 GC heap after
Heap after GC invocations=9 (full 2):
 PSYoungGen      total 265728K, used 0K [0x000000076ab00000, 0x0000000789880000, 0x00000007c0000000)
  eden space 247296K, 0% used [0x000000076ab00000,0x000000076ab00000,0x0000000779c80000)
  from space 18432K, 0% used [0x0000000779c80000,0x0000000779c80000,0x000000077ae80000)
  to   space 19968K, 0% used [0x0000000788500000,0x0000000788500000,0x0000000789880000)
 ParOldGen       total 134656K, used 27802K [0x00000006c0000000, 0x00000006c8380000, 0x000000076ab00000)
  object space 134656K, 20% used [0x00000006c0000000,0x00000006c1b26b00,0x00000006c8380000)
 Metaspace       used 34858K, capacity 35296K, committed 35496K, reserved 1081344K
  class space    used 4414K, capacity 4521K, committed 4608K, reserved 1048576K
}

