# JRE version: Java(TM) SE Runtime Environment (8.0_65-b17) (build 1.8.0_65-b17)
# Java VM: Java HotSpot(TM) 64-Bit Server VM (25.65-b01 mixed mode bsd-amd64 compressed oops)
Heap:
 PSYoungGen      total 268288K, used 120673K [0x000000076ab00000, 0x000000078a080000, 0x00000007c0000000)
  eden space 249344K, 48% used [0x000000076ab00000,0x00000007720d85e0,0x0000000779e80000)
  from space 18944K, 0% used [0x0000000779e80000,0x0000000779e80000,0x000000077b100000)
  to   space 19968K, 0% used [0x0000000788d00000,0x0000000788d00000,0x000000078a080000)
 ParOldGen       total 135168K, used 27827K [0x00000006c0000000, 0x00000006c8400000, 0x000000076ab00000)
  object space 135168K, 20% used [0x00000006c0000000,0x00000006c1b2cc28,0x00000006c8400000)
 Metaspace       used 42175K, capacity 42742K, committed 42880K, reserved 1087488K
  class space    used 5278K, capacity 5430K, committed 5504K, reserved 1048576K
GC Heap History (10 events):
Event: 11.531 GC heap before
{Heap before GC invocations=5 (full 1):
 PSYoungGen      total 141824K, used 10740K [0x000000076ab00000, 0x0000000774000000, 0x00000007c0000000)
  eden space 131072K, 0% used [0x000000076ab00000,0x000000076ab00000,0x0000000772b00000)
  from space 10752K, 99% used [0x0000000773580000,0x0000000773ffd138,0x0000000774000000)
  to   space 10752K, 0% used [0x0000000772b00000,0x0000000772b00000,0x0000000773580000)
 ParOldGen       total 175104K, used 2824K [0x00000006c0000000, 0x00000006cab00000, 0x000000076ab00000)
  object space 175104K, 1% used [0x00000006c0000000,0x00000006c02c22d0,0x00000006cab00000)
 Metaspace       used 20902K, capacity 21198K, committed 21296K, reserved 1069056K
  class space    used 2554K, capacity 2646K, committed 2688K, reserved 1048576K
Event: 11.562 GC heap after
Heap after GC invocations=5 (full 1):
 PSYoungGen      total 141824K, used 0K [0x000000076ab00000, 0x0000000774000000, 0x00000007c0000000)
  eden space 131072K, 0% used [0x000000076ab00000,0x000000076ab00000,0x0000000772b00000)
  from space 10752K, 0% used [0x0000000773580000,0x0000000773580000,0x0000000774000000)
  to   space 10752K, 0% used [0x0000000772b00000,0x0000000772b00000,0x0000000773580000)
 ParOldGen       total 84480K, used 11042K [0x00000006c0000000, 0x00000006c5280000, 0x000000076ab00000)
  object space 84480K, 13% used [0x00000006c0000000,0x00000006c0ac8818,0x00000006c5280000)
 Metaspace       used 20902K, capacity 21198K, committed 21296K, reserved 1069056K
  class space    used 2554K, capacity 2646K, committed 2688K, reserved 1048576K
}
Event: 12.365 GC heap before
{Heap before GC invocations=6 (full 1):
 PSYoungGen      total 141824K, used 131072K [0x000000076ab00000, 0x0000000774000000, 0x00000007c0000000)
  eden space 131072K, 100% used [0x000000076ab00000,0x0000000772b00000,0x0000000772b00000)
  from space 10752K, 0% used [0x0000000773580000,0x0000000773580000,0x0000000774000000)
  to   space 10752K, 0% used [0x0000000772b00000,0x0000000772b00000,0x0000000773580000)
 ParOldGen       total 84480K, used 11042K [0x00000006c0000000, 0x00000006c5280000, 0x000000076ab00000)
  object space 84480K, 13% used [0x00000006c0000000,0x00000006c0ac8818,0x00000006c5280000)
 Metaspace       used 27700K, capacity 28050K, committed 28416K, reserved 1075200K
  class space    used 3415K, capacity 3516K, committed 3584K, reserved 1048576K
Event: 12.378 GC heap after
Heap after GC invocations=6 (full 1):
 PSYoungGen      total 141824K, used 10738K [0x000000076ab00000, 0x000000077c580000, 0x00000007c0000000)
  eden space 131072K, 0% used [0x000000076ab00000,0x000000076ab00000,0x0000000772b00000)
  from space 10752K, 99% used [0x0000000772b00000,0x000000077357c948,0x0000000773580000)
  to   space 19456K, 0% used [0x000000077b280000,0x000000077b280000,0x000000077c580000)
 ParOldGen       total 84480K, used 21748K [0x00000006c0000000, 0x00000006c5280000, 0x000000076ab00000)
  object space 84480K, 25% used [0x00000006c0000000,0x00000006c153d120,0x00000006c5280000)
 Metaspace       used 27700K, capacity 28050K, committed 28416K, reserved 1075200K
  class space    used 3415K, capacity 3516K, committed 3584K, reserved 1048576K
}
Event: 13.096 GC heap before
{Heap before GC invocations=7 (full 1):
 PSYoungGen      total 141824K, used 141810K [0x000000076ab00000, 0x000000077c580000, 0x00000007c0000000)
  eden space 131072K, 100% used [0x000000076ab00000,0x0000000772b00000,0x0000000772b00000)
  from space 10752K, 99% used [0x0000000772b00000,0x000000077357c948,0x0000000773580000)
  to   space 19456K, 0% used [0x000000077b280000,0x000000077b280000,0x000000077c580000)
 ParOldGen       total 84480K, used 21748K [0x00000006c0000000, 0x00000006c5280000, 0x000000076ab00000)
  object space 84480K, 25% used [0x00000006c0000000,0x00000006c153d120,0x00000006c5280000)
 Metaspace       used 31257K, capacity 31682K, committed 32000K, reserved 1077248K
  class space    used 3884K, capacity 4004K, committed 4096K, reserved 1048576K
Event: 13.108 GC heap after
Heap after GC invocations=7 (full 1):
 PSYoungGen      total 266752K, used 12552K [0x000000076ab00000, 0x000000077c380000, 0x00000007c0000000)
  eden space 249344K, 0% used [0x000000076ab00000,0x000000076ab00000,0x0000000779e80000)
  from space 17408K, 72% used [0x000000077b280000,0x000000077bec2210,0x000000077c380000)
  to   space 18944K, 0% used [0x0000000779e80000,0x0000000779e80000,0x000000077b100000)
 ParOldGen       total 84480K, used 21756K [0x00000006c0000000, 0x00000006c5280000, 0x000000076ab00000)
  object space 84480K, 25% used [0x00000006c0000000,0x00000006c153f120,0x00000006c5280000)
 Metaspace       used 31257K, capacity 31682K, committed 32000K, reserved 1077248K
  class space    used 3884K, capacity 4004K, committed 4096K, reserved 1048576K
}
Event: 13.732 GC heap before
{Heap before GC invocations=8 (full 1):
 PSYoungGen      total 266752K, used 149814K [0x000000076ab00000, 0x000000077c380000, 0x00000007c0000000)
  eden space 249344K, 55% used [0x000000076ab00000,0x000000077310b750,0x0000000779e80000)
  from space 17408K, 72% used [0x000000077b280000,0x000000077bec2210,0x000000077c380000)
  to   space 18944K, 0% used [0x0000000779e80000,0x0000000779e80000,0x000000077b100000)
 ParOldGen       total 84480K, used 21756K [0x00000006c0000000, 0x00000006c5280000, 0x000000076ab00000)
  object space 84480K, 25% used [0x00000006c0000000,0x00000006c153f120,0x00000006c5280000)
 Metaspace       used 34875K, capacity 35296K, committed 35496K, reserved 1081344K
  class space    used 4412K, capacity 4521K, committed 4608K, reserved 1048576K
Event: 13.747 GC heap after
Heap after GC invocations=8 (full 1):
 PSYoungGen      total 268288K, used 17512K [0x000000076ab00000, 0x000000078a080000, 0x00000007c0000000)
  eden space 249344K, 0% used [0x000000076ab00000,0x000000076ab00000,0x0000000779e80000)
  from space 18944K, 92% used [0x0000000779e80000,0x000000077af9a168,0x000000077b100000)
  to   space 19968K, 0% used [0x0000000788d00000,0x0000000788d00000,0x000000078a080000)
 ParOldGen       total 84480K, used 21764K [0x00000006c0000000, 0x00000006c5280000, 0x000000076ab00000)
  object space 84480K, 25% used [0x00000006c0000000,0x00000006c1541120,0x00000006c5280000)
 Metaspace       used 34875K, capacity 35296K, committed 35496K, reserved 1081344K
  class space    used 4412K, capacity 4521K, committed 4608K, reserved 1048576K
}
Event: 13.747 GC heap before
{Heap before GC invocations=9 (full 2):
 PSYoungGen      total 268288K, used 17512K [0x000000076ab00000, 0x000000078a080000, 0x00000007c0000000)
  eden space 249344K, 0% used [0x000000076ab00000,0x000000076ab00000,0x0000000779e80000)
  from space 18944K, 92% used [0x0000000779e80000,0x000000077af9a168,0x000000077b100000)
  to   space 19968K, 0% used [0x0000000788d00000,0x0000000788d00000,0x000000078a080000)
 ParOldGen       total 84480K, used 21764K [0x00000006c0000000, 0x00000006c5280000, 0x000000076ab00000)
  object space 84480K, 25% used [0x00000006c0000000,0x00000006c1541120,0x00000006c5280000)
 Metaspace       used 34875K, capacity 35296K, committed 35496K, reserved 1081344K
  class space    used 4412K, capacity 4521K, committed 4608K, reserved 1048576K
Event: 13.812 GC heap after
Heap after GC invocations=9 (full 2):
 PSYoungGen      total 268288K, used 0K [0x000000076ab00000, 0x000000078a080000, 0x00000007c0000000)
  eden space 249344K, 0% used [0x000000076ab00000,0x000000076ab00000,0x0000000779e80000)
  from space 18944K, 0% used [0x0000000779e80000,0x0000000779e80000,0x000000077b100000)
  to   space 19968K, 0% used [0x0000000788d00000,0x0000000788d00000,0x000000078a080000)
 ParOldGen       total 135168K, used 27827K [0x00000006c0000000, 0x00000006c8400000, 0x000000076ab00000)
  object space 135168K, 20% used [0x00000006c0000000,0x00000006c1b2cc28,0x00000006c8400000)
 Metaspace       used 34875K, capacity 35296K, committed 35496K, reserved 1081344K
  class space    used 4412K, capacity 4521K, committed 4608K, reserved 1048576K
}

