# JRE version: Java(TM) SE Runtime Environment (8.0_65-b17) (build 1.8.0_65-b17)
# Java VM: Java HotSpot(TM) 64-Bit Server VM (25.65-b01 mixed mode bsd-amd64 compressed oops)
Heap:
 PSYoungGen      total 268288K, used 85676K [0x000000076ab00000, 0x000000078a200000, 0x00000007c0000000)
  eden space 249856K, 34% used [0x000000076ab00000,0x000000076feab358,0x0000000779f00000)
  from space 18432K, 0% used [0x0000000779f00000,0x0000000779f00000,0x000000077b100000)
  to   space 19968K, 0% used [0x0000000788e80000,0x0000000788e80000,0x000000078a200000)
 ParOldGen       total 131584K, used 27806K [0x00000006c0000000, 0x00000006c8080000, 0x000000076ab00000)
  object space 131584K, 21% used [0x00000006c0000000,0x00000006c1b27bf8,0x00000006c8080000)
 Metaspace       used 39048K, capacity 39488K, committed 39680K, reserved 1083392K
  class space    used 4893K, capacity 5013K, committed 5120K, reserved 1048576K
GC Heap History (10 events):
Event: 11.606 GC heap before
{Heap before GC invocations=5 (full 1):
 PSYoungGen      total 141824K, used 10742K [0x000000076ab00000, 0x0000000774000000, 0x00000007c0000000)
  eden space 131072K, 0% used [0x000000076ab00000,0x000000076ab00000,0x0000000772b00000)
  from space 10752K, 99% used [0x0000000773580000,0x0000000773ffdb40,0x0000000774000000)
  to   space 10752K, 0% used [0x0000000772b00000,0x0000000772b00000,0x0000000773580000)
 ParOldGen       total 175104K, used 3061K [0x00000006c0000000, 0x00000006cab00000, 0x000000076ab00000)
  object space 175104K, 1% used [0x00000006c0000000,0x00000006c02fd5a8,0x00000006cab00000)
 Metaspace       used 20910K, capacity 21198K, committed 21296K, reserved 1069056K
  class space    used 2553K, capacity 2646K, committed 2688K, reserved 1048576K
Event: 11.639 GC heap after
Heap after GC invocations=5 (full 1):
 PSYoungGen      total 141824K, used 0K [0x000000076ab00000, 0x0000000774000000, 0x00000007c0000000)
  eden space 131072K, 0% used [0x000000076ab00000,0x000000076ab00000,0x0000000772b00000)
  from space 10752K, 0% used [0x0000000773580000,0x0000000773580000,0x0000000774000000)
  to   space 10752K, 0% used [0x0000000772b00000,0x0000000772b00000,0x0000000773580000)
 ParOldGen       total 84480K, used 11039K [0x00000006c0000000, 0x00000006c5280000, 0x000000076ab00000)
  object space 84480K, 13% used [0x00000006c0000000,0x00000006c0ac7ed0,0x00000006c5280000)
 Metaspace       used 20910K, capacity 21198K, committed 21296K, reserved 1069056K
  class space    used 2553K, capacity 2646K, committed 2688K, reserved 1048576K
}
Event: 12.450 GC heap before
{Heap before GC invocations=6 (full 1):
 PSYoungGen      total 141824K, used 131072K [0x000000076ab00000, 0x0000000774000000, 0x00000007c0000000)
  eden space 131072K, 100% used [0x000000076ab00000,0x0000000772b00000,0x0000000772b00000)
  from space 10752K, 0% used [0x0000000773580000,0x0000000773580000,0x0000000774000000)
  to   space 10752K, 0% used [0x0000000772b00000,0x0000000772b00000,0x0000000773580000)
 ParOldGen       total 84480K, used 11039K [0x00000006c0000000, 0x00000006c5280000, 0x000000076ab00000)
  object space 84480K, 13% used [0x00000006c0000000,0x00000006c0ac7ed0,0x00000006c5280000)
 Metaspace       used 27706K, capacity 28050K, committed 28416K, reserved 1075200K
  class space    used 3412K, capacity 3516K, committed 3584K, reserved 1048576K
Event: 12.473 GC heap after
Heap after GC invocations=6 (full 1):
 PSYoungGen      total 141824K, used 10729K [0x000000076ab00000, 0x000000077c500000, 0x00000007c0000000)
  eden space 131072K, 0% used [0x000000076ab00000,0x000000076ab00000,0x0000000772b00000)
  from space 10752K, 99% used [0x0000000772b00000,0x000000077357a788,0x0000000773580000)
  to   space 18944K, 0% used [0x000000077b280000,0x000000077b280000,0x000000077c500000)
 ParOldGen       total 84480K, used 20969K [0x00000006c0000000, 0x00000006c5280000, 0x000000076ab00000)
  object space 84480K, 24% used [0x00000006c0000000,0x00000006c147a4b8,0x00000006c5280000)
 Metaspace       used 27706K, capacity 28050K, committed 28416K, reserved 1075200K
  class space    used 3412K, capacity 3516K, committed 3584K, reserved 1048576K
}
Event: 13.165 GC heap before
{Heap before GC invocations=7 (full 1):
 PSYoungGen      total 141824K, used 141801K [0x000000076ab00000, 0x000000077c500000, 0x00000007c0000000)
  eden space 131072K, 100% used [0x000000076ab00000,0x0000000772b00000,0x0000000772b00000)
  from space 10752K, 99% used [0x0000000772b00000,0x000000077357a788,0x0000000773580000)
  to   space 18944K, 0% used [0x000000077b280000,0x000000077b280000,0x000000077c500000)
 ParOldGen       total 84480K, used 20969K [0x00000006c0000000, 0x00000006c5280000, 0x000000076ab00000)
  object space 84480K, 24% used [0x00000006c0000000,0x00000006c147a4b8,0x00000006c5280000)
 Metaspace       used 31238K, capacity 31682K, committed 32000K, reserved 1077248K
  class space    used 3881K, capacity 4004K, committed 4096K, reserved 1048576K
Event: 13.178 GC heap after
Heap after GC invocations=7 (full 1):
 PSYoungGen      total 266752K, used 12440K [0x000000076ab00000, 0x000000077c300000, 0x00000007c0000000)
  eden space 249856K, 0% used [0x000000076ab00000,0x000000076ab00000,0x0000000779f00000)
  from space 16896K, 73% used [0x000000077b280000,0x000000077bea6258,0x000000077c300000)
  to   space 18432K, 0% used [0x0000000779f00000,0x0000000779f00000,0x000000077b100000)
 ParOldGen       total 84480K, used 20977K [0x00000006c0000000, 0x00000006c5280000, 0x000000076ab00000)
  object space 84480K, 24% used [0x00000006c0000000,0x00000006c147c4b8,0x00000006c5280000)
 Metaspace       used 31238K, capacity 31682K, committed 32000K, reserved 1077248K
  class space    used 3881K, capacity 4004K, committed 4096K, reserved 1048576K
}
Event: 13.818 GC heap before
{Heap before GC invocations=8 (full 1):
 PSYoungGen      total 266752K, used 152088K [0x000000076ab00000, 0x000000077c300000, 0x00000007c0000000)
  eden space 249856K, 55% used [0x000000076ab00000,0x000000077335fe50,0x0000000779f00000)
  from space 16896K, 73% used [0x000000077b280000,0x000000077bea6258,0x000000077c300000)
  to   space 18432K, 0% used [0x0000000779f00000,0x0000000779f00000,0x000000077b100000)
 ParOldGen       total 84480K, used 20977K [0x00000006c0000000, 0x00000006c5280000, 0x000000076ab00000)
  object space 84480K, 24% used [0x00000006c0000000,0x00000006c147c4b8,0x00000006c5280000)
 Metaspace       used 34872K, capacity 35296K, committed 35496K, reserved 1081344K
  class space    used 4410K, capacity 4521K, committed 4608K, reserved 1048576K
Event: 13.833 GC heap after
Heap after GC invocations=8 (full 1):
 PSYoungGen      total 268288K, used 17570K [0x000000076ab00000, 0x000000078a200000, 0x00000007c0000000)
  eden space 249856K, 0% used [0x000000076ab00000,0x000000076ab00000,0x0000000779f00000)
  from space 18432K, 95% used [0x0000000779f00000,0x000000077b028818,0x000000077b100000)
  to   space 19968K, 0% used [0x0000000788e80000,0x0000000788e80000,0x000000078a200000)
 ParOldGen       total 84480K, used 20985K [0x00000006c0000000, 0x00000006c5280000, 0x000000076ab00000)
  object space 84480K, 24% used [0x00000006c0000000,0x00000006c147e4b8,0x00000006c5280000)
 Metaspace       used 34872K, capacity 35296K, committed 35496K, reserved 1081344K
  class space    used 4410K, capacity 4521K, committed 4608K, reserved 1048576K
}
Event: 13.833 GC heap before
{Heap before GC invocations=9 (full 2):
 PSYoungGen      total 268288K, used 17570K [0x000000076ab00000, 0x000000078a200000, 0x00000007c0000000)
  eden space 249856K, 0% used [0x000000076ab00000,0x000000076ab00000,0x0000000779f00000)
  from space 18432K, 95% used [0x0000000779f00000,0x000000077b028818,0x000000077b100000)
  to   space 19968K, 0% used [0x0000000788e80000,0x0000000788e80000,0x000000078a200000)
 ParOldGen       total 84480K, used 20985K [0x00000006c0000000, 0x00000006c5280000, 0x000000076ab00000)
  object space 84480K, 24% used [0x00000006c0000000,0x00000006c147e4b8,0x00000006c5280000)
 Metaspace       used 34872K, capacity 35296K, committed 35496K, reserved 1081344K
  class space    used 4410K, capacity 4521K, committed 4608K, reserved 1048576K
Event: 13.890 GC heap after
Heap after GC invocations=9 (full 2):
 PSYoungGen      total 268288K, used 0K [0x000000076ab00000, 0x000000078a200000, 0x00000007c0000000)
  eden space 249856K, 0% used [0x000000076ab00000,0x000000076ab00000,0x0000000779f00000)
  from space 18432K, 0% used [0x0000000779f00000,0x0000000779f00000,0x000000077b100000)
  to   space 19968K, 0% used [0x0000000788e80000,0x0000000788e80000,0x000000078a200000)
 ParOldGen       total 131584K, used 27806K [0x00000006c0000000, 0x00000006c8080000, 0x000000076ab00000)
  object space 131584K, 21% used [0x00000006c0000000,0x00000006c1b27bf8,0x00000006c8080000)
 Metaspace       used 34872K, capacity 35296K, committed 35496K, reserved 1081344K
  class space    used 4410K, capacity 4521K, committed 4608K, reserved 1048576K
}

